#
# There is insufficient memory for the Java Runtime Environment to continue.
# Native memory allocation (mmap) failed to map 260046848 bytes for G1 virtual space
# Possible reasons:
#   The system is out of physical RAM or swap space
#   The process is running with CompressedOops enabled, and the Java Heap may be blocking the growth of the native heap
# Possible solutions:
#   Reduce memory load on the system
#   Increase physical memory or swap space
#   Check if swap backing store is full
#   Decrease Java heap size (-Xmx/-Xms)
#   Decrease number of Java threads
#   Decrease Java thread stack sizes (-Xss)
#   Set larger code cache with -XX:ReservedCodeCacheSize=
#   JVM is running with Zero Based Compressed Oops mode in which the Java heap is
#     placed in the first 32GB address space. The Java Heap base address is the
#     maximum limit for the native heap growth. Please use -XX:HeapBaseMinAddress
#     to set the Java Heap base and to place the Java Heap above 32GB virtual address.
# This output file may be truncated or incomplete.
#
#  Out of Memory Error (./open/src/hotspot/os/windows/os_windows.cpp:3321), pid=15904, tid=18936
#
# JRE version:  (15.0.2+7) (build )
# Java VM: OpenJDK 64-Bit Server VM (15.0.2+7-27, mixed mode, sharing, tiered, compressed oops, g1 gc, windows-amd64)
# No core dump will be written. Minidumps are not enabled by default on client versions of Windows
#

---------------  S U M M A R Y ------------

Command Line: -Dfile.encoding=UTF-8 -XX:+ShowCodeDetailsInExceptionMessages test.MainClass

Host: AMD Ryzen 9 4900H with Radeon Graphics         , 16 cores, 15G,  Windows 10 , 64 bit Build 19041 (10.0.19041.928)
Time: Mon Jun  7 19:05:40 2021 GMT Summer Time elapsed time: 0.007638 seconds (0d 0h 0m 0s)

---------------  T H R E A D  ---------------

Current thread (0x00000215e0621c80):  JavaThread "Unknown thread" [_thread_in_vm, id=18936, stack(0x000000dadd500000,0x000000dadd600000)]

Stack: [0x000000dadd500000,0x000000dadd600000]
Native frames: (J=compiled Java code, j=interpreted, Vv=VM code, C=native code)
V  [jvm.dll+0x62ae9a]
V  [jvm.dll+0x7817a9]
V  [jvm.dll+0x782f03]
V  [jvm.dll+0x783563]
V  [jvm.dll+0x216325]
V  [jvm.dll+0x6281d9]
V  [jvm.dll+0x61cf55]
V  [jvm.dll+0x2cffdd]
V  [jvm.dll+0x2cfe42]
V  [jvm.dll+0x2d5e1c]
V  [jvm.dll+0x32590a]
V  [jvm.dll+0x324fd4]
V  [jvm.dll+0x2a6f5a]
V  [jvm.dll+0x2a80f8]
V  [jvm.dll+0x75e241]
V  [jvm.dll+0x3341c4]
V  [jvm.dll+0x73e926]
V  [jvm.dll+0x3b7557]
V  [jvm.dll+0x3b8fe1]
C  [jli.dll+0x52fb]
C  [ucrtbase.dll+0x21bb2]
C  [KERNEL32.DLL+0x17034]
C  [ntdll.dll+0x52651]


---------------  P R O C E S S  ---------------

Threads class SMR info:
_java_thread_list=0x00007ff840c74ff0, length=0, elements={
}

Java Threads: ( => current thread )

Other Threads:
  0x00000215e0672710 GCTaskThread "GC Thread#0" [stack: 0x000000dadd600000,0x000000dadd700000] [id=19376]
  0x00000215e0684fd0 ConcurrentGCThread "G1 Main Marker" [stack: 0x000000dadd700000,0x000000dadd800000] [id=17048]
  0x00000215e0688200 ConcurrentGCThread "G1 Conc#0" [stack: 0x000000dadd800000,0x000000dadd900000] [id=15232]

[error occurred during error reporting (printing all threads), id 0xc0000005, EXCEPTION_ACCESS_VIOLATION (0xc0000005) at pc=0x00007ff840467e27]

VM state: not at safepoint (not fully initialized)

VM Mutex/Monitor currently owned by a thread:  ([mutex/lock_event])
[0x00000215e061d9f0] Heap_lock - owner thread: 0x00000215e0621c80

Heap address: 0x0000000709400000, size: 3948 MB, Compressed Oops mode: Zero based, Oop shift amount: 3
CDS archive(s) mapped at: [0x0000000000000000-0x0000000000000000-0x0000000000000000), size 0, SharedBaseAddress: 0x0000000800000000, ArchiveRelocationMode: 0.
Narrow klass base: 0x0000000000000000, Narrow klass shift: 0, Narrow klass range: 0x0

Heap:
 garbage-first heap   total 253952K, used 0K [0x0000000709400000, 0x0000000800000000)
  region size 2048K, 0 young (0K), 0 survivors (0K)
 Metaspace       used 0K, capacity 0K, committed 0K, reserved 0K
  class space    used 0K, capacity 0K, committed 0K, reserved 0K

Heap Regions: E=young(eden), S=young(survivor), O=old, HS=humongous(starts), HC=humongous(continues), CS=collection set, F=free, OA=open archive, CA=closed archive, TAMS=top-at-mark-start (previous, next)

Card table byte_map: [0x00000215f4080000,0x00000215f4840000] _byte_map_base: 0x00000215f0836000

Marking Bits (Prev, Next): (CMBitMap*) 0x00000215e0673ea0, (CMBitMap*) 0x00000215e0673ee0
 Prev Bits: [0x00000215f5000000, 0x00000215f8db0000)
 Next Bits: [0x00000215f8db0000, 0x00000215fcb60000)

GC Heap History (0 events):
No events

Deoptimization events (0 events):
No events

Classes unloaded (0 events):
No events

Classes redefined (0 events):
No events

Internal exceptions (0 events):
No events

Events (1 events):
Event: 0.004 Loaded shared library C:\Users\spiro\.p2\pool\plugins\org.eclipse.justj.openjdk.hotspot.jre.full.win32.x86_64_15.0.2.v20210201-0955\jre\bin\java.dll


Dynamic libraries:
0x00007ff76e740000 - 0x00007ff76e74d000 	C:\Users\spiro\.p2\pool\plugins\org.eclipse.justj.openjdk.hotspot.jre.full.win32.x86_64_15.0.2.v20210201-0955\jre\bin\javaw.exe
0x00007ff8cd790000 - 0x00007ff8cd985000 	C:\WINDOWS\SYSTEM32\ntdll.dll
0x00007ff8cd510000 - 0x00007ff8cd5cd000 	C:\WINDOWS\System32\KERNEL32.DLL
0x00007ff8cb410000 - 0x00007ff8cb6d8000 	C:\WINDOWS\System32\KERNELBASE.dll
0x00007ff8cb310000 - 0x00007ff8cb410000 	C:\WINDOWS\System32\ucrtbase.dll
0x00007ff8c69c0000 - 0x00007ff8c69d8000 	C:\Users\spiro\.p2\pool\plugins\org.eclipse.justj.openjdk.hotspot.jre.full.win32.x86_64_15.0.2.v20210201-0955\jre\bin\jli.dll
0x00007ff8bc350000 - 0x00007ff8bc369000 	C:\Users\spiro\.p2\pool\plugins\org.eclipse.justj.openjdk.hotspot.jre.full.win32.x86_64_15.0.2.v20210201-0955\jre\bin\VCRUNTIME140.dll
0x00007ff8cd2d0000 - 0x00007ff8cd470000 	C:\WINDOWS\System32\USER32.dll
0x00007ff8cb060000 - 0x00007ff8cb082000 	C:\WINDOWS\System32\win32u.dll
0x00007ff8cc0d0000 - 0x00007ff8cc0fa000 	C:\WINDOWS\System32\GDI32.dll
0x00007ff8b7ce0000 - 0x00007ff8b7f7a000 	C:\WINDOWS\WinSxS\amd64_microsoft.windows.common-controls_6595b64144ccf1df_6.0.19041.844_none_ca00b6081b84eb1d\COMCTL32.dll
0x00007ff8caed0000 - 0x00007ff8cafdb000 	C:\WINDOWS\System32\gdi32full.dll
0x00007ff8cd470000 - 0x00007ff8cd50e000 	C:\WINDOWS\System32\msvcrt.dll
0x00007ff8cb240000 - 0x00007ff8cb2dd000 	C:\WINDOWS\System32\msvcp_win.dll
0x00007ff8cbc70000 - 0x00007ff8cbca0000 	C:\WINDOWS\System32\IMM32.DLL
0x00007ff8c5890000 - 0x00007ff8c589c000 	C:\Users\spiro\.p2\pool\plugins\org.eclipse.justj.openjdk.hotspot.jre.full.win32.x86_64_15.0.2.v20210201-0955\jre\bin\vcruntime140_1.dll
0x00007ff87fa00000 - 0x00007ff87fa91000 	C:\Users\spiro\.p2\pool\plugins\org.eclipse.justj.openjdk.hotspot.jre.full.win32.x86_64_15.0.2.v20210201-0955\jre\bin\msvcp140.dll
0x00007ff8401b0000 - 0x00007ff840d0e000 	C:\Users\spiro\.p2\pool\plugins\org.eclipse.justj.openjdk.hotspot.jre.full.win32.x86_64_15.0.2.v20210201-0955\jre\bin\server\jvm.dll
0x00007ff8cbbb0000 - 0x00007ff8cbc5c000 	C:\WINDOWS\System32\ADVAPI32.dll
0x00007ff8cb850000 - 0x00007ff8cb8eb000 	C:\WINDOWS\System32\sechost.dll
0x00007ff8cc650000 - 0x00007ff8cc77b000 	C:\WINDOWS\System32\RPCRT4.dll
0x00007ff8cbd50000 - 0x00007ff8cbd58000 	C:\WINDOWS\System32\PSAPI.DLL
0x00007ff8b64f0000 - 0x00007ff8b64f9000 	C:\WINDOWS\SYSTEM32\WSOCK32.dll
0x00007ff8cd630000 - 0x00007ff8cd69b000 	C:\WINDOWS\System32\WS2_32.dll
0x00007ff8c2fa0000 - 0x00007ff8c2faa000 	C:\WINDOWS\SYSTEM32\VERSION.dll
0x00007ff8c0ea0000 - 0x00007ff8c0ec7000 	C:\WINDOWS\SYSTEM32\WINMM.dll
0x00007ff8c8e20000 - 0x00007ff8c8e32000 	C:\WINDOWS\SYSTEM32\kernel.appcore.dll
0x00007ff8bc960000 - 0x00007ff8bc96a000 	C:\Users\spiro\.p2\pool\plugins\org.eclipse.justj.openjdk.hotspot.jre.full.win32.x86_64_15.0.2.v20210201-0955\jre\bin\jimage.dll
0x00007ff8b5b50000 - 0x00007ff8b5d34000 	C:\WINDOWS\SYSTEM32\DBGHELP.DLL
0x00007ff8b5070000 - 0x00007ff8b509c000 	C:\WINDOWS\SYSTEM32\dbgcore.DLL
0x00007ff8cafe0000 - 0x00007ff8cb060000 	C:\WINDOWS\System32\bcryptPrimitives.dll
0x00007ff8ae430000 - 0x00007ff8ae455000 	C:\Users\spiro\.p2\pool\plugins\org.eclipse.justj.openjdk.hotspot.jre.full.win32.x86_64_15.0.2.v20210201-0955\jre\bin\java.dll

dbghelp: loaded successfully - version: 4.0.5 - missing functions: none
symbol engine: initialized successfully - sym options: 0x614 - pdb path: .;C:\Users\spiro\.p2\pool\plugins\org.eclipse.justj.openjdk.hotspot.jre.full.win32.x86_64_15.0.2.v20210201-0955\jre\bin;C:\WINDOWS\SYSTEM32;C:\WINDOWS\WinSxS\amd64_microsoft.windows.common-controls_6595b64144ccf1df_6.0.19041.844_none_ca00b6081b84eb1d;C:\Users\spiro\.p2\pool\plugins\org.eclipse.justj.openjdk.hotspot.jre.full.win32.x86_64_15.0.2.v20210201-0955\jre\bin\server

VM Arguments:
jvm_args: -Dfile.encoding=UTF-8 -XX:+ShowCodeDetailsInExceptionMessages 
java_command: test.MainClass
java_class_path (initial): C:\Users\spiro\eclipse-workspace\Assignment\bin;C:\Users\spiro\Downloads\TurtleGraphics.jar
Launcher Type: SUN_STANDARD

[Global flags]
     intx CICompilerCount                          = 12                                        {product} {ergonomic}
     uint ConcGCThreads                            = 3                                         {product} {ergonomic}
     uint G1ConcRefinementThreads                  = 13                                        {product} {ergonomic}
   size_t G1HeapRegionSize                         = 2097152                                   {product} {ergonomic}
    uintx GCDrainStackTargetSize                   = 64                                        {product} {ergonomic}
   size_t InitialHeapSize                          = 260046848                                 {product} {ergonomic}
   size_t MarkStackSize                            = 4194304                                   {product} {ergonomic}
   size_t MaxHeapSize                              = 4139778048                                {product} {ergonomic}
   size_t MinHeapDeltaBytes                        = 2097152                                   {product} {ergonomic}
   size_t MinHeapSize                              = 8388608                                   {product} {ergonomic}
    uintx NonNMethodCodeHeapSize                   = 7602480                                {pd product} {ergonomic}
    uintx NonProfiledCodeHeapSize                  = 122027880                              {pd product} {ergonomic}
    uintx ProfiledCodeHeapSize                     = 122027880                              {pd product} {ergonomic}
    uintx ReservedCodeCacheSize                    = 251658240                              {pd product} {ergonomic}
     bool SegmentedCodeCache                       = true                                      {product} {ergonomic}
     bool ShowCodeDetailsInExceptionMessages       = true                                   {manageable} {command line}
   size_t SoftMaxHeapSize                          = 4139778048                             {manageable} {ergonomic}
     bool UseCompressedClassPointers               = true                                 {lp64_product} {ergonomic}
     bool UseCompressedOops                        = true                                 {lp64_product} {ergonomic}
     bool UseG1GC                                  = true                                      {product} {ergonomic}
     bool UseLargePagesIndividualAllocation        = false                                  {pd product} {ergonomic}

Logging:
Log output configuration:
 #0: stdout all=warning uptime,level,tags
 #1: stderr all=off uptime,level,tags

Environment Variables:
PATH=C:/Users/spiro/.p2/pool/plugins/org.eclipse.justj.openjdk.hotspot.jre.full.win32.x86_64_15.0.2.v20210201-0955/jre/bin/server;C:/Users/spiro/.p2/pool/plugins/org.eclipse.justj.openjdk.hotspot.jre.full.win32.x86_64_15.0.2.v20210201-0955/jre/bin;C:\Program Files\Python38\Scripts\;C:\Program Files\Python38\;C:\Python39\Scripts\;C:\Python39\;C:\Windows\system32;C:\Windows;C:\Windows\System32\Wbem;C:\Windows\System32\WindowsPowerShell\v1.0\;C:\Windows\System32\OpenSSH\;C:\Program Files (x86)\NVIDIA Corporation\PhysX\Common;C:\Program Files\NVIDIA Corporation\NVIDIA NvDLISR;C:\Program Files\nodejs\;C:\ProgramData\chocolatey\bin;C:\Program Files\dotnet\;%SystemRoot%\system32;%SystemRoot%;%SystemRoot%\System32\Wbem;%SYSTEMROOT%\System32\WindowsPowerShell\v1.0\;%SYSTEMROOT%\System32\OpenSSH\;C:\Users\spiro\AppData\Local\Microsoft\WindowsApps;;C:\Users\spiro\AppData\Local\Programs\Microsoft VS Code\bin;C:\Users\spiro\AppData\Roaming\npm;C:\Users\spiro\.dotnet\tools;C:\Users\spiro\OneDrive\Desktop;
USERNAME=spiro
OS=Windows_NT
PROCESSOR_IDENTIFIER=AMD64 Family 23 Model 96 Stepping 1, AuthenticAMD



---------------  S Y S T E M  ---------------

OS:
 Windows 10 , 64 bit Build 19041 (10.0.19041.928)
OS uptime: 2 days 1:04 hours

CPU: total 16 (initial active 16) (16 cores per cpu, 2 threads per core) family 23 model 96 stepping 1 microcode 0x0, cmov, cx8, fxsr, mmx, sse, sse2, sse3, ssse3, sse4.1, sse4.2, popcnt, vzeroupper, avx, avx2, aes, clmul, 3dnowpref, lzcnt, sse4a, ht, tsc, tscinvbit, tscinv, bmi1, bmi2, adx, sha, fma, clflush, clflushopt

Memory: 4k page, system-wide physical 15789M (5430M free)
TotalPageFile size 25789M (AvailPageFile size 119M)
current process WorkingSet (physical memory assigned to process): 10M, peak: 10M
current process commit charge ("private bytes"): 70M, peak: 318M

vm_info: OpenJDK 64-Bit Server VM (15.0.2+7-27) for windows-amd64 JRE (15.0.2+7-27), built on Dec  7 2020 20:02:38 by "mach5one" with unknown MS VC++:1925

END.
