#
# There is insufficient memory for the Java Runtime Environment to continue.
# Native memory allocation (malloc) failed to allocate 32744 bytes for ChunkPool::allocate
# Possible reasons:
#   The system is out of physical RAM or swap space
#   The process is running with CompressedOops enabled, and the Java Heap may be blocking the growth of the native heap
# Possible solutions:
#   Reduce memory load on the system
#   Increase physical memory or swap space
#   Check if swap backing store is full
#   Decrease Java heap size (-Xmx/-Xms)
#   Decrease number of Java threads
#   Decrease Java thread stack sizes (-Xss)
#   Set larger code cache with -XX:ReservedCodeCacheSize=
#   JVM is running with Zero Based Compressed Oops mode in which the Java heap is
#     placed in the first 32GB address space. The Java Heap base address is the
#     maximum limit for the native heap growth. Please use -XX:HeapBaseMinAddress
#     to set the Java Heap base and to place the Java Heap above 32GB virtual address.
# This output file may be truncated or incomplete.
#
#  Out of Memory Error (./open/src/hotspot/share/memory/arena.cpp:79), pid=8384, tid=22672
#
# JRE version: OpenJDK Runtime Environment (15.0.2+7) (build 15.0.2+7-27)
# Java VM: OpenJDK 64-Bit Server VM (15.0.2+7-27, mixed mode, tiered, compressed oops, g1 gc, windows-amd64)
# No core dump will be written. Minidumps are not enabled by default on client versions of Windows
#

---------------  S U M M A R Y ------------

Command Line: -Dfile.encoding=UTF-8 -XX:+ShowCodeDetailsInExceptionMessages test.MainClass

Host: AMD Ryzen 9 4900H with Radeon Graphics         , 16 cores, 15G,  Windows 10 , 64 bit Build 19041 (10.0.19041.928)
Time: Sun Jun  6 19:16:13 2021 GMT Summer Time elapsed time: 16.916246 seconds (0d 0h 0m 16s)

---------------  T H R E A D  ---------------

Current thread (0x00000218ccb811d0):  JavaThread "C2 CompilerThread2" daemon [_thread_in_native, id=22672, stack(0x0000004dcaf00000,0x0000004dcb000000)]


Current CompileTask:
C2:  16916 2262   !   4       javax.swing.RepaintManager::addDirtyRegion0 (205 bytes)

Stack: [0x0000004dcaf00000,0x0000004dcb000000]
Native frames: (J=compiled Java code, j=interpreted, Vv=VM code, C=native code)
V  [jvm.dll+0x62ae9a]
V  [jvm.dll+0x7817a9]
V  [jvm.dll+0x782f03]
V  [jvm.dll+0x783563]
V  [jvm.dll+0x216325]
V  [jvm.dll+0x982cf]
V  [jvm.dll+0x980ad]
V  [jvm.dll+0x609d14]
V  [jvm.dll+0x6552ca]
V  [jvm.dll+0x18e47d]
V  [jvm.dll+0x1ea822]
V  [jvm.dll+0x1e996e]
V  [jvm.dll+0x178567]
V  [jvm.dll+0x1f9225]
V  [jvm.dll+0x1f72cc]
V  [jvm.dll+0x74495d]
V  [jvm.dll+0x73d75a]
V  [jvm.dll+0x629c56]
C  [ucrtbase.dll+0x21bb2]
C  [KERNEL32.DLL+0x17034]
C  [ntdll.dll+0x52651]


---------------  P R O C E S S  ---------------

Threads class SMR info:
_java_thread_list=0x00000218d46a46f0, length=19, elements={
0x00000218cb95de50, 0x00000218cb95e710, 0x00000218cb96dfa0, 0x00000218cb96e860,
0x00000218cc239690, 0x00000218cc23e2a0, 0x00000218cc2407c0, 0x00000218cc2441d0,
0x00000218cc3ea000, 0x00000218cc3f20b0, 0x00000218cc823ce0, 0x00000218cc816fa0,
0x00000218cc41f840, 0x00000218d4489f70, 0x00000218ac390cf0, 0x00000218cc424030,
0x00000218d4659030, 0x00000218ccb7e950, 0x00000218ccb811d0
}

Java Threads: ( => current thread )
  0x00000218cb95de50 JavaThread "Reference Handler" daemon [_thread_blocked, id=15232, stack(0x0000004dc8800000,0x0000004dc8900000)]
  0x00000218cb95e710 JavaThread "Finalizer" daemon [_thread_blocked, id=4608, stack(0x0000004dc8900000,0x0000004dc8a00000)]
  0x00000218cb96dfa0 JavaThread "Signal Dispatcher" daemon [_thread_blocked, id=9528, stack(0x0000004dc8a00000,0x0000004dc8b00000)]
  0x00000218cb96e860 JavaThread "Attach Listener" daemon [_thread_blocked, id=8912, stack(0x0000004dc8b00000,0x0000004dc8c00000)]
  0x00000218cc239690 JavaThread "Service Thread" daemon [_thread_blocked, id=13880, stack(0x0000004dc8c00000,0x0000004dc8d00000)]
  0x00000218cc23e2a0 JavaThread "C2 CompilerThread0" daemon [_thread_blocked, id=18416, stack(0x0000004dc8d00000,0x0000004dc8e00000)]
  0x00000218cc2407c0 JavaThread "C1 CompilerThread0" daemon [_thread_blocked, id=17812, stack(0x0000004dc8e00000,0x0000004dc8f00000)]
  0x00000218cc2441d0 JavaThread "Sweeper thread" daemon [_thread_blocked, id=17676, stack(0x0000004dc8f00000,0x0000004dc9000000)]
  0x00000218cc3ea000 JavaThread "Notification Thread" daemon [_thread_blocked, id=4264, stack(0x0000004dc9200000,0x0000004dc9300000)]
  0x00000218cc3f20b0 JavaThread "Common-Cleaner" daemon [_thread_blocked, id=8924, stack(0x0000004dc9400000,0x0000004dc9500000)]
  0x00000218cc823ce0 JavaThread "Java2D Disposer" daemon [_thread_blocked, id=4756, stack(0x0000004dc9500000,0x0000004dc9600000)]
  0x00000218cc816fa0 JavaThread "AWT-Shutdown" [_thread_blocked, id=12440, stack(0x0000004dc9600000,0x0000004dc9700000)]
  0x00000218cc41f840 JavaThread "AWT-Windows" daemon [_thread_in_native, id=12796, stack(0x0000004dc9700000,0x0000004dc9800000)]
  0x00000218d4489f70 JavaThread "AWT-EventQueue-0" [_thread_blocked, id=23372, stack(0x0000004dca460000,0x0000004dca560000)]
  0x00000218ac390cf0 JavaThread "DestroyJavaVM" [_thread_blocked, id=8404, stack(0x0000004dc8100000,0x0000004dc8200000)]
  0x00000218cc424030 JavaThread "D3D Screen Updater" daemon [_thread_in_native, id=26464, stack(0x0000004dca660000,0x0000004dca760000)]
  0x00000218d4659030 JavaThread "TimerQueue" daemon [_thread_blocked, id=26304, stack(0x0000004dca770000,0x0000004dca870000)]
  0x00000218ccb7e950 JavaThread "C2 CompilerThread1" daemon [_thread_blocked, id=25812, stack(0x0000004dca900000,0x0000004dcaa00000)]
=>0x00000218ccb811d0 JavaThread "C2 CompilerThread2" daemon [_thread_in_native, id=22672, stack(0x0000004dcaf00000,0x0000004dcb000000)]

Other Threads:
  0x00000218cb954ad0 VMThread "VM Thread" [stack: 0x0000004dc8700000,0x0000004dc8800000] [id=17904]
  0x00000218cc3ea4d0 WatcherThread [stack: 0x0000004dc9300000,0x0000004dc9400000] [id=11148]
  0x00000218ac3e0680 GCTaskThread "GC Thread#0" [stack: 0x0000004dc8200000,0x0000004dc8300000] [id=13976]
  0x00000218d4509800 GCTaskThread "GC Thread#1" [stack: 0x0000004dcaa00000,0x0000004dcab00000] [id=26088]
  0x00000218d4509b30 GCTaskThread "GC Thread#2" [stack: 0x0000004dcab00000,0x0000004dcac00000] [id=23740]
  0x00000218d450a190 GCTaskThread "GC Thread#3" [stack: 0x0000004dcac00000,0x0000004dcad00000] [id=19452]
  0x00000218d450a4c0 GCTaskThread "GC Thread#4" [stack: 0x0000004dcad00000,0x0000004dcae00000] [id=25256]
  0x00000218d450a7f0 GCTaskThread "GC Thread#5" [stack: 0x0000004dcae00000,0x0000004dcaf00000] [id=15984]
  0x00000218ac3f2eb0 ConcurrentGCThread "G1 Main Marker" [stack: 0x0000004dc8300000,0x0000004dc8400000] [id=18264]
  0x00000218ac3f4240 ConcurrentGCThread "G1 Conc#0" [stack: 0x0000004dc8400000,0x0000004dc8500000] [id=6748]
  0x00000218ac46d090 ConcurrentGCThread "G1 Refine#0" [stack: 0x0000004dc8500000,0x0000004dc8600000] [id=10608]
  0x00000218ac46daa0 ConcurrentGCThread "G1 Young RemSet Sampling" [stack: 0x0000004dc8600000,0x0000004dc8700000] [id=11088]

Threads with active compile tasks:
C2 CompilerThread2    16928 2262   !   4       javax.swing.RepaintManager::addDirtyRegion0 (205 bytes)

VM state: not at safepoint (normal execution)

VM Mutex/Monitor currently owned by a thread: None

Heap address: 0x0000000709400000, size: 3948 MB, Compressed Oops mode: Zero based, Oop shift amount: 3
CDS disabled.
Compressed class space mapped at: 0x0000000800000000-0x0000000840000000, size: 1073741824
Narrow klass base: 0x0000000800000000, Narrow klass shift: 0, Narrow klass range: 0x40000000

GC Precious Log:
 CPUs: 16 total, 16 available
 Memory: 15789M
 Large Page Support: Disabled
 NUMA Support: Disabled
 Compressed Oops: Enabled (Zero based)
 Heap Region Size: 2M
 Heap Min Capacity: 8M
 Heap Initial Capacity: 248M
 Heap Max Capacity: 3948M
 Pre-touch: Disabled
 Parallel Workers: 13
 Concurrent Workers: 3
 Concurrent Refinement Workers: 13
 Periodic GC: Disabled

Heap:
 garbage-first heap   total 253952K, used 76391K [0x0000000709400000, 0x0000000800000000)
  region size 2048K, 38 young (77824K), 2 survivors (4096K)
 Metaspace       used 17148K, capacity 17339K, committed 17664K, reserved 1064960K
  class space    used 1631K, capacity 1692K, committed 1792K, reserved 1048576K

Heap Regions: E=young(eden), S=young(survivor), O=old, HS=humongous(starts), HC=humongous(continues), CS=collection set, F=free, OA=open archive, CA=closed archive, TAMS=top-at-mark-start (previous, next)
|   0|0x0000000709400000, 0x0000000709600000, 0x0000000709600000|100%|HS|  |TAMS 0x0000000709400000, 0x0000000709400000| Complete 
|   1|0x0000000709600000, 0x0000000709600000, 0x0000000709800000|  0%| F|  |TAMS 0x0000000709600000, 0x0000000709600000| Untracked 
|   2|0x0000000709800000, 0x0000000709800000, 0x0000000709a00000|  0%| F|  |TAMS 0x0000000709800000, 0x0000000709800000| Untracked 
|   3|0x0000000709a00000, 0x0000000709a00000, 0x0000000709c00000|  0%| F|  |TAMS 0x0000000709a00000, 0x0000000709a00000| Untracked 
|   4|0x0000000709c00000, 0x0000000709c00000, 0x0000000709e00000|  0%| F|  |TAMS 0x0000000709c00000, 0x0000000709c00000| Untracked 
|   5|0x0000000709e00000, 0x0000000709e00000, 0x000000070a000000|  0%| F|  |TAMS 0x0000000709e00000, 0x0000000709e00000| Untracked 
|   6|0x000000070a000000, 0x000000070a000000, 0x000000070a200000|  0%| F|  |TAMS 0x000000070a000000, 0x000000070a000000| Untracked 
|   7|0x000000070a200000, 0x000000070a200000, 0x000000070a400000|  0%| F|  |TAMS 0x000000070a200000, 0x000000070a200000| Untracked 
|   8|0x000000070a400000, 0x000000070a400000, 0x000000070a600000|  0%| F|  |TAMS 0x000000070a400000, 0x000000070a400000| Untracked 
|   9|0x000000070a600000, 0x000000070a600000, 0x000000070a800000|  0%| F|  |TAMS 0x000000070a600000, 0x000000070a600000| Untracked 
|  10|0x000000070a800000, 0x000000070a800000, 0x000000070aa00000|  0%| F|  |TAMS 0x000000070a800000, 0x000000070a800000| Untracked 
|  11|0x000000070aa00000, 0x000000070aa00000, 0x000000070ac00000|  0%| F|  |TAMS 0x000000070aa00000, 0x000000070aa00000| Untracked 
|  12|0x000000070ac00000, 0x000000070ac00000, 0x000000070ae00000|  0%| F|  |TAMS 0x000000070ac00000, 0x000000070ac00000| Untracked 
|  13|0x000000070ae00000, 0x000000070ae00000, 0x000000070b000000|  0%| F|  |TAMS 0x000000070ae00000, 0x000000070ae00000| Untracked 
|  14|0x000000070b000000, 0x000000070b000000, 0x000000070b200000|  0%| F|  |TAMS 0x000000070b000000, 0x000000070b000000| Untracked 
|  15|0x000000070b200000, 0x000000070b200000, 0x000000070b400000|  0%| F|  |TAMS 0x000000070b200000, 0x000000070b200000| Untracked 
|  16|0x000000070b400000, 0x000000070b400000, 0x000000070b600000|  0%| F|  |TAMS 0x000000070b400000, 0x000000070b400000| Untracked 
|  17|0x000000070b600000, 0x000000070b600000, 0x000000070b800000|  0%| F|  |TAMS 0x000000070b600000, 0x000000070b600000| Untracked 
|  18|0x000000070b800000, 0x000000070b800000, 0x000000070ba00000|  0%| F|  |TAMS 0x000000070b800000, 0x000000070b800000| Untracked 
|  19|0x000000070ba00000, 0x000000070ba00000, 0x000000070bc00000|  0%| F|  |TAMS 0x000000070ba00000, 0x000000070ba00000| Untracked 
|  20|0x000000070bc00000, 0x000000070bc00000, 0x000000070be00000|  0%| F|  |TAMS 0x000000070bc00000, 0x000000070bc00000| Untracked 
|  21|0x000000070be00000, 0x000000070be00000, 0x000000070c000000|  0%| F|  |TAMS 0x000000070be00000, 0x000000070be00000| Untracked 
|  22|0x000000070c000000, 0x000000070c000000, 0x000000070c200000|  0%| F|  |TAMS 0x000000070c000000, 0x000000070c000000| Untracked 
|  23|0x000000070c200000, 0x000000070c200000, 0x000000070c400000|  0%| F|  |TAMS 0x000000070c200000, 0x000000070c200000| Untracked 
|  24|0x000000070c400000, 0x000000070c400000, 0x000000070c600000|  0%| F|  |TAMS 0x000000070c400000, 0x000000070c400000| Untracked 
|  25|0x000000070c600000, 0x000000070c600000, 0x000000070c800000|  0%| F|  |TAMS 0x000000070c600000, 0x000000070c600000| Untracked 
|  26|0x000000070c800000, 0x000000070c800000, 0x000000070ca00000|  0%| F|  |TAMS 0x000000070c800000, 0x000000070c800000| Untracked 
|  27|0x000000070ca00000, 0x000000070ca00000, 0x000000070cc00000|  0%| F|  |TAMS 0x000000070ca00000, 0x000000070ca00000| Untracked 
|  28|0x000000070cc00000, 0x000000070cc00000, 0x000000070ce00000|  0%| F|  |TAMS 0x000000070cc00000, 0x000000070cc00000| Untracked 
|  29|0x000000070ce00000, 0x000000070ce00000, 0x000000070d000000|  0%| F|  |TAMS 0x000000070ce00000, 0x000000070ce00000| Untracked 
|  30|0x000000070d000000, 0x000000070d000000, 0x000000070d200000|  0%| F|  |TAMS 0x000000070d000000, 0x000000070d000000| Untracked 
|  31|0x000000070d200000, 0x000000070d200000, 0x000000070d400000|  0%| F|  |TAMS 0x000000070d200000, 0x000000070d200000| Untracked 
|  32|0x000000070d400000, 0x000000070d400000, 0x000000070d600000|  0%| F|  |TAMS 0x000000070d400000, 0x000000070d400000| Untracked 
|  33|0x000000070d600000, 0x000000070d600000, 0x000000070d800000|  0%| F|  |TAMS 0x000000070d600000, 0x000000070d600000| Untracked 
|  34|0x000000070d800000, 0x000000070d800000, 0x000000070da00000|  0%| F|  |TAMS 0x000000070d800000, 0x000000070d800000| Untracked 
|  35|0x000000070da00000, 0x000000070da00000, 0x000000070dc00000|  0%| F|  |TAMS 0x000000070da00000, 0x000000070da00000| Untracked 
|  36|0x000000070dc00000, 0x000000070dc00000, 0x000000070de00000|  0%| F|  |TAMS 0x000000070dc00000, 0x000000070dc00000| Untracked 
|  37|0x000000070de00000, 0x000000070de00000, 0x000000070e000000|  0%| F|  |TAMS 0x000000070de00000, 0x000000070de00000| Untracked 
|  38|0x000000070e000000, 0x000000070e000000, 0x000000070e200000|  0%| F|  |TAMS 0x000000070e000000, 0x000000070e000000| Untracked 
|  39|0x000000070e200000, 0x000000070e200000, 0x000000070e400000|  0%| F|  |TAMS 0x000000070e200000, 0x000000070e200000| Untracked 
|  40|0x000000070e400000, 0x000000070e400000, 0x000000070e600000|  0%| F|  |TAMS 0x000000070e400000, 0x000000070e400000| Untracked 
|  41|0x000000070e600000, 0x000000070e600000, 0x000000070e800000|  0%| F|  |TAMS 0x000000070e600000, 0x000000070e600000| Untracked 
|  42|0x000000070e800000, 0x000000070e800000, 0x000000070ea00000|  0%| F|  |TAMS 0x000000070e800000, 0x000000070e800000| Untracked 
|  43|0x000000070ea00000, 0x000000070ea00000, 0x000000070ec00000|  0%| F|  |TAMS 0x000000070ea00000, 0x000000070ea00000| Untracked 
|  44|0x000000070ec00000, 0x000000070ec00000, 0x000000070ee00000|  0%| F|  |TAMS 0x000000070ec00000, 0x000000070ec00000| Untracked 
|  45|0x000000070ee00000, 0x000000070ee00000, 0x000000070f000000|  0%| F|  |TAMS 0x000000070ee00000, 0x000000070ee00000| Untracked 
|  46|0x000000070f000000, 0x000000070f000000, 0x000000070f200000|  0%| F|  |TAMS 0x000000070f000000, 0x000000070f000000| Untracked 
|  47|0x000000070f200000, 0x000000070f200000, 0x000000070f400000|  0%| F|  |TAMS 0x000000070f200000, 0x000000070f200000| Untracked 
|  48|0x000000070f400000, 0x000000070f400000, 0x000000070f600000|  0%| F|  |TAMS 0x000000070f400000, 0x000000070f400000| Untracked 
|  49|0x000000070f600000, 0x000000070f600000, 0x000000070f800000|  0%| F|  |TAMS 0x000000070f600000, 0x000000070f600000| Untracked 
|  50|0x000000070f800000, 0x000000070f800000, 0x000000070fa00000|  0%| F|  |TAMS 0x000000070f800000, 0x000000070f800000| Untracked 
|  51|0x000000070fa00000, 0x000000070fa00000, 0x000000070fc00000|  0%| F|  |TAMS 0x000000070fa00000, 0x000000070fa00000| Untracked 
|  52|0x000000070fc00000, 0x000000070fc00000, 0x000000070fe00000|  0%| F|  |TAMS 0x000000070fc00000, 0x000000070fc00000| Untracked 
|  53|0x000000070fe00000, 0x000000070fe00000, 0x0000000710000000|  0%| F|  |TAMS 0x000000070fe00000, 0x000000070fe00000| Untracked 
|  54|0x0000000710000000, 0x0000000710000000, 0x0000000710200000|  0%| F|  |TAMS 0x0000000710000000, 0x0000000710000000| Untracked 
|  55|0x0000000710200000, 0x0000000710200000, 0x0000000710400000|  0%| F|  |TAMS 0x0000000710200000, 0x0000000710200000| Untracked 
|  56|0x0000000710400000, 0x0000000710400000, 0x0000000710600000|  0%| F|  |TAMS 0x0000000710400000, 0x0000000710400000| Untracked 
|  57|0x0000000710600000, 0x0000000710600000, 0x0000000710800000|  0%| F|  |TAMS 0x0000000710600000, 0x0000000710600000| Untracked 
|  58|0x0000000710800000, 0x0000000710800000, 0x0000000710a00000|  0%| F|  |TAMS 0x0000000710800000, 0x0000000710800000| Untracked 
|  59|0x0000000710a00000, 0x0000000710a00000, 0x0000000710c00000|  0%| F|  |TAMS 0x0000000710a00000, 0x0000000710a00000| Untracked 
|  60|0x0000000710c00000, 0x0000000710c00000, 0x0000000710e00000|  0%| F|  |TAMS 0x0000000710c00000, 0x0000000710c00000| Untracked 
|  61|0x0000000710e00000, 0x0000000710e00000, 0x0000000711000000|  0%| F|  |TAMS 0x0000000710e00000, 0x0000000710e00000| Untracked 
|  62|0x0000000711000000, 0x0000000711000000, 0x0000000711200000|  0%| F|  |TAMS 0x0000000711000000, 0x0000000711000000| Untracked 
|  63|0x0000000711200000, 0x0000000711200000, 0x0000000711400000|  0%| F|  |TAMS 0x0000000711200000, 0x0000000711200000| Untracked 
|  64|0x0000000711400000, 0x0000000711400000, 0x0000000711600000|  0%| F|  |TAMS 0x0000000711400000, 0x0000000711400000| Untracked 
|  65|0x0000000711600000, 0x0000000711600000, 0x0000000711800000|  0%| F|  |TAMS 0x0000000711600000, 0x0000000711600000| Untracked 
|  66|0x0000000711800000, 0x0000000711800000, 0x0000000711a00000|  0%| F|  |TAMS 0x0000000711800000, 0x0000000711800000| Untracked 
|  67|0x0000000711a00000, 0x0000000711a00000, 0x0000000711c00000|  0%| F|  |TAMS 0x0000000711a00000, 0x0000000711a00000| Untracked 
|  68|0x0000000711c00000, 0x0000000711c00000, 0x0000000711e00000|  0%| F|  |TAMS 0x0000000711c00000, 0x0000000711c00000| Untracked 
|  69|0x0000000711e00000, 0x0000000711e00000, 0x0000000712000000|  0%| F|  |TAMS 0x0000000711e00000, 0x0000000711e00000| Untracked 
|  70|0x0000000712000000, 0x0000000712000000, 0x0000000712200000|  0%| F|  |TAMS 0x0000000712000000, 0x0000000712000000| Untracked 
|  71|0x0000000712200000, 0x0000000712200000, 0x0000000712400000|  0%| F|  |TAMS 0x0000000712200000, 0x0000000712200000| Untracked 
|  72|0x0000000712400000, 0x0000000712400000, 0x0000000712600000|  0%| F|  |TAMS 0x0000000712400000, 0x0000000712400000| Untracked 
|  73|0x0000000712600000, 0x0000000712600000, 0x0000000712800000|  0%| F|  |TAMS 0x0000000712600000, 0x0000000712600000| Untracked 
|  74|0x0000000712800000, 0x0000000712800000, 0x0000000712a00000|  0%| F|  |TAMS 0x0000000712800000, 0x0000000712800000| Untracked 
|  75|0x0000000712a00000, 0x0000000712a00000, 0x0000000712c00000|  0%| F|  |TAMS 0x0000000712a00000, 0x0000000712a00000| Untracked 
|  76|0x0000000712c00000, 0x0000000712c00000, 0x0000000712e00000|  0%| F|  |TAMS 0x0000000712c00000, 0x0000000712c00000| Untracked 
|  77|0x0000000712e00000, 0x0000000712e00000, 0x0000000713000000|  0%| F|  |TAMS 0x0000000712e00000, 0x0000000712e00000| Untracked 
|  78|0x0000000713000000, 0x0000000713000000, 0x0000000713200000|  0%| F|  |TAMS 0x0000000713000000, 0x0000000713000000| Untracked 
|  79|0x0000000713200000, 0x0000000713200000, 0x0000000713400000|  0%| F|  |TAMS 0x0000000713200000, 0x0000000713200000| Untracked 
|  80|0x0000000713400000, 0x0000000713400000, 0x0000000713600000|  0%| F|  |TAMS 0x0000000713400000, 0x0000000713400000| Untracked 
|  81|0x0000000713600000, 0x0000000713600000, 0x0000000713800000|  0%| F|  |TAMS 0x0000000713600000, 0x0000000713600000| Untracked 
|  82|0x0000000713800000, 0x0000000713800000, 0x0000000713a00000|  0%| F|  |TAMS 0x0000000713800000, 0x0000000713800000| Untracked 
|  83|0x0000000713a00000, 0x0000000713a00000, 0x0000000713c00000|  0%| F|  |TAMS 0x0000000713a00000, 0x0000000713a00000| Untracked 
|  84|0x0000000713c00000, 0x0000000713c00000, 0x0000000713e00000|  0%| F|  |TAMS 0x0000000713c00000, 0x0000000713c00000| Untracked 
|  85|0x0000000713e00000, 0x0000000713e00000, 0x0000000714000000|  0%| F|  |TAMS 0x0000000713e00000, 0x0000000713e00000| Untracked 
|  86|0x0000000714000000, 0x0000000714200000, 0x0000000714200000|100%| E|  |TAMS 0x0000000714000000, 0x0000000714000000| Complete 
|  87|0x0000000714200000, 0x0000000714400000, 0x0000000714400000|100%| E|CS|TAMS 0x0000000714200000, 0x0000000714200000| Complete 
|  88|0x0000000714400000, 0x0000000714600000, 0x0000000714600000|100%| E|CS|TAMS 0x0000000714400000, 0x0000000714400000| Complete 
|  89|0x0000000714600000, 0x0000000714800000, 0x0000000714800000|100%| E|CS|TAMS 0x0000000714600000, 0x0000000714600000| Complete 
|  90|0x0000000714800000, 0x0000000714a00000, 0x0000000714a00000|100%| E|CS|TAMS 0x0000000714800000, 0x0000000714800000| Complete 
|  91|0x0000000714a00000, 0x0000000714c00000, 0x0000000714c00000|100%| E|CS|TAMS 0x0000000714a00000, 0x0000000714a00000| Complete 
|  92|0x0000000714c00000, 0x0000000714e00000, 0x0000000714e00000|100%| E|CS|TAMS 0x0000000714c00000, 0x0000000714c00000| Complete 
|  93|0x0000000714e00000, 0x0000000715000000, 0x0000000715000000|100%| E|CS|TAMS 0x0000000714e00000, 0x0000000714e00000| Complete 
|  94|0x0000000715000000, 0x0000000715200000, 0x0000000715200000|100%| E|CS|TAMS 0x0000000715000000, 0x0000000715000000| Complete 
|  95|0x0000000715200000, 0x0000000715400000, 0x0000000715400000|100%| E|CS|TAMS 0x0000000715200000, 0x0000000715200000| Complete 
|  96|0x0000000715400000, 0x0000000715600000, 0x0000000715600000|100%| E|CS|TAMS 0x0000000715400000, 0x0000000715400000| Complete 
|  97|0x0000000715600000, 0x0000000715800000, 0x0000000715800000|100%| E|CS|TAMS 0x0000000715600000, 0x0000000715600000| Complete 
|  98|0x0000000715800000, 0x0000000715a00000, 0x0000000715a00000|100%| E|CS|TAMS 0x0000000715800000, 0x0000000715800000| Complete 
|  99|0x0000000715a00000, 0x0000000715c00000, 0x0000000715c00000|100%| E|CS|TAMS 0x0000000715a00000, 0x0000000715a00000| Complete 
| 100|0x0000000715c00000, 0x0000000715e00000, 0x0000000715e00000|100%| E|CS|TAMS 0x0000000715c00000, 0x0000000715c00000| Complete 
| 101|0x0000000715e00000, 0x0000000716000000, 0x0000000716000000|100%| E|CS|TAMS 0x0000000715e00000, 0x0000000715e00000| Complete 
| 102|0x0000000716000000, 0x0000000716200000, 0x0000000716200000|100%| E|CS|TAMS 0x0000000716000000, 0x0000000716000000| Complete 
| 103|0x0000000716200000, 0x0000000716299d38, 0x0000000716400000| 30%| S|CS|TAMS 0x0000000716200000, 0x0000000716200000| Complete 
| 104|0x0000000716400000, 0x0000000716600000, 0x0000000716600000|100%| S|CS|TAMS 0x0000000716400000, 0x0000000716400000| Complete 
| 105|0x0000000716600000, 0x0000000716800000, 0x0000000716800000|100%| E|CS|TAMS 0x0000000716600000, 0x0000000716600000| Complete 
| 106|0x0000000716800000, 0x0000000716a00000, 0x0000000716a00000|100%| E|CS|TAMS 0x0000000716800000, 0x0000000716800000| Complete 
| 107|0x0000000716a00000, 0x0000000716c00000, 0x0000000716c00000|100%| E|CS|TAMS 0x0000000716a00000, 0x0000000716a00000| Complete 
| 108|0x0000000716c00000, 0x0000000716e00000, 0x0000000716e00000|100%| E|CS|TAMS 0x0000000716c00000, 0x0000000716c00000| Complete 
| 109|0x0000000716e00000, 0x0000000717000000, 0x0000000717000000|100%| E|CS|TAMS 0x0000000716e00000, 0x0000000716e00000| Complete 
| 110|0x0000000717000000, 0x0000000717200000, 0x0000000717200000|100%| E|CS|TAMS 0x0000000717000000, 0x0000000717000000| Complete 
| 111|0x0000000717200000, 0x0000000717400000, 0x0000000717400000|100%| E|CS|TAMS 0x0000000717200000, 0x0000000717200000| Complete 
| 112|0x0000000717400000, 0x0000000717600000, 0x0000000717600000|100%| E|CS|TAMS 0x0000000717400000, 0x0000000717400000| Complete 
| 113|0x0000000717600000, 0x0000000717800000, 0x0000000717800000|100%| E|CS|TAMS 0x0000000717600000, 0x0000000717600000| Complete 
| 114|0x0000000717800000, 0x0000000717a00000, 0x0000000717a00000|100%| E|CS|TAMS 0x0000000717800000, 0x0000000717800000| Complete 
| 115|0x0000000717a00000, 0x0000000717c00000, 0x0000000717c00000|100%| E|CS|TAMS 0x0000000717a00000, 0x0000000717a00000| Complete 
| 116|0x0000000717c00000, 0x0000000717e00000, 0x0000000717e00000|100%| E|CS|TAMS 0x0000000717c00000, 0x0000000717c00000| Complete 
| 117|0x0000000717e00000, 0x0000000718000000, 0x0000000718000000|100%| E|CS|TAMS 0x0000000717e00000, 0x0000000717e00000| Complete 
| 118|0x0000000718000000, 0x0000000718200000, 0x0000000718200000|100%| E|CS|TAMS 0x0000000718000000, 0x0000000718000000| Complete 
| 119|0x0000000718200000, 0x0000000718400000, 0x0000000718400000|100%| E|CS|TAMS 0x0000000718200000, 0x0000000718200000| Complete 
| 120|0x0000000718400000, 0x0000000718600000, 0x0000000718600000|100%| E|CS|TAMS 0x0000000718400000, 0x0000000718400000| Complete 
| 121|0x0000000718600000, 0x0000000718800000, 0x0000000718800000|100%| E|CS|TAMS 0x0000000718600000, 0x0000000718600000| Complete 
| 122|0x0000000718800000, 0x0000000718a00000, 0x0000000718a00000|100%| E|CS|TAMS 0x0000000718800000, 0x0000000718800000| Complete 
| 123|0x0000000718a00000, 0x0000000718c00000, 0x0000000718c00000|100%| E|CS|TAMS 0x0000000718a00000, 0x0000000718a00000| Complete 

Card table byte_map: [0x00000218bfe00000,0x00000218c05c0000] _byte_map_base: 0x00000218bc5b6000

Marking Bits (Prev, Next): (CMBitMap*) 0x00000218ac3e1e80, (CMBitMap*) 0x00000218ac3e1ec0
 Prev Bits: [0x00000218c0d80000, 0x00000218c4b30000)
 Next Bits: [0x00000218c4b30000, 0x00000218c88e0000)

Polling page: 0x00000218aa1e0000

Metaspace:

Usage:
  Non-class:     15.28 MB capacity,    15.15 MB (>99%) used,   109.62 KB ( <1%) free+waste,    19.62 KB ( <1%) overhead. 
      Class:      1.65 MB capacity,     1.59 MB ( 96%) used,    54.79 KB (  3%) free+waste,     6.19 KB ( <1%) overhead. 
       Both:     16.93 MB capacity,    16.75 MB ( 99%) used,   164.41 KB ( <1%) free+waste,    25.81 KB ( <1%) overhead. 

Virtual space:
  Non-class space:       16.00 MB reserved,      15.50 MB ( 97%) committed 
      Class space:        1.00 GB reserved,       1.75 MB ( <1%) committed 
             Both:        1.02 GB reserved,      17.25 MB (  2%) committed 

Chunk freelists:
   Non-Class:  33.00 KB
       Class:  4.00 KB
        Both:  37.00 KB

MaxMetaspaceSize: 17179869184.00 GB
CompressedClassSpaceSize: 1.00 GB

CodeHeap 'non-profiled nmethods': size=119168Kb used=1329Kb max_used=1329Kb free=117838Kb
 bounds [0x00000218b7950000, 0x00000218b7bc0000, 0x00000218bedb0000]
CodeHeap 'profiled nmethods': size=119104Kb used=3722Kb max_used=3722Kb free=115381Kb
 bounds [0x00000218b0500000, 0x00000218b08b0000, 0x00000218b7950000]
CodeHeap 'non-nmethods': size=7488Kb used=1304Kb max_used=3018Kb free=6183Kb
 bounds [0x00000218afdb0000, 0x00000218b00b0000, 0x00000218b0500000]
 total_blobs=2861 nmethods=2261 adapters=513
 compilation: enabled
              stopped_count=0, restarted_count=0
 full_count=0

Compilation events (20 events):
Event: 16.651 Thread 0x00000218cc23e2a0 nmethod 2252 0x00000218b7a97110 code [0x00000218b7a972a0, 0x00000218b7a97468]
Event: 16.651 Thread 0x00000218cc23e2a0 2254   !   4       sun.swing.SwingUtilities2::stringWidth (110 bytes)
Event: 16.654 Thread 0x00000218cc23e2a0 nmethod 2254 0x00000218b7a97690 code [0x00000218b7a97860, 0x00000218b7a97c08]
Event: 16.654 Thread 0x00000218cc23e2a0 2253       4       javax.swing.SwingUtilities::layoutCompoundLabelImpl (758 bytes)
Event: 16.661 Thread 0x00000218cc23e2a0 nmethod 2253 0x00000218b7a98010 code [0x00000218b7a98220, 0x00000218b7a98bb8]
Event: 16.661 Thread 0x00000218cc23e2a0 2256       4       java.lang.Double::compare (54 bytes)
Event: 16.661 Thread 0x00000218ccb7e950 2257       4       sun.java2d.SunGraphics2D::scale (14 bytes)
Event: 16.661 Thread 0x00000218ccb811d0 2258       4       sun.awt.image.SunVolatileImage::contentsLost (8 bytes)
Event: 16.662 Thread 0x00000218cc23e2a0 nmethod 2256 0x00000218b7a99810 code [0x00000218b7a99980, 0x00000218b7a99a38]
Event: 16.662 Thread 0x00000218cc23e2a0 2259       4       sun.java2d.d3d.D3DSurfaceData$D3DWindowSurfaceData::isDirty (18 bytes)
Event: 16.662 Thread 0x00000218ccb811d0 nmethod 2258 0x00000218b7a99b10 code [0x00000218b7a99c80, 0x00000218b7a99cf8]
Event: 16.662 Thread 0x00000218ccb811d0 2260   !   4       sun.java2d.d3d.D3DSurfaceData::swapBuffers (147 bytes)
Event: 16.662 Thread 0x00000218cc23e2a0 nmethod 2259 0x00000218b7a99e10 code [0x00000218b7a99fa0, 0x00000218b7a9a078]
Event: 16.662 Thread 0x00000218cc23e2a0 2255       4       sun.swing.ImageCache::getImage (19 bytes)
Event: 16.662 Thread 0x00000218cc23e2a0 nmethod 2255 0x00000218b7a9a190 code [0x00000218b7a9a320, 0x00000218b7a9a3c8]
Event: 16.663 Thread 0x00000218ccb7e950 nmethod 2257 0x00000218b7a9a490 code [0x00000218b7a9a660, 0x00000218b7a9a8a8]
Event: 16.676 Thread 0x00000218ccb811d0 nmethod 2260 0x00000218b7a9aa90 code [0x00000218b7a9ac80, 0x00000218b7a9ba50]
Event: 16.681 Thread 0x00000218ccb811d0 2261       4       javax.swing.text.Utilities::getTabbedTextWidth (363 bytes)
Event: 16.682 Thread 0x00000218ccb811d0 nmethod 2261 0x00000218b7a9c390 code [0x00000218b7a9c540, 0x00000218b7a9c618]
Event: 16.881 Thread 0x00000218ccb811d0 2262   !   4       javax.swing.RepaintManager::addDirtyRegion0 (205 bytes)

GC Heap History (4 events):
Event: 2.602 GC heap before
{Heap before GC invocations=0 (full 0):
 garbage-first heap   total 253952K, used 24576K [0x0000000709400000, 0x0000000800000000)
  region size 2048K, 11 young (22528K), 0 survivors (0K)
 Metaspace       used 17022K, capacity 17211K, committed 17408K, reserved 1064960K
  class space    used 1630K, capacity 1692K, committed 1792K, reserved 1048576K
}
Event: 2.605 GC heap after
{Heap after GC invocations=1 (full 0):
 garbage-first heap   total 253952K, used 4297K [0x0000000709400000, 0x0000000800000000)
  region size 2048K, 2 young (4096K), 2 survivors (4096K)
 Metaspace       used 17022K, capacity 17211K, committed 17408K, reserved 1064960K
  class space    used 1630K, capacity 1692K, committed 1792K, reserved 1048576K
}
Event: 7.349 GC heap before
{Heap before GC invocations=1 (full 0):
 garbage-first heap   total 253952K, used 39113K [0x0000000709400000, 0x0000000800000000)
  region size 2048K, 19 young (38912K), 2 survivors (4096K)
 Metaspace       used 17146K, capacity 17339K, committed 17664K, reserved 1064960K
  class space    used 1630K, capacity 1692K, committed 1792K, reserved 1048576K
}
Event: 7.353 GC heap after
{Heap after GC invocations=2 (full 0):
 garbage-first heap   total 253952K, used 4711K [0x0000000709400000, 0x0000000800000000)
  region size 2048K, 2 young (4096K), 2 survivors (4096K)
 Metaspace       used 17146K, capacity 17339K, committed 17664K, reserved 1064960K
  class space    used 1630K, capacity 1692K, committed 1792K, reserved 1048576K
}

Deoptimization events (20 events):
Event: 2.606 Thread 0x00000218d4489f70 DEOPT PACKING pc=0x00000218b79c5570 sp=0x0000004dca55d6a0
Event: 2.606 Thread 0x00000218d4489f70 DEOPT UNPACKING pc=0x00000218afdfe42f sp=0x0000004dca55d638 mode 2
Event: 2.607 Thread 0x00000218d4489f70 Uncommon trap: trap_request=0xffffff45 fr.pc=0x00000218b79c0160 relative=0x00000000000000e0
Event: 2.607 Thread 0x00000218d4489f70 Uncommon trap: reason=unstable_if action=reinterpret pc=0x00000218b79c0160 method=java.lang.ref.SoftReference.get()Ljava/lang/Object; @ 17 c2
Event: 2.607 Thread 0x00000218d4489f70 DEOPT PACKING pc=0x00000218b79c0160 sp=0x0000004dca55dc90
Event: 2.607 Thread 0x00000218d4489f70 DEOPT UNPACKING pc=0x00000218afdfe42f sp=0x0000004dca55dc40 mode 2
Event: 2.607 Thread 0x00000218d4489f70 Uncommon trap: trap_request=0xffffff45 fr.pc=0x00000218b79b7790 relative=0x0000000000000070
Event: 2.607 Thread 0x00000218d4489f70 Uncommon trap: reason=unstable_if action=reinterpret pc=0x00000218b79b7790 method=java.util.concurrent.locks.AbstractQueuedSynchronizer.signalNext(Ljava/util/concurrent/locks/AbstractQueuedSynchronizer$Node;)V @ 17 c2
Event: 2.607 Thread 0x00000218d4489f70 DEOPT PACKING pc=0x00000218b79b7790 sp=0x0000004dca55d110
Event: 2.607 Thread 0x00000218d4489f70 DEOPT UNPACKING pc=0x00000218afdfe42f sp=0x0000004dca55d0a0 mode 2
Event: 2.907 Thread 0x00000218d4489f70 DEOPT PACKING pc=0x00000218b06bfc22 sp=0x0000004dca55eb00
Event: 2.907 Thread 0x00000218d4489f70 DEOPT UNPACKING pc=0x00000218afdfe23f sp=0x0000004dca55df90 mode 0
Event: 11.222 Thread 0x00000218cc424030 Uncommon trap: trap_request=0xffffffcc fr.pc=0x00000218b7a82c64 relative=0x0000000000000244
Event: 11.222 Thread 0x00000218cc424030 Uncommon trap: reason=intrinsic_or_type_checked_inlining action=make_not_entrant pc=0x00000218b7a82c64 method=java.util.Arrays.copyOf([Ljava/lang/Object;ILjava/lang/Class;)[Ljava/lang/Object; @ 35 c2
Event: 11.222 Thread 0x00000218cc424030 DEOPT PACKING pc=0x00000218b7a82c64 sp=0x0000004dca75ebd0
Event: 11.222 Thread 0x00000218cc424030 DEOPT UNPACKING pc=0x00000218afdfe42f sp=0x0000004dca75eb60 mode 2
Event: 14.067 Thread 0x00000218cc424030 Uncommon trap: trap_request=0xffffffdc fr.pc=0x00000218b7a8ea34 relative=0x0000000000000194
Event: 14.067 Thread 0x00000218cc424030 Uncommon trap: reason=class_check action=make_not_entrant pc=0x00000218b7a8ea34 method=java.util.ArrayList.toArray([Ljava/lang/Object;)[Ljava/lang/Object; @ 21 c2
Event: 14.067 Thread 0x00000218cc424030 DEOPT PACKING pc=0x00000218b7a8ea34 sp=0x0000004dca75ec30
Event: 14.067 Thread 0x00000218cc424030 DEOPT UNPACKING pc=0x00000218afdfe42f sp=0x0000004dca75ebf0 mode 2

Classes unloaded (0 events):
No events

Classes redefined (0 events):
No events

Internal exceptions (17 events):
Event: 0.094 Thread 0x00000218ac390cf0 Exception <a 'java/lang/NoSuchMethodError'{0x0000000718b39a08}: 'void java.lang.invoke.DirectMethodHandle$Holder.invokeSpecial(java.lang.Object, java.lang.Object, java.lang.Object)'> (0x0000000718b39a08) 
thrown [./open/src/hotspot/share/interpreter/linkResolver.cpp, line 782]
Event: 0.110 Thread 0x00000218ac390cf0 Exception <a 'java/lang/ClassNotFoundException'{0x0000000718bc7598}: sun/awt/resources/spi/awtProvider> (0x0000000718bc7598) 
thrown [./open/src/hotspot/share/classfile/systemDictionary.cpp, line 295]
Event: 0.131 Thread 0x00000218ac390cf0 Exception <a 'java/io/FileNotFoundException'{0x0000000718823878}> (0x0000000718823878) 
thrown [./open/src/hotspot/share/prims/jni.cpp, line 578]
Event: 0.136 Thread 0x00000218ac390cf0 Exception <a 'java/io/FileNotFoundException'{0x0000000718852158}> (0x0000000718852158) 
thrown [./open/src/hotspot/share/prims/jni.cpp, line 578]
Event: 0.136 Thread 0x00000218ac390cf0 Exception <a 'java/lang/NoSuchMethodError'{0x0000000718853490}: 'java.lang.Object java.lang.invoke.DirectMethodHandle$Holder.invokeStatic(java.lang.Object)'> (0x0000000718853490) 
thrown [./open/src/hotspot/share/interpreter/linkResolver.cpp, line 782]
Event: 0.171 Thread 0x00000218ac390cf0 Exception <a 'java/lang/NoSuchMethodError'{0x00000007189338e0}: 'java.lang.Object java.lang.invoke.DirectMethodHandle$Holder.invokeStaticInit(java.lang.Object)'> (0x00000007189338e0) 
thrown [./open/src/hotspot/share/interpreter/linkResolver.cpp, line 782]
Event: 0.195 Thread 0x00000218ac390cf0 Exception <a 'java/lang/NoSuchMethodError'{0x00000007189f6d40}: 'java.lang.Object java.lang.invoke.DirectMethodHandle$Holder.newInvokeSpecial(java.lang.Object, java.lang.Object, java.lang.Object, java.lang.Object, java.lang.Object)'> (0x00000007189f6d40) 
thrown [./open/src/hotspot/share/interpreter/linkResolver.cpp, line 782]
Event: 0.196 Thread 0x00000218ac390cf0 Exception <a 'java/lang/NoSuchMethodError'{0x0000000718602e98}: 'java.lang.Object java.lang.invoke.DirectMethodHandle$Holder.invokeStatic(java.lang.Object, int, java.lang.Object, java.lang.Object, java.lang.Object, java.lang.Object)'> (0x0000000718602e98) 
thrown [./open/src/hotspot/share/interpreter/linkResolver.cpp, line 782]
Event: 0.198 Thread 0x00000218ac390cf0 Exception <a 'java/lang/NoSuchMethodError'{0x0000000718629140}: 'java.lang.Object java.lang.invoke.DirectMethodHandle$Holder.invokeStatic(java.lang.Object, int, java.lang.Object)'> (0x0000000718629140) 
thrown [./open/src/hotspot/share/interpreter/linkResolver.cpp, line 782]
Event: 0.216 Thread 0x00000218ac390cf0 Exception <a 'java/lang/ClassNotFoundException'{0x00000007186e3fc8}: com/sun/swing/internal/plaf/metal/resources/spi/metalProvider> (0x00000007186e3fc8) 
thrown [./open/src/hotspot/share/classfile/systemDictionary.cpp, line 295]
Event: 0.217 Thread 0x00000218ac390cf0 Exception <a 'java/lang/ClassNotFoundException'{0x00000007186e82c8}: com/sun/swing/internal/plaf/basic/resources/spi/basicProvider> (0x00000007186e82c8) 
thrown [./open/src/hotspot/share/classfile/systemDictionary.cpp, line 295]
Event: 0.259 Thread 0x00000218ac390cf0 Exception <a 'java/lang/NoSuchMethodError'{0x0000000718764278}: 'void java.lang.invoke.DirectMethodHandle$Holder.invokeStatic(java.lang.Object, java.lang.Object)'> (0x0000000718764278) 
thrown [./open/src/hotspot/share/interpreter/linkResolver.cpp, line 782]
Event: 0.260 Thread 0x00000218ac390cf0 Exception <a 'java/lang/NoSuchMethodError'{0x0000000718767c80}: 'void java.lang.invoke.DirectMethodHandle$Holder.invokeStaticInit(java.lang.Object, java.lang.Object)'> (0x0000000718767c80) 
thrown [./open/src/hotspot/share/interpreter/linkResolver.cpp, line 782]
Event: 0.265 Thread 0x00000218ac390cf0 Exception <a 'java/lang/NoSuchMethodError'{0x0000000718794c08}: 'java.lang.Object java.lang.invoke.DirectMethodHandle$Holder.invokeStaticInit(java.lang.Object, int, int, int, int)'> (0x0000000718794c08) 
thrown [./open/src/hotspot/share/interpreter/linkResolver.cpp, line 782]
Event: 0.298 Thread 0x00000218ac390cf0 Exception <a 'java/lang/NoSuchMethodError'{0x0000000718458d60}: 'java.lang.Object java.lang.invoke.DirectMethodHandle$Holder.invokeStaticInit(java.lang.Object, java.lang.Object, int, int, int, int)'> (0x0000000718458d60) 
thrown [./open/src/hotspot/share/interpreter/linkResolver.cpp, line 782]
Event: 0.471 Thread 0x00000218ac390cf0 Exception <a 'java/lang/NoSuchMethodError'{0x00000007184a2ef0}: 'void java.lang.invoke.DirectMethodHandle$Holder.invokeStaticInit(java.lang.Object)'> (0x00000007184a2ef0) 
thrown [./open/src/hotspot/share/interpreter/linkResolver.cpp, line 782]
Event: 2.606 Thread 0x00000218d4489f70 Implicit null exception at 0x00000218b79c3570 to 0x00000218b79c5540

Events (20 events):
Event: 7.353 Executing VM operation: G1CollectForAllocation done
Event: 7.353 Executing VM operation: HandshakeAllThreads
Event: 7.353 Executing VM operation: HandshakeAllThreads done
Event: 8.365 Executing VM operation: HandshakeAllThreads
Event: 8.365 Executing VM operation: HandshakeAllThreads done
Event: 8.682 Thread 0x00000218ccb7e950 Thread added: 0x00000218ccb7e950
Event: 8.682 Thread 0x00000218ccb802a0 Thread added: 0x00000218ccb802a0
Event: 9.647 Thread 0x00000218ccb802a0 Thread exited: 0x00000218ccb802a0
Event: 10.031 Thread 0x00000218ccb7e950 Thread exited: 0x00000218ccb7e950
Event: 11.393 Executing VM operation: HandshakeAllThreads
Event: 11.393 Executing VM operation: HandshakeAllThreads done
Event: 12.833 Loaded shared library C:\Users\spiro\.p2\pool\plugins\org.eclipse.justj.openjdk.hotspot.jre.full.win32.x86_64_15.0.2.v20210201-0955\jre\bin\java.dll
Event: 15.414 Executing VM operation: HandshakeAllThreads
Event: 15.414 Executing VM operation: HandshakeAllThreads done
Event: 16.407 loading class java/security/DomainCombiner
Event: 16.407 loading class java/security/DomainCombiner done
Event: 16.650 loading class javax/swing/Icon
Event: 16.650 loading class javax/swing/Icon done
Event: 16.661 Thread 0x00000218ccb7e950 Thread added: 0x00000218ccb7e950
Event: 16.661 Thread 0x00000218ccb811d0 Thread added: 0x00000218ccb811d0


Dynamic libraries:
0x00007ff6256c0000 - 0x00007ff6256cd000 	C:\Users\spiro\.p2\pool\plugins\org.eclipse.justj.openjdk.hotspot.jre.full.win32.x86_64_15.0.2.v20210201-0955\jre\bin\javaw.exe
0x00007ff8cd790000 - 0x00007ff8cd985000 	C:\WINDOWS\SYSTEM32\ntdll.dll
0x00007ff8cd510000 - 0x00007ff8cd5cd000 	C:\WINDOWS\System32\KERNEL32.DLL
0x00007ff8cb410000 - 0x00007ff8cb6d8000 	C:\WINDOWS\System32\KERNELBASE.dll
0x00007ff8cb310000 - 0x00007ff8cb410000 	C:\WINDOWS\System32\ucrtbase.dll
0x00007ff8c8710000 - 0x00007ff8c8728000 	C:\Users\spiro\.p2\pool\plugins\org.eclipse.justj.openjdk.hotspot.jre.full.win32.x86_64_15.0.2.v20210201-0955\jre\bin\jli.dll
0x00007ff8c3ac0000 - 0x00007ff8c3ad9000 	C:\Users\spiro\.p2\pool\plugins\org.eclipse.justj.openjdk.hotspot.jre.full.win32.x86_64_15.0.2.v20210201-0955\jre\bin\VCRUNTIME140.dll
0x00007ff8cd2d0000 - 0x00007ff8cd470000 	C:\WINDOWS\System32\USER32.dll
0x00007ff8cb060000 - 0x00007ff8cb082000 	C:\WINDOWS\System32\win32u.dll
0x00007ff8b7ce0000 - 0x00007ff8b7f7a000 	C:\WINDOWS\WinSxS\amd64_microsoft.windows.common-controls_6595b64144ccf1df_6.0.19041.844_none_ca00b6081b84eb1d\COMCTL32.dll
0x00007ff8cc0d0000 - 0x00007ff8cc0fa000 	C:\WINDOWS\System32\GDI32.dll
0x00007ff8cd470000 - 0x00007ff8cd50e000 	C:\WINDOWS\System32\msvcrt.dll
0x00007ff8caed0000 - 0x00007ff8cafdb000 	C:\WINDOWS\System32\gdi32full.dll
0x00007ff8cb240000 - 0x00007ff8cb2dd000 	C:\WINDOWS\System32\msvcp_win.dll
0x00007ff8cbc70000 - 0x00007ff8cbca0000 	C:\WINDOWS\System32\IMM32.DLL
0x00007ff8c86d0000 - 0x00007ff8c86dc000 	C:\Users\spiro\.p2\pool\plugins\org.eclipse.justj.openjdk.hotspot.jre.full.win32.x86_64_15.0.2.v20210201-0955\jre\bin\vcruntime140_1.dll
0x00007ff8c3a20000 - 0x00007ff8c3ab1000 	C:\Users\spiro\.p2\pool\plugins\org.eclipse.justj.openjdk.hotspot.jre.full.win32.x86_64_15.0.2.v20210201-0955\jre\bin\msvcp140.dll
0x00007ff855700000 - 0x00007ff85625e000 	C:\Users\spiro\.p2\pool\plugins\org.eclipse.justj.openjdk.hotspot.jre.full.win32.x86_64_15.0.2.v20210201-0955\jre\bin\server\jvm.dll
0x00007ff8cbbb0000 - 0x00007ff8cbc5c000 	C:\WINDOWS\System32\ADVAPI32.dll
0x00007ff8cb850000 - 0x00007ff8cb8eb000 	C:\WINDOWS\System32\sechost.dll
0x00007ff8cc650000 - 0x00007ff8cc77b000 	C:\WINDOWS\System32\RPCRT4.dll
0x00007ff8cbd50000 - 0x00007ff8cbd58000 	C:\WINDOWS\System32\PSAPI.DLL
0x00007ff8b64f0000 - 0x00007ff8b64f9000 	C:\WINDOWS\SYSTEM32\WSOCK32.dll
0x00007ff8cd630000 - 0x00007ff8cd69b000 	C:\WINDOWS\System32\WS2_32.dll
0x00007ff8c2fa0000 - 0x00007ff8c2faa000 	C:\WINDOWS\SYSTEM32\VERSION.dll
0x00007ff8c0ea0000 - 0x00007ff8c0ec7000 	C:\WINDOWS\SYSTEM32\WINMM.dll
0x00007ff8c8e20000 - 0x00007ff8c8e32000 	C:\WINDOWS\SYSTEM32\kernel.appcore.dll
0x00007ff8c5260000 - 0x00007ff8c526a000 	C:\Users\spiro\.p2\pool\plugins\org.eclipse.justj.openjdk.hotspot.jre.full.win32.x86_64_15.0.2.v20210201-0955\jre\bin\jimage.dll
0x00007ff8b5b50000 - 0x00007ff8b5d34000 	C:\WINDOWS\SYSTEM32\DBGHELP.DLL
0x00007ff8b5070000 - 0x00007ff8b509c000 	C:\WINDOWS\SYSTEM32\dbgcore.DLL
0x00007ff8cafe0000 - 0x00007ff8cb060000 	C:\WINDOWS\System32\bcryptPrimitives.dll
0x00007ff8bc480000 - 0x00007ff8bc4a5000 	C:\Users\spiro\.p2\pool\plugins\org.eclipse.justj.openjdk.hotspot.jre.full.win32.x86_64_15.0.2.v20210201-0955\jre\bin\java.dll
0x00007ff8bc460000 - 0x00007ff8bc478000 	C:\Users\spiro\.p2\pool\plugins\org.eclipse.justj.openjdk.hotspot.jre.full.win32.x86_64_15.0.2.v20210201-0955\jre\bin\zip.dll
0x00007ff8cc850000 - 0x00007ff8ccf92000 	C:\WINDOWS\System32\SHELL32.dll
0x00007ff8c9020000 - 0x00007ff8c97b0000 	C:\WINDOWS\SYSTEM32\windows.storage.dll
0x00007ff8cbd70000 - 0x00007ff8cc0c5000 	C:\WINDOWS\System32\combase.dll
0x00007ff8ca870000 - 0x00007ff8ca89c000 	C:\WINDOWS\SYSTEM32\Wldp.dll
0x00007ff8cd6a0000 - 0x00007ff8cd74e000 	C:\WINDOWS\System32\SHCORE.dll
0x00007ff8cbad0000 - 0x00007ff8cbb25000 	C:\WINDOWS\System32\shlwapi.dll
0x00007ff8cae10000 - 0x00007ff8cae2f000 	C:\WINDOWS\SYSTEM32\profapi.dll
0x00007ff8bc440000 - 0x00007ff8bc459000 	C:\Users\spiro\.p2\pool\plugins\org.eclipse.justj.openjdk.hotspot.jre.full.win32.x86_64_15.0.2.v20210201-0955\jre\bin\net.dll
0x00007ff8bbec0000 - 0x00007ff8bbfcb000 	C:\WINDOWS\SYSTEM32\WINHTTP.dll
0x00007ff8ca5e0000 - 0x00007ff8ca64a000 	C:\WINDOWS\system32\mswsock.dll
0x00007ff8bc420000 - 0x00007ff8bc432000 	C:\Users\spiro\.p2\pool\plugins\org.eclipse.justj.openjdk.hotspot.jre.full.win32.x86_64_15.0.2.v20210201-0955\jre\bin\nio.dll
0x00007ff8aec70000 - 0x00007ff8aedef000 	C:\Users\spiro\.p2\pool\plugins\org.eclipse.justj.openjdk.hotspot.jre.full.win32.x86_64_15.0.2.v20210201-0955\jre\bin\awt.dll
0x00007ff8cc780000 - 0x00007ff8cc84d000 	C:\WINDOWS\System32\OLEAUT32.dll
0x00007ff8c87d0000 - 0x00007ff8c8860000 	C:\WINDOWS\SYSTEM32\apphelp.dll
0x00007ff8c8960000 - 0x00007ff8c89fe000 	C:\WINDOWS\system32\uxtheme.dll
0x00007ff8ccfa0000 - 0x00007ff8cd0b5000 	C:\WINDOWS\System32\MSCTF.dll
0x00007ff8cb910000 - 0x00007ff8cba3a000 	C:\WINDOWS\System32\ole32.dll
0x00007ff8c8b30000 - 0x00007ff8c8b5f000 	C:\WINDOWS\system32\DWMAPI.DLL
0x00007ff8ca7c0000 - 0x00007ff8ca7d8000 	C:\WINDOWS\SYSTEM32\CRYPTSP.dll
0x00007ff8c9f80000 - 0x00007ff8c9fb4000 	C:\WINDOWS\system32\rsaenh.dll
0x00007ff8cb2e0000 - 0x00007ff8cb307000 	C:\WINDOWS\System32\bcrypt.dll
0x00007ff8cadd0000 - 0x00007ff8cadfe000 	C:\WINDOWS\SYSTEM32\USERENV.dll
0x00007ff8ca7b0000 - 0x00007ff8ca7bc000 	C:\WINDOWS\SYSTEM32\CRYPTBASE.dll
0x00007ff8ca2d0000 - 0x00007ff8ca30b000 	C:\WINDOWS\SYSTEM32\IPHLPAPI.DLL
0x00007ff8cbd60000 - 0x00007ff8cbd68000 	C:\WINDOWS\System32\NSI.dll
0x00007ff8c29f0000 - 0x00007ff8c2a07000 	C:\WINDOWS\SYSTEM32\dhcpcsvc6.DLL
0x00007ff8c2d00000 - 0x00007ff8c2d1d000 	C:\WINDOWS\SYSTEM32\dhcpcsvc.DLL
0x00007ff8ca310000 - 0x00007ff8ca3dc000 	C:\WINDOWS\SYSTEM32\DNSAPI.dll
0x00007ff8b8690000 - 0x00007ff8b87b6000 	C:\WINDOWS\system32\opengl32.dll
0x00007ff8c39f0000 - 0x00007ff8c3a1c000 	C:\WINDOWS\SYSTEM32\GLU32.dll
0x00007ff8c37c0000 - 0x00007ff8c398e000 	C:\WINDOWS\system32\d3d9.dll
0x00007ff8caa50000 - 0x00007ff8caa62000 	C:\WINDOWS\SYSTEM32\msasn1.dll
0x00007ff8c2f60000 - 0x00007ff8c2f91000 	C:\WINDOWS\SYSTEM32\cryptnet.dll
0x00007ff8cb0e0000 - 0x00007ff8cb23f000 	C:\WINDOWS\System32\CRYPT32.dll
0x00007ff8cb790000 - 0x00007ff8cb7f0000 	C:\WINDOWS\System32\WINTRUST.DLL
0x00007ff8cb8f0000 - 0x00007ff8cb90d000 	C:\WINDOWS\System32\imagehlp.dll
0x00007ff89a1a0000 - 0x00007ff89a2a5000 	C:\WINDOWS\System32\DriverStore\FileRepository\nvami.inf_amd64_639a3c256c54d65e\nvldumdx.dll
0x00007ff8596e0000 - 0x00007ff85b327000 	C:\WINDOWS\System32\DriverStore\FileRepository\nvami.inf_amd64_639a3c256c54d65e\nvd3dumx.dll
0x00007ff88a1c0000 - 0x00007ff88a47e000 	C:\WINDOWS\system32\nvspcap64.dll
0x00007ff8c9c10000 - 0x00007ff8c9c43000 	C:\WINDOWS\SYSTEM32\ntmarta.dll
0x00007ff8c97c0000 - 0x00007ff8c97e3000 	C:\WINDOWS\SYSTEM32\gpapi.dll
0x00007ff8c1980000 - 0x00007ff8c19bb000 	C:\WINDOWS\SYSTEM32\dxcore.dll
0x00007ff8cb090000 - 0x00007ff8cb0de000 	C:\WINDOWS\System32\cfgmgr32.dll
0x00007ff8c0ed0000 - 0x00007ff8c10ab000 	C:\WINDOWS\System32\DriverStore\FileRepository\u0362957.inf_amd64_47170f5efa6cd04e\B362672\aticfx64.dll
0x00007ff8c39b0000 - 0x00007ff8c39e3000 	C:\WINDOWS\System32\DriverStore\FileRepository\u0362957.inf_amd64_47170f5efa6cd04e\B362672\atiu9p64.dll
0x00007ff863e20000 - 0x00007ff864ab6000 	C:\WINDOWS\System32\DriverStore\FileRepository\u0362957.inf_amd64_47170f5efa6cd04e\B362672\atiumd64.dll
0x0000000074f20000 - 0x0000000075d9d000 	C:\WINDOWS\System32\DriverStore\FileRepository\u0362957.inf_amd64_47170f5efa6cd04e\B362672\atiumd6a.dll
0x00007ff8cad40000 - 0x00007ff8cad8b000 	C:\WINDOWS\SYSTEM32\POWRPROF.dll
0x00007ff8cad20000 - 0x00007ff8cad32000 	C:\WINDOWS\SYSTEM32\UMPDC.dll
0x00007ff8bed20000 - 0x00007ff8bed4f000 	C:\WINDOWS\SYSTEM32\amdihk64.dll
0x00007ff8b8d30000 - 0x00007ff8b8db5000 	C:\Users\spiro\.p2\pool\plugins\org.eclipse.justj.openjdk.hotspot.jre.full.win32.x86_64_15.0.2.v20210201-0955\jre\bin\freetype.dll
0x00007ff8aebc0000 - 0x00007ff8aec69000 	C:\Users\spiro\.p2\pool\plugins\org.eclipse.justj.openjdk.hotspot.jre.full.win32.x86_64_15.0.2.v20210201-0955\jre\bin\fontmanager.dll
0x00007ff8cbca0000 - 0x00007ff8cbd49000 	C:\WINDOWS\System32\clbcatq.dll
0x00007ff8c4070000 - 0x00007ff8c4224000 	C:\WINDOWS\SYSTEM32\WindowsCodecs.dll
0x00007ff8adf30000 - 0x00007ff8adf6e000 	C:\WINDOWS\system32\dataexchange.dll
0x00007ff8c6c70000 - 0x00007ff8c6ed4000 	C:\WINDOWS\system32\d3d11.dll
0x00007ff8c7bc0000 - 0x00007ff8c7da5000 	C:\WINDOWS\system32\dcomp.dll
0x00007ff8c9810000 - 0x00007ff8c9904000 	C:\WINDOWS\system32\dxgi.dll
0x00007ff8c43c0000 - 0x00007ff8c45c1000 	C:\WINDOWS\system32\twinapi.appcore.dll
0x00007ff8c3be0000 - 0x00007ff8c3cd9000 	C:\WINDOWS\SYSTEM32\textinputframework.dll
0x00007ff8c8490000 - 0x00007ff8c8582000 	C:\WINDOWS\System32\CoreMessaging.dll
0x00007ff8c8130000 - 0x00007ff8c848e000 	C:\WINDOWS\System32\CoreUIComponents.dll
0x00007ff8c7a40000 - 0x00007ff8c7b94000 	C:\WINDOWS\SYSTEM32\wintypes.dll
0x00007ff8b8240000 - 0x00007ff8b82bf000 	C:\Users\spiro\.p2\pool\plugins\org.eclipse.justj.openjdk.hotspot.jre.full.win32.x86_64_15.0.2.v20210201-0955\jre\bin\mlib_image.dll

dbghelp: loaded successfully - version: 4.0.5 - missing functions: none
symbol engine: initialized successfully - sym options: 0x614 - pdb path: .;C:\Users\spiro\.p2\pool\plugins\org.eclipse.justj.openjdk.hotspot.jre.full.win32.x86_64_15.0.2.v20210201-0955\jre\bin;C:\WINDOWS\SYSTEM32;C:\WINDOWS\WinSxS\amd64_microsoft.windows.common-controls_6595b64144ccf1df_6.0.19041.844_none_ca00b6081b84eb1d;C:\Users\spiro\.p2\pool\plugins\org.eclipse.justj.openjdk.hotspot.jre.full.win32.x86_64_15.0.2.v20210201-0955\jre\bin\server;C:\WINDOWS\System32\DriverStore\FileRepository\nvami.inf_amd64_639a3c256c54d65e;C:\WINDOWS\System32\DriverStore\FileRepository\u0362957.inf_amd64_47170f5efa6cd04e\B362672

VM Arguments:
jvm_args: -Dfile.encoding=UTF-8 -XX:+ShowCodeDetailsInExceptionMessages 
java_command: test.MainClass
java_class_path (initial): C:\Users\spiro\eclipse-workspace\Assignment\bin;C:\Users\spiro\Downloads\TurtleGraphics.jar
Launcher Type: SUN_STANDARD

[Global flags]
     intx CICompilerCount                          = 12                                        {product} {ergonomic}
     uint ConcGCThreads                            = 3                                         {product} {ergonomic}
     uint G1ConcRefinementThreads                  = 13                                        {product} {ergonomic}
   size_t G1HeapRegionSize                         = 2097152                                   {product} {ergonomic}
    uintx GCDrainStackTargetSize                   = 64                                        {product} {ergonomic}
   size_t InitialHeapSize                          = 260046848                                 {product} {ergonomic}
   size_t MarkStackSize                            = 4194304                                   {product} {ergonomic}
   size_t MaxHeapSize                              = 4139778048                                {product} {ergonomic}
   size_t MaxNewSize                               = 2483027968                                {product} {ergonomic}
   size_t MinHeapDeltaBytes                        = 2097152                                   {product} {ergonomic}
   size_t MinHeapSize                              = 8388608                                   {product} {ergonomic}
    uintx NonNMethodCodeHeapSize                   = 7602480                                {pd product} {ergonomic}
    uintx NonProfiledCodeHeapSize                  = 122027880                              {pd product} {ergonomic}
    uintx ProfiledCodeHeapSize                     = 122027880                              {pd product} {ergonomic}
    uintx ReservedCodeCacheSize                    = 251658240                              {pd product} {ergonomic}
     bool SegmentedCodeCache                       = true                                      {product} {ergonomic}
     bool ShowCodeDetailsInExceptionMessages       = true                                   {manageable} {command line}
   size_t SoftMaxHeapSize                          = 4139778048                             {manageable} {ergonomic}
     bool UseCompressedClassPointers               = true                                 {lp64_product} {ergonomic}
     bool UseCompressedOops                        = true                                 {lp64_product} {ergonomic}
     bool UseG1GC                                  = true                                      {product} {ergonomic}
     bool UseLargePagesIndividualAllocation        = false                                  {pd product} {ergonomic}

Logging:
Log output configuration:
 #0: stdout all=warning uptime,level,tags
 #1: stderr all=off uptime,level,tags

Environment Variables:
PATH=C:/Users/spiro/.p2/pool/plugins/org.eclipse.justj.openjdk.hotspot.jre.full.win32.x86_64_15.0.2.v20210201-0955/jre/bin/server;C:/Users/spiro/.p2/pool/plugins/org.eclipse.justj.openjdk.hotspot.jre.full.win32.x86_64_15.0.2.v20210201-0955/jre/bin;C:\Program Files\Python38\Scripts\;C:\Program Files\Python38\;C:\Python39\Scripts\;C:\Python39\;C:\Windows\system32;C:\Windows;C:\Windows\System32\Wbem;C:\Windows\System32\WindowsPowerShell\v1.0\;C:\Windows\System32\OpenSSH\;C:\Program Files (x86)\NVIDIA Corporation\PhysX\Common;C:\Program Files\NVIDIA Corporation\NVIDIA NvDLISR;C:\Program Files\nodejs\;C:\ProgramData\chocolatey\bin;C:\Program Files\dotnet\;%SystemRoot%\system32;%SystemRoot%;%SystemRoot%\System32\Wbem;%SYSTEMROOT%\System32\WindowsPowerShell\v1.0\;%SYSTEMROOT%\System32\OpenSSH\;C:\Users\spiro\AppData\Local\Microsoft\WindowsApps;;C:\Users\spiro\AppData\Local\Programs\Microsoft VS Code\bin;C:\Users\spiro\AppData\Roaming\npm;C:\Users\spiro\.dotnet\tools;C:\Users\spiro\OneDrive\Desktop;
USERNAME=spiro
OS=Windows_NT
PROCESSOR_IDENTIFIER=AMD64 Family 23 Model 96 Stepping 1, AuthenticAMD



---------------  S Y S T E M  ---------------

OS:
 Windows 10 , 64 bit Build 19041 (10.0.19041.928)
OS uptime: 1 days 1:14 hours

CPU: total 16 (initial active 16) (16 cores per cpu, 2 threads per core) family 23 model 96 stepping 1 microcode 0x0, cmov, cx8, fxsr, mmx, sse, sse2, sse3, ssse3, sse4.1, sse4.2, popcnt, vzeroupper, avx, avx2, aes, clmul, 3dnowpref, lzcnt, sse4a, ht, tsc, tscinvbit, tscinv, bmi1, bmi2, adx, sha, fma, clflush, clflushopt

Memory: 4k page, system-wide physical 15789M (3928M free)
TotalPageFile size 25789M (AvailPageFile size 5M)
current process WorkingSet (physical memory assigned to process): 265M, peak: 265M
current process commit charge ("private bytes"): 681M, peak: 681M

vm_info: OpenJDK 64-Bit Server VM (15.0.2+7-27) for windows-amd64 JRE (15.0.2+7-27), built on Dec  7 2020 20:02:38 by "mach5one" with unknown MS VC++:1925

END.
