#
# There is insufficient memory for the Java Runtime Environment to continue.
# Native memory allocation (malloc) failed to allocate 237296 bytes for Chunk::new
# Possible reasons:
#   The system is out of physical RAM or swap space
#   The process is running with CompressedOops enabled, and the Java Heap may be blocking the growth of the native heap
# Possible solutions:
#   Reduce memory load on the system
#   Increase physical memory or swap space
#   Check if swap backing store is full
#   Decrease Java heap size (-Xmx/-Xms)
#   Decrease number of Java threads
#   Decrease Java thread stack sizes (-Xss)
#   Set larger code cache with -XX:ReservedCodeCacheSize=
#   JVM is running with Zero Based Compressed Oops mode in which the Java heap is
#     placed in the first 32GB address space. The Java Heap base address is the
#     maximum limit for the native heap growth. Please use -XX:HeapBaseMinAddress
#     to set the Java Heap base and to place the Java Heap above 32GB virtual address.
# This output file may be truncated or incomplete.
#
#  Out of Memory Error (./open/src/hotspot/share/memory/arena.cpp:195), pid=22304, tid=18916
#
# JRE version: OpenJDK Runtime Environment (15.0.2+7) (build 15.0.2+7-27)
# Java VM: OpenJDK 64-Bit Server VM (15.0.2+7-27, mixed mode, tiered, compressed oops, g1 gc, windows-amd64)
# No core dump will be written. Minidumps are not enabled by default on client versions of Windows
#

---------------  S U M M A R Y ------------

Command Line: -Dfile.encoding=UTF-8 -XX:+ShowCodeDetailsInExceptionMessages test.MainClass

Host: AMD Ryzen 9 4900H with Radeon Graphics         , 16 cores, 15G,  Windows 10 , 64 bit Build 19041 (10.0.19041.928)
Time: Tue Jun  8 17:00:08 2021 GMT Summer Time elapsed time: 20.693993 seconds (0d 0h 0m 20s)

---------------  T H R E A D  ---------------

Current thread (0x0000014e27d69780):  JavaThread "C2 CompilerThread0" daemon [_thread_in_native, id=18916, stack(0x0000002683a00000,0x0000002683b00000)]


Current CompileTask:
C2:  20694 2518   !   4       sun.java2d.pipe.DrawImage::renderImageScale (158 bytes)

Stack: [0x0000002683a00000,0x0000002683b00000]
Native frames: (J=compiled Java code, j=interpreted, Vv=VM code, C=native code)
V  [jvm.dll+0x62ae9a]
V  [jvm.dll+0x7817a9]
V  [jvm.dll+0x782f03]
V  [jvm.dll+0x783563]
V  [jvm.dll+0x216325]
V  [jvm.dll+0x97f3a]
V  [jvm.dll+0x9861c]
V  [jvm.dll+0x32e2a8]
V  [jvm.dll+0x2f768a]
V  [jvm.dll+0x2f6a4a]
V  [jvm.dll+0x1ea705]
V  [jvm.dll+0x1e996e]
V  [jvm.dll+0x178567]
V  [jvm.dll+0x1f9225]
V  [jvm.dll+0x1f72cc]
V  [jvm.dll+0x74495d]
V  [jvm.dll+0x73d75a]
V  [jvm.dll+0x629c56]
C  [ucrtbase.dll+0x21bb2]
C  [KERNEL32.DLL+0x17034]
C  [ntdll.dll+0x52651]


---------------  P R O C E S S  ---------------

Threads class SMR info:
_java_thread_list=0x0000014e30ac6480, length=17, elements={
0x0000014e274c6030, 0x0000014e274c7100, 0x0000014e274ce1e0, 0x0000014e274ceaa0,
0x0000014e27d68b90, 0x0000014e27d69780, 0x0000014e27d6a080, 0x0000014e27d6de80,
0x0000014e27f3dcb0, 0x0000014e27f51aa0, 0x0000014e28365af0, 0x0000014e28365fc0,
0x0000014e28364880, 0x0000014e301d1980, 0x0000014e07ed04d0, 0x0000014e302900d0,
0x0000014e303b1a70
}

Java Threads: ( => current thread )
  0x0000014e274c6030 JavaThread "Reference Handler" daemon [_thread_blocked, id=11592, stack(0x0000002683500000,0x0000002683600000)]
  0x0000014e274c7100 JavaThread "Finalizer" daemon [_thread_blocked, id=9268, stack(0x0000002683600000,0x0000002683700000)]
  0x0000014e274ce1e0 JavaThread "Signal Dispatcher" daemon [_thread_blocked, id=12036, stack(0x0000002683700000,0x0000002683800000)]
  0x0000014e274ceaa0 JavaThread "Attach Listener" daemon [_thread_blocked, id=9724, stack(0x0000002683800000,0x0000002683900000)]
  0x0000014e27d68b90 JavaThread "Service Thread" daemon [_thread_blocked, id=3888, stack(0x0000002683900000,0x0000002683a00000)]
=>0x0000014e27d69780 JavaThread "C2 CompilerThread0" daemon [_thread_in_native, id=18916, stack(0x0000002683a00000,0x0000002683b00000)]
  0x0000014e27d6a080 JavaThread "C1 CompilerThread0" daemon [_thread_blocked, id=10436, stack(0x0000002683b00000,0x0000002683c00000)]
  0x0000014e27d6de80 JavaThread "Sweeper thread" daemon [_thread_blocked, id=12412, stack(0x0000002683c00000,0x0000002683d00000)]
  0x0000014e27f3dcb0 JavaThread "Notification Thread" daemon [_thread_blocked, id=15864, stack(0x0000002683e00000,0x0000002683f00000)]
  0x0000014e27f51aa0 JavaThread "Common-Cleaner" daemon [_thread_blocked, id=5176, stack(0x0000002684000000,0x0000002684100000)]
  0x0000014e28365af0 JavaThread "Java2D Disposer" daemon [_thread_blocked, id=16820, stack(0x0000002684100000,0x0000002684200000)]
  0x0000014e28365fc0 JavaThread "AWT-Shutdown" [_thread_blocked, id=21976, stack(0x0000002684200000,0x0000002684300000)]
  0x0000014e28364880 JavaThread "AWT-Windows" daemon [_thread_in_native, id=11888, stack(0x0000002684300000,0x0000002684400000)]
  0x0000014e301d1980 JavaThread "AWT-EventQueue-0" [_thread_blocked, id=21672, stack(0x0000002685250000,0x0000002685350000)]
  0x0000014e07ed04d0 JavaThread "DestroyJavaVM" [_thread_blocked, id=21276, stack(0x0000002682e00000,0x0000002682f00000)]
  0x0000014e302900d0 JavaThread "D3D Screen Updater" daemon [_thread_in_native, id=18520, stack(0x0000002685450000,0x0000002685550000)]
  0x0000014e303b1a70 JavaThread "TimerQueue" daemon [_thread_blocked, id=22156, stack(0x0000002685560000,0x0000002685660000)]

Other Threads:
  0x0000014e27d5e470 VMThread "VM Thread" [stack: 0x0000002683400000,0x0000002683500000] [id=1580]
  0x0000014e27f12ed0 WatcherThread [stack: 0x0000002683f00000,0x0000002684000000] [id=15004]
  0x0000014e07f1fce0 GCTaskThread "GC Thread#0" [stack: 0x0000002682f00000,0x0000002683000000] [id=22084]
  0x0000014e303ed6b0 GCTaskThread "GC Thread#1" [stack: 0x00000026857f0000,0x00000026858f0000] [id=18320]
  0x0000014e303eed00 GCTaskThread "GC Thread#2" [stack: 0x00000026858f0000,0x00000026859f0000] [id=12064]
  0x0000014e303f0020 GCTaskThread "GC Thread#3" [stack: 0x00000026859f0000,0x0000002685af0000] [id=9184]
  0x0000014e303ef690 GCTaskThread "GC Thread#4" [stack: 0x0000002685af0000,0x0000002685bf0000] [id=22076]
  0x0000014e303f1010 GCTaskThread "GC Thread#5" [stack: 0x0000002685bf0000,0x0000002685cf0000] [id=2424]
  0x0000014e07f32d40 ConcurrentGCThread "G1 Main Marker" [stack: 0x0000002683000000,0x0000002683100000] [id=11608]
  0x0000014e07f338c0 ConcurrentGCThread "G1 Conc#0" [stack: 0x0000002683100000,0x0000002683200000] [id=19616]
  0x0000014e273640f0 ConcurrentGCThread "G1 Refine#0" [stack: 0x0000002683200000,0x0000002683300000] [id=8212]
  0x0000014e27364b00 ConcurrentGCThread "G1 Young RemSet Sampling" [stack: 0x0000002683300000,0x0000002683400000] [id=4020]

Threads with active compile tasks:
C2 CompilerThread0    20728 2518   !   4       sun.java2d.pipe.DrawImage::renderImageScale (158 bytes)

VM state: not at safepoint (normal execution)

VM Mutex/Monitor currently owned by a thread: None

Heap address: 0x0000000709400000, size: 3948 MB, Compressed Oops mode: Zero based, Oop shift amount: 3
CDS disabled.
Compressed class space mapped at: 0x0000000800000000-0x0000000840000000, size: 1073741824
Narrow klass base: 0x0000000800000000, Narrow klass shift: 0, Narrow klass range: 0x40000000

GC Precious Log:
 CPUs: 16 total, 16 available
 Memory: 15789M
 Large Page Support: Disabled
 NUMA Support: Disabled
 Compressed Oops: Enabled (Zero based)
 Heap Region Size: 2M
 Heap Min Capacity: 8M
 Heap Initial Capacity: 248M
 Heap Max Capacity: 3948M
 Pre-touch: Disabled
 Parallel Workers: 13
 Concurrent Workers: 3
 Concurrent Refinement Workers: 13
 Periodic GC: Disabled

Heap:
 garbage-first heap   total 253952K, used 76564K [0x0000000709400000, 0x0000000800000000)
  region size 2048K, 37 young (75776K), 2 survivors (4096K)
 Metaspace       used 18740K, capacity 18956K, committed 19072K, reserved 1067008K
  class space    used 1818K, capacity 1890K, committed 1920K, reserved 1048576K

Heap Regions: E=young(eden), S=young(survivor), O=old, HS=humongous(starts), HC=humongous(continues), CS=collection set, F=free, OA=open archive, CA=closed archive, TAMS=top-at-mark-start (previous, next)
|   0|0x0000000709400000, 0x0000000709600000, 0x0000000709600000|100%|HS|  |TAMS 0x0000000709400000, 0x0000000709400000| Complete 
|   1|0x0000000709600000, 0x0000000709800000, 0x0000000709800000|100%|HS|  |TAMS 0x0000000709600000, 0x0000000709600000| Complete 
|   2|0x0000000709800000, 0x0000000709800000, 0x0000000709a00000|  0%| F|  |TAMS 0x0000000709800000, 0x0000000709800000| Untracked 
|   3|0x0000000709a00000, 0x0000000709a00000, 0x0000000709c00000|  0%| F|  |TAMS 0x0000000709a00000, 0x0000000709a00000| Untracked 
|   4|0x0000000709c00000, 0x0000000709c00000, 0x0000000709e00000|  0%| F|  |TAMS 0x0000000709c00000, 0x0000000709c00000| Untracked 
|   5|0x0000000709e00000, 0x0000000709e00000, 0x000000070a000000|  0%| F|  |TAMS 0x0000000709e00000, 0x0000000709e00000| Untracked 
|   6|0x000000070a000000, 0x000000070a000000, 0x000000070a200000|  0%| F|  |TAMS 0x000000070a000000, 0x000000070a000000| Untracked 
|   7|0x000000070a200000, 0x000000070a200000, 0x000000070a400000|  0%| F|  |TAMS 0x000000070a200000, 0x000000070a200000| Untracked 
|   8|0x000000070a400000, 0x000000070a400000, 0x000000070a600000|  0%| F|  |TAMS 0x000000070a400000, 0x000000070a400000| Untracked 
|   9|0x000000070a600000, 0x000000070a600000, 0x000000070a800000|  0%| F|  |TAMS 0x000000070a600000, 0x000000070a600000| Untracked 
|  10|0x000000070a800000, 0x000000070a800000, 0x000000070aa00000|  0%| F|  |TAMS 0x000000070a800000, 0x000000070a800000| Untracked 
|  11|0x000000070aa00000, 0x000000070aa00000, 0x000000070ac00000|  0%| F|  |TAMS 0x000000070aa00000, 0x000000070aa00000| Untracked 
|  12|0x000000070ac00000, 0x000000070ac00000, 0x000000070ae00000|  0%| F|  |TAMS 0x000000070ac00000, 0x000000070ac00000| Untracked 
|  13|0x000000070ae00000, 0x000000070ae00000, 0x000000070b000000|  0%| F|  |TAMS 0x000000070ae00000, 0x000000070ae00000| Untracked 
|  14|0x000000070b000000, 0x000000070b000000, 0x000000070b200000|  0%| F|  |TAMS 0x000000070b000000, 0x000000070b000000| Untracked 
|  15|0x000000070b200000, 0x000000070b200000, 0x000000070b400000|  0%| F|  |TAMS 0x000000070b200000, 0x000000070b200000| Untracked 
|  16|0x000000070b400000, 0x000000070b400000, 0x000000070b600000|  0%| F|  |TAMS 0x000000070b400000, 0x000000070b400000| Untracked 
|  17|0x000000070b600000, 0x000000070b600000, 0x000000070b800000|  0%| F|  |TAMS 0x000000070b600000, 0x000000070b600000| Untracked 
|  18|0x000000070b800000, 0x000000070b800000, 0x000000070ba00000|  0%| F|  |TAMS 0x000000070b800000, 0x000000070b800000| Untracked 
|  19|0x000000070ba00000, 0x000000070ba00000, 0x000000070bc00000|  0%| F|  |TAMS 0x000000070ba00000, 0x000000070ba00000| Untracked 
|  20|0x000000070bc00000, 0x000000070bc00000, 0x000000070be00000|  0%| F|  |TAMS 0x000000070bc00000, 0x000000070bc00000| Untracked 
|  21|0x000000070be00000, 0x000000070be00000, 0x000000070c000000|  0%| F|  |TAMS 0x000000070be00000, 0x000000070be00000| Untracked 
|  22|0x000000070c000000, 0x000000070c000000, 0x000000070c200000|  0%| F|  |TAMS 0x000000070c000000, 0x000000070c000000| Untracked 
|  23|0x000000070c200000, 0x000000070c200000, 0x000000070c400000|  0%| F|  |TAMS 0x000000070c200000, 0x000000070c200000| Untracked 
|  24|0x000000070c400000, 0x000000070c400000, 0x000000070c600000|  0%| F|  |TAMS 0x000000070c400000, 0x000000070c400000| Untracked 
|  25|0x000000070c600000, 0x000000070c600000, 0x000000070c800000|  0%| F|  |TAMS 0x000000070c600000, 0x000000070c600000| Untracked 
|  26|0x000000070c800000, 0x000000070c800000, 0x000000070ca00000|  0%| F|  |TAMS 0x000000070c800000, 0x000000070c800000| Untracked 
|  27|0x000000070ca00000, 0x000000070ca00000, 0x000000070cc00000|  0%| F|  |TAMS 0x000000070ca00000, 0x000000070ca00000| Untracked 
|  28|0x000000070cc00000, 0x000000070cc00000, 0x000000070ce00000|  0%| F|  |TAMS 0x000000070cc00000, 0x000000070cc00000| Untracked 
|  29|0x000000070ce00000, 0x000000070ce00000, 0x000000070d000000|  0%| F|  |TAMS 0x000000070ce00000, 0x000000070ce00000| Untracked 
|  30|0x000000070d000000, 0x000000070d000000, 0x000000070d200000|  0%| F|  |TAMS 0x000000070d000000, 0x000000070d000000| Untracked 
|  31|0x000000070d200000, 0x000000070d200000, 0x000000070d400000|  0%| F|  |TAMS 0x000000070d200000, 0x000000070d200000| Untracked 
|  32|0x000000070d400000, 0x000000070d400000, 0x000000070d600000|  0%| F|  |TAMS 0x000000070d400000, 0x000000070d400000| Untracked 
|  33|0x000000070d600000, 0x000000070d600000, 0x000000070d800000|  0%| F|  |TAMS 0x000000070d600000, 0x000000070d600000| Untracked 
|  34|0x000000070d800000, 0x000000070d800000, 0x000000070da00000|  0%| F|  |TAMS 0x000000070d800000, 0x000000070d800000| Untracked 
|  35|0x000000070da00000, 0x000000070da00000, 0x000000070dc00000|  0%| F|  |TAMS 0x000000070da00000, 0x000000070da00000| Untracked 
|  36|0x000000070dc00000, 0x000000070dc00000, 0x000000070de00000|  0%| F|  |TAMS 0x000000070dc00000, 0x000000070dc00000| Untracked 
|  37|0x000000070de00000, 0x000000070de00000, 0x000000070e000000|  0%| F|  |TAMS 0x000000070de00000, 0x000000070de00000| Untracked 
|  38|0x000000070e000000, 0x000000070e000000, 0x000000070e200000|  0%| F|  |TAMS 0x000000070e000000, 0x000000070e000000| Untracked 
|  39|0x000000070e200000, 0x000000070e200000, 0x000000070e400000|  0%| F|  |TAMS 0x000000070e200000, 0x000000070e200000| Untracked 
|  40|0x000000070e400000, 0x000000070e400000, 0x000000070e600000|  0%| F|  |TAMS 0x000000070e400000, 0x000000070e400000| Untracked 
|  41|0x000000070e600000, 0x000000070e600000, 0x000000070e800000|  0%| F|  |TAMS 0x000000070e600000, 0x000000070e600000| Untracked 
|  42|0x000000070e800000, 0x000000070e800000, 0x000000070ea00000|  0%| F|  |TAMS 0x000000070e800000, 0x000000070e800000| Untracked 
|  43|0x000000070ea00000, 0x000000070ea00000, 0x000000070ec00000|  0%| F|  |TAMS 0x000000070ea00000, 0x000000070ea00000| Untracked 
|  44|0x000000070ec00000, 0x000000070ec00000, 0x000000070ee00000|  0%| F|  |TAMS 0x000000070ec00000, 0x000000070ec00000| Untracked 
|  45|0x000000070ee00000, 0x000000070ee00000, 0x000000070f000000|  0%| F|  |TAMS 0x000000070ee00000, 0x000000070ee00000| Untracked 
|  46|0x000000070f000000, 0x000000070f000000, 0x000000070f200000|  0%| F|  |TAMS 0x000000070f000000, 0x000000070f000000| Untracked 
|  47|0x000000070f200000, 0x000000070f200000, 0x000000070f400000|  0%| F|  |TAMS 0x000000070f200000, 0x000000070f200000| Untracked 
|  48|0x000000070f400000, 0x000000070f400000, 0x000000070f600000|  0%| F|  |TAMS 0x000000070f400000, 0x000000070f400000| Untracked 
|  49|0x000000070f600000, 0x000000070f600000, 0x000000070f800000|  0%| F|  |TAMS 0x000000070f600000, 0x000000070f600000| Untracked 
|  50|0x000000070f800000, 0x000000070f800000, 0x000000070fa00000|  0%| F|  |TAMS 0x000000070f800000, 0x000000070f800000| Untracked 
|  51|0x000000070fa00000, 0x000000070fa00000, 0x000000070fc00000|  0%| F|  |TAMS 0x000000070fa00000, 0x000000070fa00000| Untracked 
|  52|0x000000070fc00000, 0x000000070fc00000, 0x000000070fe00000|  0%| F|  |TAMS 0x000000070fc00000, 0x000000070fc00000| Untracked 
|  53|0x000000070fe00000, 0x000000070fe00000, 0x0000000710000000|  0%| F|  |TAMS 0x000000070fe00000, 0x000000070fe00000| Untracked 
|  54|0x0000000710000000, 0x0000000710000000, 0x0000000710200000|  0%| F|  |TAMS 0x0000000710000000, 0x0000000710000000| Untracked 
|  55|0x0000000710200000, 0x0000000710200000, 0x0000000710400000|  0%| F|  |TAMS 0x0000000710200000, 0x0000000710200000| Untracked 
|  56|0x0000000710400000, 0x0000000710400000, 0x0000000710600000|  0%| F|  |TAMS 0x0000000710400000, 0x0000000710400000| Untracked 
|  57|0x0000000710600000, 0x0000000710600000, 0x0000000710800000|  0%| F|  |TAMS 0x0000000710600000, 0x0000000710600000| Untracked 
|  58|0x0000000710800000, 0x0000000710800000, 0x0000000710a00000|  0%| F|  |TAMS 0x0000000710800000, 0x0000000710800000| Untracked 
|  59|0x0000000710a00000, 0x0000000710a00000, 0x0000000710c00000|  0%| F|  |TAMS 0x0000000710a00000, 0x0000000710a00000| Untracked 
|  60|0x0000000710c00000, 0x0000000710c00000, 0x0000000710e00000|  0%| F|  |TAMS 0x0000000710c00000, 0x0000000710c00000| Untracked 
|  61|0x0000000710e00000, 0x0000000710e00000, 0x0000000711000000|  0%| F|  |TAMS 0x0000000710e00000, 0x0000000710e00000| Untracked 
|  62|0x0000000711000000, 0x0000000711000000, 0x0000000711200000|  0%| F|  |TAMS 0x0000000711000000, 0x0000000711000000| Untracked 
|  63|0x0000000711200000, 0x0000000711200000, 0x0000000711400000|  0%| F|  |TAMS 0x0000000711200000, 0x0000000711200000| Untracked 
|  64|0x0000000711400000, 0x0000000711400000, 0x0000000711600000|  0%| F|  |TAMS 0x0000000711400000, 0x0000000711400000| Untracked 
|  65|0x0000000711600000, 0x0000000711600000, 0x0000000711800000|  0%| F|  |TAMS 0x0000000711600000, 0x0000000711600000| Untracked 
|  66|0x0000000711800000, 0x0000000711800000, 0x0000000711a00000|  0%| F|  |TAMS 0x0000000711800000, 0x0000000711800000| Untracked 
|  67|0x0000000711a00000, 0x0000000711a00000, 0x0000000711c00000|  0%| F|  |TAMS 0x0000000711a00000, 0x0000000711a00000| Untracked 
|  68|0x0000000711c00000, 0x0000000711c00000, 0x0000000711e00000|  0%| F|  |TAMS 0x0000000711c00000, 0x0000000711c00000| Untracked 
|  69|0x0000000711e00000, 0x0000000711e00000, 0x0000000712000000|  0%| F|  |TAMS 0x0000000711e00000, 0x0000000711e00000| Untracked 
|  70|0x0000000712000000, 0x0000000712000000, 0x0000000712200000|  0%| F|  |TAMS 0x0000000712000000, 0x0000000712000000| Untracked 
|  71|0x0000000712200000, 0x0000000712200000, 0x0000000712400000|  0%| F|  |TAMS 0x0000000712200000, 0x0000000712200000| Untracked 
|  72|0x0000000712400000, 0x0000000712400000, 0x0000000712600000|  0%| F|  |TAMS 0x0000000712400000, 0x0000000712400000| Untracked 
|  73|0x0000000712600000, 0x0000000712600000, 0x0000000712800000|  0%| F|  |TAMS 0x0000000712600000, 0x0000000712600000| Untracked 
|  74|0x0000000712800000, 0x0000000712800000, 0x0000000712a00000|  0%| F|  |TAMS 0x0000000712800000, 0x0000000712800000| Untracked 
|  75|0x0000000712a00000, 0x0000000712a00000, 0x0000000712c00000|  0%| F|  |TAMS 0x0000000712a00000, 0x0000000712a00000| Untracked 
|  76|0x0000000712c00000, 0x0000000712c00000, 0x0000000712e00000|  0%| F|  |TAMS 0x0000000712c00000, 0x0000000712c00000| Untracked 
|  77|0x0000000712e00000, 0x0000000712e00000, 0x0000000713000000|  0%| F|  |TAMS 0x0000000712e00000, 0x0000000712e00000| Untracked 
|  78|0x0000000713000000, 0x0000000713000000, 0x0000000713200000|  0%| F|  |TAMS 0x0000000713000000, 0x0000000713000000| Untracked 
|  79|0x0000000713200000, 0x0000000713200000, 0x0000000713400000|  0%| F|  |TAMS 0x0000000713200000, 0x0000000713200000| Untracked 
|  80|0x0000000713400000, 0x0000000713400000, 0x0000000713600000|  0%| F|  |TAMS 0x0000000713400000, 0x0000000713400000| Untracked 
|  81|0x0000000713600000, 0x0000000713600000, 0x0000000713800000|  0%| F|  |TAMS 0x0000000713600000, 0x0000000713600000| Untracked 
|  82|0x0000000713800000, 0x0000000713800000, 0x0000000713a00000|  0%| F|  |TAMS 0x0000000713800000, 0x0000000713800000| Untracked 
|  83|0x0000000713a00000, 0x0000000713a00000, 0x0000000713c00000|  0%| F|  |TAMS 0x0000000713a00000, 0x0000000713a00000| Untracked 
|  84|0x0000000713c00000, 0x0000000713c00000, 0x0000000713e00000|  0%| F|  |TAMS 0x0000000713c00000, 0x0000000713c00000| Untracked 
|  85|0x0000000713e00000, 0x0000000713e00000, 0x0000000714000000|  0%| F|  |TAMS 0x0000000713e00000, 0x0000000713e00000| Untracked 
|  86|0x0000000714000000, 0x0000000714000000, 0x0000000714200000|  0%| F|  |TAMS 0x0000000714000000, 0x0000000714000000| Untracked 
|  87|0x0000000714200000, 0x0000000714400000, 0x0000000714400000|100%| E|  |TAMS 0x0000000714200000, 0x0000000714200000| Complete 
|  88|0x0000000714400000, 0x0000000714600000, 0x0000000714600000|100%| E|CS|TAMS 0x0000000714400000, 0x0000000714400000| Complete 
|  89|0x0000000714600000, 0x0000000714800000, 0x0000000714800000|100%| E|CS|TAMS 0x0000000714600000, 0x0000000714600000| Complete 
|  90|0x0000000714800000, 0x0000000714a00000, 0x0000000714a00000|100%| E|CS|TAMS 0x0000000714800000, 0x0000000714800000| Complete 
|  91|0x0000000714a00000, 0x0000000714c00000, 0x0000000714c00000|100%| E|CS|TAMS 0x0000000714a00000, 0x0000000714a00000| Complete 
|  92|0x0000000714c00000, 0x0000000714e00000, 0x0000000714e00000|100%| E|CS|TAMS 0x0000000714c00000, 0x0000000714c00000| Complete 
|  93|0x0000000714e00000, 0x0000000715000000, 0x0000000715000000|100%| E|CS|TAMS 0x0000000714e00000, 0x0000000714e00000| Complete 
|  94|0x0000000715000000, 0x0000000715200000, 0x0000000715200000|100%| E|CS|TAMS 0x0000000715000000, 0x0000000715000000| Complete 
|  95|0x0000000715200000, 0x0000000715400000, 0x0000000715400000|100%| E|CS|TAMS 0x0000000715200000, 0x0000000715200000| Complete 
|  96|0x0000000715400000, 0x0000000715600000, 0x0000000715600000|100%| E|CS|TAMS 0x0000000715400000, 0x0000000715400000| Complete 
|  97|0x0000000715600000, 0x0000000715800000, 0x0000000715800000|100%| E|CS|TAMS 0x0000000715600000, 0x0000000715600000| Complete 
|  98|0x0000000715800000, 0x0000000715a00000, 0x0000000715a00000|100%| E|CS|TAMS 0x0000000715800000, 0x0000000715800000| Complete 
|  99|0x0000000715a00000, 0x0000000715c00000, 0x0000000715c00000|100%| E|CS|TAMS 0x0000000715a00000, 0x0000000715a00000| Complete 
| 100|0x0000000715c00000, 0x0000000715e00000, 0x0000000715e00000|100%| E|CS|TAMS 0x0000000715c00000, 0x0000000715c00000| Complete 
| 101|0x0000000715e00000, 0x0000000716000000, 0x0000000716000000|100%| E|CS|TAMS 0x0000000715e00000, 0x0000000715e00000| Complete 
| 102|0x0000000716000000, 0x0000000716200000, 0x0000000716200000|100%| E|CS|TAMS 0x0000000716000000, 0x0000000716000000| Complete 
| 103|0x0000000716200000, 0x00000007162c50e0, 0x0000000716400000| 38%| S|CS|TAMS 0x0000000716200000, 0x0000000716200000| Complete 
| 104|0x0000000716400000, 0x0000000716600000, 0x0000000716600000|100%| S|CS|TAMS 0x0000000716400000, 0x0000000716400000| Complete 
| 105|0x0000000716600000, 0x0000000716800000, 0x0000000716800000|100%| E|CS|TAMS 0x0000000716600000, 0x0000000716600000| Complete 
| 106|0x0000000716800000, 0x0000000716a00000, 0x0000000716a00000|100%| E|CS|TAMS 0x0000000716800000, 0x0000000716800000| Complete 
| 107|0x0000000716a00000, 0x0000000716c00000, 0x0000000716c00000|100%| E|CS|TAMS 0x0000000716a00000, 0x0000000716a00000| Complete 
| 108|0x0000000716c00000, 0x0000000716e00000, 0x0000000716e00000|100%| E|CS|TAMS 0x0000000716c00000, 0x0000000716c00000| Complete 
| 109|0x0000000716e00000, 0x0000000717000000, 0x0000000717000000|100%| E|CS|TAMS 0x0000000716e00000, 0x0000000716e00000| Complete 
| 110|0x0000000717000000, 0x0000000717200000, 0x0000000717200000|100%| E|CS|TAMS 0x0000000717000000, 0x0000000717000000| Complete 
| 111|0x0000000717200000, 0x0000000717400000, 0x0000000717400000|100%| E|CS|TAMS 0x0000000717200000, 0x0000000717200000| Complete 
| 112|0x0000000717400000, 0x0000000717600000, 0x0000000717600000|100%| E|CS|TAMS 0x0000000717400000, 0x0000000717400000| Complete 
| 113|0x0000000717600000, 0x0000000717800000, 0x0000000717800000|100%| E|CS|TAMS 0x0000000717600000, 0x0000000717600000| Complete 
| 114|0x0000000717800000, 0x0000000717a00000, 0x0000000717a00000|100%| E|CS|TAMS 0x0000000717800000, 0x0000000717800000| Complete 
| 115|0x0000000717a00000, 0x0000000717c00000, 0x0000000717c00000|100%| E|CS|TAMS 0x0000000717a00000, 0x0000000717a00000| Complete 
| 116|0x0000000717c00000, 0x0000000717e00000, 0x0000000717e00000|100%| E|CS|TAMS 0x0000000717c00000, 0x0000000717c00000| Complete 
| 117|0x0000000717e00000, 0x0000000718000000, 0x0000000718000000|100%| E|CS|TAMS 0x0000000717e00000, 0x0000000717e00000| Complete 
| 118|0x0000000718000000, 0x0000000718200000, 0x0000000718200000|100%| E|CS|TAMS 0x0000000718000000, 0x0000000718000000| Complete 
| 119|0x0000000718200000, 0x0000000718400000, 0x0000000718400000|100%| E|CS|TAMS 0x0000000718200000, 0x0000000718200000| Complete 
| 120|0x0000000718400000, 0x0000000718600000, 0x0000000718600000|100%| E|CS|TAMS 0x0000000718400000, 0x0000000718400000| Complete 
| 121|0x0000000718600000, 0x0000000718800000, 0x0000000718800000|100%| E|CS|TAMS 0x0000000718600000, 0x0000000718600000| Complete 
| 122|0x0000000718800000, 0x0000000718a00000, 0x0000000718a00000|100%| E|CS|TAMS 0x0000000718800000, 0x0000000718800000| Complete 
| 123|0x0000000718a00000, 0x0000000718c00000, 0x0000000718c00000|100%| E|CS|TAMS 0x0000000718a00000, 0x0000000718a00000| Complete 

Card table byte_map: [0x0000014e1b940000,0x0000014e1c100000] _byte_map_base: 0x0000014e180f6000

Marking Bits (Prev, Next): (CMBitMap*) 0x0000014e07f21470, (CMBitMap*) 0x0000014e07f214b0
 Prev Bits: [0x0000014e1c8c0000, 0x0000014e20670000)
 Next Bits: [0x0000014e20670000, 0x0000014e24420000)

Polling page: 0x0000014e076b0000

Metaspace:

Usage:
  Non-class:     16.67 MB capacity,    16.53 MB (>99%) used,   121.66 KB ( <1%) free+waste,    21.69 KB ( <1%) overhead. 
      Class:      1.85 MB capacity,     1.78 MB ( 96%) used,    64.88 KB (  3%) free+waste,     6.94 KB ( <1%) overhead. 
       Both:     18.51 MB capacity,    18.30 MB ( 99%) used,   186.54 KB ( <1%) free+waste,    28.62 KB ( <1%) overhead. 

Virtual space:
  Non-class space:       18.00 MB reserved,      16.75 MB ( 93%) committed 
      Class space:        1.00 GB reserved,       1.88 MB ( <1%) committed 
             Both:        1.02 GB reserved,      18.62 MB (  2%) committed 

Chunk freelists:
   Non-Class:  22.00 KB
       Class:  30.00 KB
        Both:  52.00 KB

MaxMetaspaceSize: 17179869184.00 GB
CompressedClassSpaceSize: 1.00 GB

CodeHeap 'non-profiled nmethods': size=119168Kb used=1355Kb max_used=1355Kb free=117812Kb
 bounds [0x0000014e13490000, 0x0000014e13700000, 0x0000014e1a8f0000]
CodeHeap 'profiled nmethods': size=119104Kb used=4349Kb max_used=4349Kb free=114754Kb
 bounds [0x0000014e0c040000, 0x0000014e0c480000, 0x0000014e13490000]
CodeHeap 'non-nmethods': size=7488Kb used=1324Kb max_used=3032Kb free=6163Kb
 bounds [0x0000014e0b8f0000, 0x0000014e0bbf0000, 0x0000014e0c040000]
 total_blobs=3133 nmethods=2515 adapters=530
 compilation: enabled
              stopped_count=0, restarted_count=0
 full_count=0

Compilation events (20 events):
Event: 19.939 Thread 0x0000014e27d6a080 nmethod 2507 0x0000014e0c478590 code [0x0000014e0c478760, 0x0000014e0c478d28]
Event: 19.939 Thread 0x0000014e27d6a080 2508       3       java.awt.Component::eventTypeEnabled (487 bytes)
Event: 19.939 Thread 0x0000014e27d6a080 nmethod 2508 0x0000014e0c478e90 code [0x0000014e0c479060, 0x0000014e0c479d58]
Event: 19.947 Thread 0x0000014e27d6a080 2509       3       sun.awt.windows.WComponentPeer::getBounds (11 bytes)
Event: 19.948 Thread 0x0000014e27d6a080 nmethod 2509 0x0000014e0c479e10 code [0x0000014e0c479fc0, 0x0000014e0c47a368]
Event: 19.989 Thread 0x0000014e27d6a080 2510   !   3       java.awt.KeyboardFocusManager::retargetFocusEvent (244 bytes)
Event: 19.991 Thread 0x0000014e27d6a080 nmethod 2510 0x0000014e0c47a490 code [0x0000014e0c47a9a0, 0x0000014e0c47dd18]
Event: 19.991 Thread 0x0000014e27d6a080 2511       3       java.beans.PropertyChangeEvent::<init> (22 bytes)
Event: 19.991 Thread 0x0000014e27d6a080 nmethod 2511 0x0000014e0c47ec10 code [0x0000014e0c47ede0, 0x0000014e0c47f248]
Event: 20.006 Thread 0x0000014e27d6a080 2512       1       sun.util.locale.StringTokenIterator::current (5 bytes)
Event: 20.006 Thread 0x0000014e27d6a080 nmethod 2512 0x0000014e135e1910 code [0x0000014e135e1aa0, 0x0000014e135e1b58]
Event: 20.007 Thread 0x0000014e27d6a080 2513       3       java.util.Collections::emptyList (4 bytes)
Event: 20.007 Thread 0x0000014e27d6a080 nmethod 2513 0x0000014e0c47f390 code [0x0000014e0c47f520, 0x0000014e0c47f618]
Event: 20.343 Thread 0x0000014e27d69780 2514  s    4       java.awt.KeyboardFocusManager::getCurrentKeyboardFocusManager (32 bytes)
Event: 20.344 Thread 0x0000014e27d69780 nmethod 2514 0x0000014e135e1c10 code [0x0000014e135e1da0, 0x0000014e135e2048]
Event: 20.480 Thread 0x0000014e27d69780 2515       4       javax.swing.MultiUIDefaults::get (67 bytes)
Event: 20.482 Thread 0x0000014e27d69780 nmethod 2515 0x0000014e135e2190 code [0x0000014e135e2320, 0x0000014e135e2478]
Event: 20.504 Thread 0x0000014e27d69780 2516   !   4       javax.swing.UIManager::maybeInitialize (36 bytes)
Event: 20.505 Thread 0x0000014e27d69780 nmethod 2516 0x0000014e135e2610 code [0x0000014e135e27c0, 0x0000014e135e2ac8]
Event: 20.683 Thread 0x0000014e27d69780 2518   !   4       sun.java2d.pipe.DrawImage::renderImageScale (158 bytes)

GC Heap History (4 events):
Event: 3.331 GC heap before
{Heap before GC invocations=0 (full 0):
 garbage-first heap   total 253952K, used 24576K [0x0000000709400000, 0x0000000800000000)
  region size 2048K, 11 young (22528K), 0 survivors (0K)
 Metaspace       used 18049K, capacity 18281K, committed 18560K, reserved 1067008K
  class space    used 1776K, capacity 1857K, committed 1920K, reserved 1048576K
}
Event: 3.334 GC heap after
{Heap after GC invocations=1 (full 0):
 garbage-first heap   total 253952K, used 4384K [0x0000000709400000, 0x0000000800000000)
  region size 2048K, 2 young (4096K), 2 survivors (4096K)
 Metaspace       used 18049K, capacity 18281K, committed 18560K, reserved 1067008K
  class space    used 1776K, capacity 1857K, committed 1920K, reserved 1048576K
}
Event: 9.258 GC heap before
{Heap before GC invocations=1 (full 0):
 garbage-first heap   total 253952K, used 39200K [0x0000000709400000, 0x0000000800000000)
  region size 2048K, 19 young (38912K), 2 survivors (4096K)
 Metaspace       used 18291K, capacity 18473K, committed 18560K, reserved 1067008K
  class space    used 1788K, capacity 1857K, committed 1920K, reserved 1048576K
}
Event: 9.261 GC heap after
{Heap after GC invocations=2 (full 0):
 garbage-first heap   total 253952K, used 6932K [0x0000000709400000, 0x0000000800000000)
  region size 2048K, 2 young (4096K), 2 survivors (4096K)
 Metaspace       used 18291K, capacity 18473K, committed 18560K, reserved 1067008K
  class space    used 1788K, capacity 1857K, committed 1920K, reserved 1048576K
}

Deoptimization events (20 events):
Event: 16.521 Thread 0x0000014e301d1980 Uncommon trap: trap_request=0xffffff45 fr.pc=0x0000014e13514304 relative=0x0000000000000124
Event: 16.521 Thread 0x0000014e301d1980 Uncommon trap: reason=unstable_if action=reinterpret pc=0x0000014e13514304 method=java.awt.geom.AffineTransform.translate(DD)V @ 491 c2
Event: 16.521 Thread 0x0000014e301d1980 DEOPT PACKING pc=0x0000014e13514304 sp=0x000000268534dbb0
Event: 16.521 Thread 0x0000014e301d1980 DEOPT UNPACKING pc=0x0000014e0b93e42f sp=0x000000268534db38 mode 2
Event: 16.521 Thread 0x0000014e301d1980 Uncommon trap: trap_request=0xffffff45 fr.pc=0x0000014e13502c2c relative=0x000000000000008c
Event: 16.521 Thread 0x0000014e301d1980 Uncommon trap: reason=unstable_if action=reinterpret pc=0x0000014e13502c2c method=java.awt.geom.AffineTransform.getDeterminant()D @ 4 c2
Event: 16.521 Thread 0x0000014e301d1980 DEOPT PACKING pc=0x0000014e13502c2c sp=0x000000268534db30
Event: 16.521 Thread 0x0000014e301d1980 DEOPT UNPACKING pc=0x0000014e0b93e42f sp=0x000000268534dac8 mode 2
Event: 18.350 Thread 0x0000014e302900d0 Uncommon trap: trap_request=0xffffffdc fr.pc=0x0000014e135d3dc0 relative=0x00000000000001a0
Event: 18.350 Thread 0x0000014e302900d0 Uncommon trap: reason=class_check action=make_not_entrant pc=0x0000014e135d3dc0 method=java.util.ArrayList.toArray([Ljava/lang/Object;)[Ljava/lang/Object; @ 21 c2
Event: 18.350 Thread 0x0000014e302900d0 DEOPT PACKING pc=0x0000014e135d3dc0 sp=0x000000268554ef00
Event: 18.350 Thread 0x0000014e302900d0 DEOPT UNPACKING pc=0x0000014e0b93e42f sp=0x000000268554eec0 mode 2
Event: 19.072 Thread 0x0000014e301d1980 Uncommon trap: trap_request=0xffffff45 fr.pc=0x0000014e1359e694 relative=0x00000000000059f4
Event: 19.072 Thread 0x0000014e301d1980 Uncommon trap: reason=unstable_if action=reinterpret pc=0x0000014e1359e694 method=sun.java2d.d3d.D3DSurfaceData.initSurface()V @ 53 c2
Event: 19.072 Thread 0x0000014e301d1980 DEOPT PACKING pc=0x0000014e1359e694 sp=0x000000268534d840
Event: 19.072 Thread 0x0000014e301d1980 DEOPT UNPACKING pc=0x0000014e0b93e42f sp=0x000000268534d578 mode 2
Event: 19.072 Thread 0x0000014e301d1980 Uncommon trap: trap_request=0xffffff45 fr.pc=0x0000014e13561270 relative=0x0000000000001bf0
Event: 19.072 Thread 0x0000014e301d1980 Uncommon trap: reason=unstable_if action=reinterpret pc=0x0000014e13561270 method=sun.java2d.loops.TransformBlit.getFromCache(Lsun/java2d/loops/SurfaceType;Lsun/java2d/loops/CompositeType;Lsun/java2d/loops/SurfaceType;)Lsun/java2d/loops/TransformBlit; @ 1
Event: 19.072 Thread 0x0000014e301d1980 DEOPT PACKING pc=0x0000014e13561270 sp=0x000000268534da30
Event: 19.072 Thread 0x0000014e301d1980 DEOPT UNPACKING pc=0x0000014e0b93e42f sp=0x000000268534d968 mode 2

Classes unloaded (0 events):
No events

Classes redefined (0 events):
No events

Internal exceptions (19 events):
Event: 0.093 Thread 0x0000014e07ed04d0 Exception <a 'java/lang/NoSuchMethodError'{0x0000000718bac620}: 'void java.lang.invoke.DirectMethodHandle$Holder.invokeSpecial(java.lang.Object, java.lang.Object, java.lang.Object)'> (0x0000000718bac620) 
thrown [./open/src/hotspot/share/interpreter/linkResolver.cpp, line 782]
Event: 0.108 Thread 0x0000014e07ed04d0 Exception <a 'java/lang/ClassNotFoundException'{0x0000000718bc9748}: sun/awt/resources/spi/awtProvider> (0x0000000718bc9748) 
thrown [./open/src/hotspot/share/classfile/systemDictionary.cpp, line 295]
Event: 0.131 Thread 0x0000014e07ed04d0 Exception <a 'java/io/FileNotFoundException'{0x0000000718825a58}> (0x0000000718825a58) 
thrown [./open/src/hotspot/share/prims/jni.cpp, line 578]
Event: 0.135 Thread 0x0000014e07ed04d0 Exception <a 'java/io/FileNotFoundException'{0x0000000718854338}> (0x0000000718854338) 
thrown [./open/src/hotspot/share/prims/jni.cpp, line 578]
Event: 0.136 Thread 0x0000014e07ed04d0 Exception <a 'java/lang/NoSuchMethodError'{0x0000000718855670}: 'java.lang.Object java.lang.invoke.DirectMethodHandle$Holder.invokeStatic(java.lang.Object)'> (0x0000000718855670) 
thrown [./open/src/hotspot/share/interpreter/linkResolver.cpp, line 782]
Event: 0.169 Thread 0x0000014e07ed04d0 Exception <a 'java/lang/NoSuchMethodError'{0x00000007188c5100}: 'java.lang.Object java.lang.invoke.DirectMethodHandle$Holder.invokeStaticInit(java.lang.Object)'> (0x00000007188c5100) 
thrown [./open/src/hotspot/share/interpreter/linkResolver.cpp, line 782]
Event: 0.194 Thread 0x0000014e07ed04d0 Exception <a 'java/lang/NoSuchMethodError'{0x0000000718988560}: 'java.lang.Object java.lang.invoke.DirectMethodHandle$Holder.newInvokeSpecial(java.lang.Object, java.lang.Object, java.lang.Object, java.lang.Object, java.lang.Object)'> (0x0000000718988560) 
thrown [./open/src/hotspot/share/interpreter/linkResolver.cpp, line 782]
Event: 0.195 Thread 0x0000014e07ed04d0 Exception <a 'java/lang/NoSuchMethodError'{0x0000000718993ff0}: 'java.lang.Object java.lang.invoke.DirectMethodHandle$Holder.invokeStatic(java.lang.Object, int, java.lang.Object, java.lang.Object, java.lang.Object, java.lang.Object)'> (0x0000000718993ff0) 
thrown [./open/src/hotspot/share/interpreter/linkResolver.cpp, line 782]
Event: 0.198 Thread 0x0000014e07ed04d0 Exception <a 'java/lang/NoSuchMethodError'{0x00000007189ba298}: 'java.lang.Object java.lang.invoke.DirectMethodHandle$Holder.invokeStatic(java.lang.Object, int, java.lang.Object)'> (0x00000007189ba298) 
thrown [./open/src/hotspot/share/interpreter/linkResolver.cpp, line 782]
Event: 0.215 Thread 0x0000014e07ed04d0 Exception <a 'java/lang/ClassNotFoundException'{0x00000007186759b0}: com/sun/swing/internal/plaf/metal/resources/spi/metalProvider> (0x00000007186759b0) 
thrown [./open/src/hotspot/share/classfile/systemDictionary.cpp, line 295]
Event: 0.216 Thread 0x0000014e07ed04d0 Exception <a 'java/lang/ClassNotFoundException'{0x0000000718679cb0}: com/sun/swing/internal/plaf/basic/resources/spi/basicProvider> (0x0000000718679cb0) 
thrown [./open/src/hotspot/share/classfile/systemDictionary.cpp, line 295]
Event: 0.258 Thread 0x0000014e07ed04d0 Exception <a 'java/lang/NoSuchMethodError'{0x00000007186f5ce8}: 'void java.lang.invoke.DirectMethodHandle$Holder.invokeStatic(java.lang.Object, java.lang.Object)'> (0x00000007186f5ce8) 
thrown [./open/src/hotspot/share/interpreter/linkResolver.cpp, line 782]
Event: 0.259 Thread 0x0000014e07ed04d0 Exception <a 'java/lang/NoSuchMethodError'{0x00000007186f96f0}: 'void java.lang.invoke.DirectMethodHandle$Holder.invokeStaticInit(java.lang.Object, java.lang.Object)'> (0x00000007186f96f0) 
thrown [./open/src/hotspot/share/interpreter/linkResolver.cpp, line 782]
Event: 0.264 Thread 0x0000014e07ed04d0 Exception <a 'java/lang/NoSuchMethodError'{0x0000000718726678}: 'java.lang.Object java.lang.invoke.DirectMethodHandle$Holder.invokeStaticInit(java.lang.Object, int, int, int, int)'> (0x0000000718726678) 
thrown [./open/src/hotspot/share/interpreter/linkResolver.cpp, line 782]
Event: 0.296 Thread 0x0000014e07ed04d0 Exception <a 'java/lang/NoSuchMethodError'{0x00000007187e8d68}: 'java.lang.Object java.lang.invoke.DirectMethodHandle$Holder.invokeStaticInit(java.lang.Object, java.lang.Object, int, int, int, int)'> (0x00000007187e8d68) 
thrown [./open/src/hotspot/share/interpreter/linkResolver.cpp, line 782]
Event: 0.498 Thread 0x0000014e07ed04d0 Exception <a 'java/lang/NoSuchMethodError'{0x0000000718433e40}: 'void java.lang.invoke.DirectMethodHandle$Holder.invokeStaticInit(java.lang.Object)'> (0x0000000718433e40) 
thrown [./open/src/hotspot/share/interpreter/linkResolver.cpp, line 782]
Event: 2.577 Thread 0x0000014e30ca0150 Exception <a 'java/lang/NoSuchMethodError'{0x000000071787fe90}: 'java.lang.Object java.lang.invoke.DirectMethodHandle$Holder.newInvokeSpecial(java.lang.Object, java.lang.Object, java.lang.Object, int, int, int, int, int)'> (0x000000071787fe90) 
thrown [./open/src/hotspot/share/interpreter/linkResolver.cpp, line 782]
Event: 2.616 Thread 0x0000014e301d1980 Exception <a 'java/lang/NoSuchMethodError'{0x000000071784ce40}: 'int java.lang.invoke.DirectMethodHandle$Holder.invokeStatic(java.lang.Object)'> (0x000000071784ce40) 
thrown [./open/src/hotspot/share/interpreter/linkResolver.cpp, line 782]
Event: 7.507 Thread 0x0000014e301d1980 Implicit null exception at 0x0000014e1352654c to 0x0000014e1352668c

Events (20 events):
Event: 19.938 loading class jdk/internal/reflect/ByteVectorImpl
Event: 19.938 loading class jdk/internal/reflect/ByteVector
Event: 19.938 loading class jdk/internal/reflect/ByteVector done
Event: 19.938 loading class jdk/internal/reflect/ByteVectorImpl done
Event: 19.938 loading class jdk/internal/reflect/ClassFileAssembler
Event: 19.938 loading class jdk/internal/reflect/ClassFileAssembler done
Event: 19.938 loading class jdk/internal/reflect/UTF8
Event: 19.938 loading class jdk/internal/reflect/UTF8 done
Event: 19.938 loading class jdk/internal/reflect/Label
Event: 19.938 loading class jdk/internal/reflect/Label done
Event: 19.938 loading class jdk/internal/reflect/Label$PatchInfo
Event: 19.938 loading class jdk/internal/reflect/Label$PatchInfo done
Event: 19.938 loading class jdk/internal/reflect/MethodAccessorGenerator$1
Event: 19.938 loading class jdk/internal/reflect/MethodAccessorGenerator$1 done
Event: 19.938 loading class jdk/internal/reflect/ClassDefiner
Event: 19.938 loading class jdk/internal/reflect/ClassDefiner done
Event: 19.938 loading class jdk/internal/reflect/ClassDefiner$1
Event: 19.938 loading class jdk/internal/reflect/ClassDefiner$1 done
Event: 20.353 Executing VM operation: HandshakeAllThreads
Event: 20.353 Executing VM operation: HandshakeAllThreads done


Dynamic libraries:
0x00007ff69fdb0000 - 0x00007ff69fdbd000 	C:\Users\spiro\.p2\pool\plugins\org.eclipse.justj.openjdk.hotspot.jre.full.win32.x86_64_15.0.2.v20210201-0955\jre\bin\javaw.exe
0x00007ff8e1d90000 - 0x00007ff8e1f85000 	C:\WINDOWS\SYSTEM32\ntdll.dll
0x00007ff8e10f0000 - 0x00007ff8e11ad000 	C:\WINDOWS\System32\KERNEL32.DLL
0x00007ff8df9c0000 - 0x00007ff8dfc88000 	C:\WINDOWS\System32\KERNELBASE.dll
0x00007ff8df600000 - 0x00007ff8df700000 	C:\WINDOWS\System32\ucrtbase.dll
0x00007ff8d2b50000 - 0x00007ff8d2b68000 	C:\Users\spiro\.p2\pool\plugins\org.eclipse.justj.openjdk.hotspot.jre.full.win32.x86_64_15.0.2.v20210201-0955\jre\bin\jli.dll
0x00007ff8d1840000 - 0x00007ff8d1859000 	C:\Users\spiro\.p2\pool\plugins\org.eclipse.justj.openjdk.hotspot.jre.full.win32.x86_64_15.0.2.v20210201-0955\jre\bin\VCRUNTIME140.dll
0x00007ff8e1ad0000 - 0x00007ff8e1c70000 	C:\WINDOWS\System32\USER32.dll
0x00007ff8df8f0000 - 0x00007ff8df912000 	C:\WINDOWS\System32\win32u.dll
0x00007ff8cc350000 - 0x00007ff8cc5ea000 	C:\WINDOWS\WinSxS\amd64_microsoft.windows.common-controls_6595b64144ccf1df_6.0.19041.844_none_ca00b6081b84eb1d\COMCTL32.dll
0x00007ff8dfe00000 - 0x00007ff8dfe2a000 	C:\WINDOWS\System32\GDI32.dll
0x00007ff8e00c0000 - 0x00007ff8e015e000 	C:\WINDOWS\System32\msvcrt.dll
0x00007ff8df7b0000 - 0x00007ff8df8bb000 	C:\WINDOWS\System32\gdi32full.dll
0x00007ff8df920000 - 0x00007ff8df9bd000 	C:\WINDOWS\System32\msvcp_win.dll
0x00007ff8e15a0000 - 0x00007ff8e15d0000 	C:\WINDOWS\System32\IMM32.DLL
0x00007ff8d9b90000 - 0x00007ff8d9b9c000 	C:\Users\spiro\.p2\pool\plugins\org.eclipse.justj.openjdk.hotspot.jre.full.win32.x86_64_15.0.2.v20210201-0955\jre\bin\vcruntime140_1.dll
0x00007ff89ed70000 - 0x00007ff89ee01000 	C:\Users\spiro\.p2\pool\plugins\org.eclipse.justj.openjdk.hotspot.jre.full.win32.x86_64_15.0.2.v20210201-0955\jre\bin\msvcp140.dll
0x00007ff874f40000 - 0x00007ff875a9e000 	C:\Users\spiro\.p2\pool\plugins\org.eclipse.justj.openjdk.hotspot.jre.full.win32.x86_64_15.0.2.v20210201-0955\jre\bin\server\jvm.dll
0x00007ff8e12e0000 - 0x00007ff8e138c000 	C:\WINDOWS\System32\ADVAPI32.dll
0x00007ff8e1240000 - 0x00007ff8e12db000 	C:\WINDOWS\System32\sechost.dll
0x00007ff8e0fc0000 - 0x00007ff8e10eb000 	C:\WINDOWS\System32\RPCRT4.dll
0x00007ff8dfdf0000 - 0x00007ff8dfdf8000 	C:\WINDOWS\System32\PSAPI.DLL
0x00007ff8c8f20000 - 0x00007ff8c8f29000 	C:\WINDOWS\SYSTEM32\WSOCK32.dll
0x00007ff8e0da0000 - 0x00007ff8e0e0b000 	C:\WINDOWS\System32\WS2_32.dll
0x00007ff8d5320000 - 0x00007ff8d5347000 	C:\WINDOWS\SYSTEM32\WINMM.dll
0x00007ff8d72a0000 - 0x00007ff8d72aa000 	C:\WINDOWS\SYSTEM32\VERSION.dll
0x00007ff8dd420000 - 0x00007ff8dd432000 	C:\WINDOWS\SYSTEM32\kernel.appcore.dll
0x00007ff8db230000 - 0x00007ff8db23a000 	C:\Users\spiro\.p2\pool\plugins\org.eclipse.justj.openjdk.hotspot.jre.full.win32.x86_64_15.0.2.v20210201-0955\jre\bin\jimage.dll
0x00007ff8c9d90000 - 0x00007ff8c9f74000 	C:\WINDOWS\SYSTEM32\DBGHELP.DLL
0x00007ff8c9d60000 - 0x00007ff8c9d8c000 	C:\WINDOWS\SYSTEM32\dbgcore.DLL
0x00007ff8df530000 - 0x00007ff8df5b0000 	C:\WINDOWS\System32\bcryptPrimitives.dll
0x00007ff8d9f10000 - 0x00007ff8d9f35000 	C:\Users\spiro\.p2\pool\plugins\org.eclipse.justj.openjdk.hotspot.jre.full.win32.x86_64_15.0.2.v20210201-0955\jre\bin\java.dll
0x00007ff8d8880000 - 0x00007ff8d8898000 	C:\Users\spiro\.p2\pool\plugins\org.eclipse.justj.openjdk.hotspot.jre.full.win32.x86_64_15.0.2.v20210201-0955\jre\bin\zip.dll
0x00007ff8e0650000 - 0x00007ff8e0d92000 	C:\WINDOWS\System32\SHELL32.dll
0x00007ff8dd620000 - 0x00007ff8dddb0000 	C:\WINDOWS\SYSTEM32\windows.storage.dll
0x00007ff8e1770000 - 0x00007ff8e1ac5000 	C:\WINDOWS\System32\combase.dll
0x00007ff8dee70000 - 0x00007ff8dee9c000 	C:\WINDOWS\SYSTEM32\Wldp.dll
0x00007ff8dfe90000 - 0x00007ff8dff3e000 	C:\WINDOWS\System32\SHCORE.dll
0x00007ff8e1690000 - 0x00007ff8e16e5000 	C:\WINDOWS\System32\shlwapi.dll
0x00007ff8df410000 - 0x00007ff8df42f000 	C:\WINDOWS\SYSTEM32\profapi.dll
0x00007ff8d8860000 - 0x00007ff8d8879000 	C:\Users\spiro\.p2\pool\plugins\org.eclipse.justj.openjdk.hotspot.jre.full.win32.x86_64_15.0.2.v20210201-0955\jre\bin\net.dll
0x00007ff8d86c0000 - 0x00007ff8d87cb000 	C:\WINDOWS\SYSTEM32\WINHTTP.dll
0x00007ff8debe0000 - 0x00007ff8dec4a000 	C:\WINDOWS\system32\mswsock.dll
0x00007ff8d8840000 - 0x00007ff8d8852000 	C:\Users\spiro\.p2\pool\plugins\org.eclipse.justj.openjdk.hotspot.jre.full.win32.x86_64_15.0.2.v20210201-0955\jre\bin\nio.dll
0x00007ff88a6c0000 - 0x00007ff88a83f000 	C:\Users\spiro\.p2\pool\plugins\org.eclipse.justj.openjdk.hotspot.jre.full.win32.x86_64_15.0.2.v20210201-0955\jre\bin\awt.dll
0x00007ff8e1c70000 - 0x00007ff8e1d3d000 	C:\WINDOWS\System32\OLEAUT32.dll
0x00007ff8dcdd0000 - 0x00007ff8dce60000 	C:\WINDOWS\SYSTEM32\apphelp.dll
0x00007ff8dcf60000 - 0x00007ff8dcffe000 	C:\WINDOWS\system32\uxtheme.dll
0x00007ff8dff40000 - 0x00007ff8e0055000 	C:\WINDOWS\System32\MSCTF.dll
0x00007ff8e1390000 - 0x00007ff8e14ba000 	C:\WINDOWS\System32\ole32.dll
0x00007ff8dd130000 - 0x00007ff8dd15f000 	C:\WINDOWS\system32\DWMAPI.DLL
0x00007ff8dedc0000 - 0x00007ff8dedd8000 	C:\WINDOWS\SYSTEM32\CRYPTSP.dll
0x00007ff8de580000 - 0x00007ff8de5b4000 	C:\WINDOWS\system32\rsaenh.dll
0x00007ff8df8c0000 - 0x00007ff8df8e7000 	C:\WINDOWS\System32\bcrypt.dll
0x00007ff8df3d0000 - 0x00007ff8df3fe000 	C:\WINDOWS\SYSTEM32\USERENV.dll
0x00007ff8dedb0000 - 0x00007ff8dedbc000 	C:\WINDOWS\SYSTEM32\CRYPTBASE.dll
0x00007ff8de8d0000 - 0x00007ff8de90b000 	C:\WINDOWS\SYSTEM32\IPHLPAPI.DLL
0x00007ff8e1d40000 - 0x00007ff8e1d48000 	C:\WINDOWS\System32\NSI.dll
0x00007ff8d6e70000 - 0x00007ff8d6e87000 	C:\WINDOWS\SYSTEM32\dhcpcsvc6.DLL
0x00007ff8d7240000 - 0x00007ff8d725d000 	C:\WINDOWS\SYSTEM32\dhcpcsvc.DLL
0x00007ff8de910000 - 0x00007ff8de9dc000 	C:\WINDOWS\SYSTEM32\DNSAPI.dll
0x00007ff878e70000 - 0x00007ff878f96000 	C:\WINDOWS\system32\opengl32.dll
0x00007ff8d1790000 - 0x00007ff8d17bc000 	C:\WINDOWS\SYSTEM32\GLU32.dll
0x00007ff8d78c0000 - 0x00007ff8d7a8e000 	C:\WINDOWS\system32\d3d9.dll
0x00007ff8df050000 - 0x00007ff8df062000 	C:\WINDOWS\SYSTEM32\msasn1.dll
0x00007ff8d7260000 - 0x00007ff8d7291000 	C:\WINDOWS\SYSTEM32\cryptnet.dll
0x00007ff8dfc90000 - 0x00007ff8dfdef000 	C:\WINDOWS\System32\CRYPT32.dll
0x00007ff8df4d0000 - 0x00007ff8df530000 	C:\WINDOWS\System32\WINTRUST.DLL
0x00007ff8e0630000 - 0x00007ff8e064d000 	C:\WINDOWS\System32\imagehlp.dll
0x00007ff8b5280000 - 0x00007ff8b5385000 	C:\WINDOWS\System32\DriverStore\FileRepository\nvami.inf_amd64_639a3c256c54d65e\nvldumdx.dll
0x00007ff84f930000 - 0x00007ff851577000 	C:\WINDOWS\System32\DriverStore\FileRepository\nvami.inf_amd64_639a3c256c54d65e\nvd3dumx.dll
0x00007ff8d0870000 - 0x00007ff8d0b2e000 	C:\WINDOWS\system32\nvspcap64.dll
0x00007ff8de210000 - 0x00007ff8de243000 	C:\WINDOWS\SYSTEM32\ntmarta.dll
0x00007ff8dddc0000 - 0x00007ff8ddde3000 	C:\WINDOWS\SYSTEM32\gpapi.dll
0x00007ff8d5d70000 - 0x00007ff8d5dab000 	C:\WINDOWS\SYSTEM32\dxcore.dll
0x00007ff8df5b0000 - 0x00007ff8df5fe000 	C:\WINDOWS\System32\cfgmgr32.dll
0x00007ff8d5350000 - 0x00007ff8d552b000 	C:\WINDOWS\System32\DriverStore\FileRepository\u0362957.inf_amd64_47170f5efa6cd04e\B362672\aticfx64.dll
0x00007ff8cf9a0000 - 0x00007ff8cf9d3000 	C:\WINDOWS\System32\DriverStore\FileRepository\u0362957.inf_amd64_47170f5efa6cd04e\B362672\atiu9p64.dll
0x00007ff873a70000 - 0x00007ff874706000 	C:\WINDOWS\System32\DriverStore\FileRepository\u0362957.inf_amd64_47170f5efa6cd04e\B362672\atiumd64.dll
0x0000000055590000 - 0x000000005640d000 	C:\WINDOWS\System32\DriverStore\FileRepository\u0362957.inf_amd64_47170f5efa6cd04e\B362672\atiumd6a.dll
0x00007ff8df340000 - 0x00007ff8df38b000 	C:\WINDOWS\SYSTEM32\POWRPROF.dll
0x00007ff8df320000 - 0x00007ff8df332000 	C:\WINDOWS\SYSTEM32\UMPDC.dll
0x00007ff8d3220000 - 0x00007ff8d324f000 	C:\WINDOWS\SYSTEM32\amdihk64.dll
0x00007ff8a5bc0000 - 0x00007ff8a5c45000 	C:\Users\spiro\.p2\pool\plugins\org.eclipse.justj.openjdk.hotspot.jre.full.win32.x86_64_15.0.2.v20210201-0955\jre\bin\freetype.dll
0x00007ff88ae60000 - 0x00007ff88af09000 	C:\Users\spiro\.p2\pool\plugins\org.eclipse.justj.openjdk.hotspot.jre.full.win32.x86_64_15.0.2.v20210201-0955\jre\bin\fontmanager.dll
0x00007ff8e15d0000 - 0x00007ff8e1679000 	C:\WINDOWS\System32\clbcatq.dll
0x00007ff8d8500000 - 0x00007ff8d86b4000 	C:\WINDOWS\SYSTEM32\WindowsCodecs.dll
0x00007ff8c3420000 - 0x00007ff8c345e000 	C:\WINDOWS\system32\dataexchange.dll
0x00007ff8db270000 - 0x00007ff8db4d4000 	C:\WINDOWS\system32\d3d11.dll
0x00007ff8dc1a0000 - 0x00007ff8dc385000 	C:\WINDOWS\system32\dcomp.dll
0x00007ff8ddf30000 - 0x00007ff8de024000 	C:\WINDOWS\system32\dxgi.dll
0x00007ff8d88a0000 - 0x00007ff8d8aa1000 	C:\WINDOWS\system32\twinapi.appcore.dll
0x00007ff8d83f0000 - 0x00007ff8d84e9000 	C:\WINDOWS\SYSTEM32\textinputframework.dll
0x00007ff8dc730000 - 0x00007ff8dca8e000 	C:\WINDOWS\System32\CoreUIComponents.dll
0x00007ff8dca90000 - 0x00007ff8dcb82000 	C:\WINDOWS\System32\CoreMessaging.dll
0x00007ff8dc040000 - 0x00007ff8dc194000 	C:\WINDOWS\SYSTEM32\wintypes.dll
0x00007ff8caff0000 - 0x00007ff8cb06f000 	C:\Users\spiro\.p2\pool\plugins\org.eclipse.justj.openjdk.hotspot.jre.full.win32.x86_64_15.0.2.v20210201-0955\jre\bin\mlib_image.dll
0x00007ff8d7c10000 - 0x00007ff8d7c3d000 	C:\Users\spiro\.p2\pool\plugins\org.eclipse.justj.openjdk.hotspot.jre.full.win32.x86_64_15.0.2.v20210201-0955\jre\bin\javajpeg.dll

dbghelp: loaded successfully - version: 4.0.5 - missing functions: none
symbol engine: initialized successfully - sym options: 0x614 - pdb path: .;C:\Users\spiro\.p2\pool\plugins\org.eclipse.justj.openjdk.hotspot.jre.full.win32.x86_64_15.0.2.v20210201-0955\jre\bin;C:\WINDOWS\SYSTEM32;C:\WINDOWS\WinSxS\amd64_microsoft.windows.common-controls_6595b64144ccf1df_6.0.19041.844_none_ca00b6081b84eb1d;C:\Users\spiro\.p2\pool\plugins\org.eclipse.justj.openjdk.hotspot.jre.full.win32.x86_64_15.0.2.v20210201-0955\jre\bin\server;C:\WINDOWS\System32\DriverStore\FileRepository\nvami.inf_amd64_639a3c256c54d65e;C:\WINDOWS\System32\DriverStore\FileRepository\u0362957.inf_amd64_47170f5efa6cd04e\B362672

VM Arguments:
jvm_args: -Dfile.encoding=UTF-8 -XX:+ShowCodeDetailsInExceptionMessages 
java_command: test.MainClass
java_class_path (initial): C:\Users\spiro\eclipse-workspace\Assignment\bin;C:\Users\spiro\Downloads\TurtleGraphics.jar
Launcher Type: SUN_STANDARD

[Global flags]
     intx CICompilerCount                          = 12                                        {product} {ergonomic}
     uint ConcGCThreads                            = 3                                         {product} {ergonomic}
     uint G1ConcRefinementThreads                  = 13                                        {product} {ergonomic}
   size_t G1HeapRegionSize                         = 2097152                                   {product} {ergonomic}
    uintx GCDrainStackTargetSize                   = 64                                        {product} {ergonomic}
   size_t InitialHeapSize                          = 260046848                                 {product} {ergonomic}
   size_t MarkStackSize                            = 4194304                                   {product} {ergonomic}
   size_t MaxHeapSize                              = 4139778048                                {product} {ergonomic}
   size_t MaxNewSize                               = 2483027968                                {product} {ergonomic}
   size_t MinHeapDeltaBytes                        = 2097152                                   {product} {ergonomic}
   size_t MinHeapSize                              = 8388608                                   {product} {ergonomic}
    uintx NonNMethodCodeHeapSize                   = 7602480                                {pd product} {ergonomic}
    uintx NonProfiledCodeHeapSize                  = 122027880                              {pd product} {ergonomic}
    uintx ProfiledCodeHeapSize                     = 122027880                              {pd product} {ergonomic}
    uintx ReservedCodeCacheSize                    = 251658240                              {pd product} {ergonomic}
     bool SegmentedCodeCache                       = true                                      {product} {ergonomic}
     bool ShowCodeDetailsInExceptionMessages       = true                                   {manageable} {command line}
   size_t SoftMaxHeapSize                          = 4139778048                             {manageable} {ergonomic}
     bool UseCompressedClassPointers               = true                                 {lp64_product} {ergonomic}
     bool UseCompressedOops                        = true                                 {lp64_product} {ergonomic}
     bool UseG1GC                                  = true                                      {product} {ergonomic}
     bool UseLargePagesIndividualAllocation        = false                                  {pd product} {ergonomic}

Logging:
Log output configuration:
 #0: stdout all=warning uptime,level,tags
 #1: stderr all=off uptime,level,tags

Environment Variables:
PATH=C:/Users/spiro/.p2/pool/plugins/org.eclipse.justj.openjdk.hotspot.jre.full.win32.x86_64_15.0.2.v20210201-0955/jre/bin/server;C:/Users/spiro/.p2/pool/plugins/org.eclipse.justj.openjdk.hotspot.jre.full.win32.x86_64_15.0.2.v20210201-0955/jre/bin;C:\Program Files\Python38\Scripts\;C:\Program Files\Python38\;C:\Python39\Scripts\;C:\Python39\;C:\Windows\system32;C:\Windows;C:\Windows\System32\Wbem;C:\Windows\System32\WindowsPowerShell\v1.0\;C:\Windows\System32\OpenSSH\;C:\Program Files (x86)\NVIDIA Corporation\PhysX\Common;C:\Program Files\NVIDIA Corporation\NVIDIA NvDLISR;C:\Program Files\nodejs\;C:\ProgramData\chocolatey\bin;C:\Program Files\dotnet\;%SystemRoot%\system32;%SystemRoot%;%SystemRoot%\System32\Wbem;%SYSTEMROOT%\System32\WindowsPowerShell\v1.0\;%SYSTEMROOT%\System32\OpenSSH\;C:\Users\spiro\AppData\Local\Microsoft\WindowsApps;;C:\Users\spiro\AppData\Local\Programs\Microsoft VS Code\bin;C:\Users\spiro\AppData\Roaming\npm;C:\Users\spiro\.dotnet\tools;C:\Users\spiro\OneDrive\Desktop;
USERNAME=spiro
OS=Windows_NT
PROCESSOR_IDENTIFIER=AMD64 Family 23 Model 96 Stepping 1, AuthenticAMD



---------------  S Y S T E M  ---------------

OS:
 Windows 10 , 64 bit Build 19041 (10.0.19041.928)
OS uptime: 0 days 17:13 hours

CPU: total 16 (initial active 16) (16 cores per cpu, 2 threads per core) family 23 model 96 stepping 1 microcode 0x0, cmov, cx8, fxsr, mmx, sse, sse2, sse3, ssse3, sse4.1, sse4.2, popcnt, vzeroupper, avx, avx2, aes, clmul, 3dnowpref, lzcnt, sse4a, ht, tsc, tscinvbit, tscinv, bmi1, bmi2, adx, sha, fma, clflush, clflushopt

Memory: 4k page, system-wide physical 15789M (6483M free)
TotalPageFile size 25789M (AvailPageFile size 2M)
current process WorkingSet (physical memory assigned to process): 260M, peak: 260M
current process commit charge ("private bytes"): 644M, peak: 644M

vm_info: OpenJDK 64-Bit Server VM (15.0.2+7-27) for windows-amd64 JRE (15.0.2+7-27), built on Dec  7 2020 20:02:38 by "mach5one" with unknown MS VC++:1925

END.
