#
# There is insufficient memory for the Java Runtime Environment to continue.
# Native memory allocation (malloc) failed to allocate 421872 bytes for Chunk::new
# Possible reasons:
#   The system is out of physical RAM or swap space
#   The process is running with CompressedOops enabled, and the Java Heap may be blocking the growth of the native heap
# Possible solutions:
#   Reduce memory load on the system
#   Increase physical memory or swap space
#   Check if swap backing store is full
#   Decrease Java heap size (-Xmx/-Xms)
#   Decrease number of Java threads
#   Decrease Java thread stack sizes (-Xss)
#   Set larger code cache with -XX:ReservedCodeCacheSize=
#   JVM is running with Zero Based Compressed Oops mode in which the Java heap is
#     placed in the first 32GB address space. The Java Heap base address is the
#     maximum limit for the native heap growth. Please use -XX:HeapBaseMinAddress
#     to set the Java Heap base and to place the Java Heap above 32GB virtual address.
# This output file may be truncated or incomplete.
#
#  Out of Memory Error (./open/src/hotspot/share/memory/arena.cpp:195), pid=19780, tid=17772
#
# JRE version: OpenJDK Runtime Environment (15.0.2+7) (build 15.0.2+7-27)
# Java VM: OpenJDK 64-Bit Server VM (15.0.2+7-27, mixed mode, tiered, compressed oops, g1 gc, windows-amd64)
# No core dump will be written. Minidumps are not enabled by default on client versions of Windows
#

---------------  S U M M A R Y ------------

Command Line: -Dfile.encoding=UTF-8 -XX:+ShowCodeDetailsInExceptionMessages test.MainClass

Host: AMD Ryzen 9 4900H with Radeon Graphics         , 16 cores, 15G,  Windows 10 , 64 bit Build 19041 (10.0.19041.1023)
Time: Thu Jun 10 16:44:51 2021 GMT Summer Time elapsed time: 12.152146 seconds (0d 0h 0m 12s)

---------------  T H R E A D  ---------------

Current thread (0x0000016ab80e7180):  JavaThread "C2 CompilerThread0" daemon [_thread_in_native, id=17772, stack(0x0000006185e00000,0x0000006185f00000)]


Current CompileTask:
C2:  12152 2308       4       sun.java2d.SunGraphics2D::checkFontInfo (760 bytes)

Stack: [0x0000006185e00000,0x0000006185f00000]
Native frames: (J=compiled Java code, j=interpreted, Vv=VM code, C=native code)
V  [jvm.dll+0x62ae9a]
V  [jvm.dll+0x7817a9]
V  [jvm.dll+0x782f03]
V  [jvm.dll+0x783563]
V  [jvm.dll+0x216325]
V  [jvm.dll+0x97f3a]
V  [jvm.dll+0x9861c]
V  [jvm.dll+0x32e305]
V  [jvm.dll+0x2f768a]
V  [jvm.dll+0x2f6a4a]
V  [jvm.dll+0x1ea705]
V  [jvm.dll+0x1e996e]
V  [jvm.dll+0x178567]
V  [jvm.dll+0x1f9225]
V  [jvm.dll+0x1f72cc]
V  [jvm.dll+0x74495d]
V  [jvm.dll+0x73d75a]
V  [jvm.dll+0x629c56]
C  [ucrtbase.dll+0x21bb2]
C  [KERNEL32.DLL+0x17034]
C  [ntdll.dll+0x52651]


---------------  P R O C E S S  ---------------

Threads class SMR info:
_java_thread_list=0x0000016ac3699c50, length=17, elements={
0x0000016ab80c7010, 0x0000016ab80ca080, 0x0000016ab80e0420, 0x0000016ab80e10f0,
0x0000016ab80e28f0, 0x0000016ab80e7180, 0x0000016ab80f06c0, 0x0000016ab8101390,
0x0000016ab82ad2b0, 0x0000016ab82d5390, 0x0000016ab86a4870, 0x0000016ab869f030,
0x0000016ab86bc830, 0x0000016ac0542580, 0x0000016a98382280, 0x0000016ab82f95e0,
0x0000016ac06c1440
}

Java Threads: ( => current thread )
  0x0000016ab80c7010 JavaThread "Reference Handler" daemon [_thread_blocked, id=7964, stack(0x0000006185900000,0x0000006185a00000)]
  0x0000016ab80ca080 JavaThread "Finalizer" daemon [_thread_blocked, id=17016, stack(0x0000006185a00000,0x0000006185b00000)]
  0x0000016ab80e0420 JavaThread "Signal Dispatcher" daemon [_thread_blocked, id=4120, stack(0x0000006185b00000,0x0000006185c00000)]
  0x0000016ab80e10f0 JavaThread "Attach Listener" daemon [_thread_blocked, id=4820, stack(0x0000006185c00000,0x0000006185d00000)]
  0x0000016ab80e28f0 JavaThread "Service Thread" daemon [_thread_blocked, id=11516, stack(0x0000006185d00000,0x0000006185e00000)]
=>0x0000016ab80e7180 JavaThread "C2 CompilerThread0" daemon [_thread_in_native, id=17772, stack(0x0000006185e00000,0x0000006185f00000)]
  0x0000016ab80f06c0 JavaThread "C1 CompilerThread0" daemon [_thread_blocked, id=14528, stack(0x0000006185f00000,0x0000006186000000)]
  0x0000016ab8101390 JavaThread "Sweeper thread" daemon [_thread_blocked, id=16708, stack(0x0000006186000000,0x0000006186100000)]
  0x0000016ab82ad2b0 JavaThread "Notification Thread" daemon [_thread_blocked, id=15328, stack(0x0000006186200000,0x0000006186300000)]
  0x0000016ab82d5390 JavaThread "Common-Cleaner" daemon [_thread_blocked, id=15924, stack(0x0000006186400000,0x0000006186500000)]
  0x0000016ab86a4870 JavaThread "Java2D Disposer" daemon [_thread_blocked, id=13316, stack(0x0000006186500000,0x0000006186600000)]
  0x0000016ab869f030 JavaThread "AWT-Shutdown" [_thread_blocked, id=8692, stack(0x0000006186600000,0x0000006186700000)]
  0x0000016ab86bc830 JavaThread "AWT-Windows" daemon [_thread_in_native, id=14544, stack(0x0000006186700000,0x0000006186800000)]
  0x0000016ac0542580 JavaThread "AWT-EventQueue-0" [_thread_blocked, id=13032, stack(0x0000006187680000,0x0000006187780000)]
  0x0000016a98382280 JavaThread "DestroyJavaVM" [_thread_blocked, id=1152, stack(0x0000006185200000,0x0000006185300000)]
  0x0000016ab82f95e0 JavaThread "D3D Screen Updater" daemon [_thread_in_native, id=2224, stack(0x0000006187880000,0x0000006187980000)]
  0x0000016ac06c1440 JavaThread "TimerQueue" daemon [_thread_blocked, id=12816, stack(0x0000006187990000,0x0000006187a90000)]

Other Threads:
  0x0000016ab783ec90 VMThread "VM Thread" [stack: 0x0000006185800000,0x0000006185900000] [id=12748]
  0x0000016ab82ad780 WatcherThread [stack: 0x0000006186300000,0x0000006186400000] [id=13712]
  0x0000016a983d2710 GCTaskThread "GC Thread#0" [stack: 0x0000006185300000,0x0000006185400000] [id=19852]
  0x0000016ac077a510 GCTaskThread "GC Thread#1" [stack: 0x0000006187b20000,0x0000006187c20000] [id=19208]
  0x0000016ac077b1d0 GCTaskThread "GC Thread#2" [stack: 0x0000006187c20000,0x0000006187d20000] [id=5620]
  0x0000016ac077c1c0 GCTaskThread "GC Thread#3" [stack: 0x0000006187d20000,0x0000006187e20000] [id=9376]
  0x0000016ac0778860 GCTaskThread "GC Thread#4" [stack: 0x0000006187e20000,0x0000006187f20000] [id=5356]
  0x0000016ac077b830 GCTaskThread "GC Thread#5" [stack: 0x0000006187f20000,0x0000006188020000] [id=2636]
  0x0000016a983e4fd0 ConcurrentGCThread "G1 Main Marker" [stack: 0x0000006185400000,0x0000006185500000] [id=4648]
  0x0000016a983e8540 ConcurrentGCThread "G1 Conc#0" [stack: 0x0000006185500000,0x0000006185600000] [id=2056]
  0x0000016a98450b50 ConcurrentGCThread "G1 Refine#0" [stack: 0x0000006185600000,0x0000006185700000] [id=4724]
  0x0000016a984513a0 ConcurrentGCThread "G1 Young RemSet Sampling" [stack: 0x0000006185700000,0x0000006185800000] [id=1804]

Threads with active compile tasks:
C2 CompilerThread0    12173 2308       4       sun.java2d.SunGraphics2D::checkFontInfo (760 bytes)

VM state: not at safepoint (normal execution)

VM Mutex/Monitor currently owned by a thread: None

Heap address: 0x0000000709400000, size: 3948 MB, Compressed Oops mode: Zero based, Oop shift amount: 3
CDS disabled.
Compressed class space mapped at: 0x0000000800000000-0x0000000840000000, size: 1073741824
Narrow klass base: 0x0000000800000000, Narrow klass shift: 0, Narrow klass range: 0x40000000

GC Precious Log:
 CPUs: 16 total, 16 available
 Memory: 15789M
 Large Page Support: Disabled
 NUMA Support: Disabled
 Compressed Oops: Enabled (Zero based)
 Heap Region Size: 2M
 Heap Min Capacity: 8M
 Heap Initial Capacity: 248M
 Heap Max Capacity: 3948M
 Pre-touch: Disabled
 Parallel Workers: 13
 Concurrent Workers: 3
 Concurrent Refinement Workers: 13
 Periodic GC: Disabled

Heap:
 garbage-first heap   total 253952K, used 37081K [0x0000000709400000, 0x0000000800000000)
  region size 2048K, 19 young (38912K), 2 survivors (4096K)
 Metaspace       used 18214K, capacity 18410K, committed 18560K, reserved 1067008K
  class space    used 1786K, capacity 1857K, committed 1920K, reserved 1048576K

Heap Regions: E=young(eden), S=young(survivor), O=old, HS=humongous(starts), HC=humongous(continues), CS=collection set, F=free, OA=open archive, CA=closed archive, TAMS=top-at-mark-start (previous, next)
|   0|0x0000000709400000, 0x0000000709600000, 0x0000000709600000|100%|HS|  |TAMS 0x0000000709400000, 0x0000000709400000| Complete 
|   1|0x0000000709600000, 0x0000000709600000, 0x0000000709800000|  0%| F|  |TAMS 0x0000000709600000, 0x0000000709600000| Untracked 
|   2|0x0000000709800000, 0x0000000709800000, 0x0000000709a00000|  0%| F|  |TAMS 0x0000000709800000, 0x0000000709800000| Untracked 
|   3|0x0000000709a00000, 0x0000000709a00000, 0x0000000709c00000|  0%| F|  |TAMS 0x0000000709a00000, 0x0000000709a00000| Untracked 
|   4|0x0000000709c00000, 0x0000000709c00000, 0x0000000709e00000|  0%| F|  |TAMS 0x0000000709c00000, 0x0000000709c00000| Untracked 
|   5|0x0000000709e00000, 0x0000000709e00000, 0x000000070a000000|  0%| F|  |TAMS 0x0000000709e00000, 0x0000000709e00000| Untracked 
|   6|0x000000070a000000, 0x000000070a000000, 0x000000070a200000|  0%| F|  |TAMS 0x000000070a000000, 0x000000070a000000| Untracked 
|   7|0x000000070a200000, 0x000000070a200000, 0x000000070a400000|  0%| F|  |TAMS 0x000000070a200000, 0x000000070a200000| Untracked 
|   8|0x000000070a400000, 0x000000070a400000, 0x000000070a600000|  0%| F|  |TAMS 0x000000070a400000, 0x000000070a400000| Untracked 
|   9|0x000000070a600000, 0x000000070a600000, 0x000000070a800000|  0%| F|  |TAMS 0x000000070a600000, 0x000000070a600000| Untracked 
|  10|0x000000070a800000, 0x000000070a800000, 0x000000070aa00000|  0%| F|  |TAMS 0x000000070a800000, 0x000000070a800000| Untracked 
|  11|0x000000070aa00000, 0x000000070aa00000, 0x000000070ac00000|  0%| F|  |TAMS 0x000000070aa00000, 0x000000070aa00000| Untracked 
|  12|0x000000070ac00000, 0x000000070ac00000, 0x000000070ae00000|  0%| F|  |TAMS 0x000000070ac00000, 0x000000070ac00000| Untracked 
|  13|0x000000070ae00000, 0x000000070ae00000, 0x000000070b000000|  0%| F|  |TAMS 0x000000070ae00000, 0x000000070ae00000| Untracked 
|  14|0x000000070b000000, 0x000000070b000000, 0x000000070b200000|  0%| F|  |TAMS 0x000000070b000000, 0x000000070b000000| Untracked 
|  15|0x000000070b200000, 0x000000070b200000, 0x000000070b400000|  0%| F|  |TAMS 0x000000070b200000, 0x000000070b200000| Untracked 
|  16|0x000000070b400000, 0x000000070b400000, 0x000000070b600000|  0%| F|  |TAMS 0x000000070b400000, 0x000000070b400000| Untracked 
|  17|0x000000070b600000, 0x000000070b600000, 0x000000070b800000|  0%| F|  |TAMS 0x000000070b600000, 0x000000070b600000| Untracked 
|  18|0x000000070b800000, 0x000000070b800000, 0x000000070ba00000|  0%| F|  |TAMS 0x000000070b800000, 0x000000070b800000| Untracked 
|  19|0x000000070ba00000, 0x000000070ba00000, 0x000000070bc00000|  0%| F|  |TAMS 0x000000070ba00000, 0x000000070ba00000| Untracked 
|  20|0x000000070bc00000, 0x000000070bc00000, 0x000000070be00000|  0%| F|  |TAMS 0x000000070bc00000, 0x000000070bc00000| Untracked 
|  21|0x000000070be00000, 0x000000070be00000, 0x000000070c000000|  0%| F|  |TAMS 0x000000070be00000, 0x000000070be00000| Untracked 
|  22|0x000000070c000000, 0x000000070c000000, 0x000000070c200000|  0%| F|  |TAMS 0x000000070c000000, 0x000000070c000000| Untracked 
|  23|0x000000070c200000, 0x000000070c200000, 0x000000070c400000|  0%| F|  |TAMS 0x000000070c200000, 0x000000070c200000| Untracked 
|  24|0x000000070c400000, 0x000000070c400000, 0x000000070c600000|  0%| F|  |TAMS 0x000000070c400000, 0x000000070c400000| Untracked 
|  25|0x000000070c600000, 0x000000070c600000, 0x000000070c800000|  0%| F|  |TAMS 0x000000070c600000, 0x000000070c600000| Untracked 
|  26|0x000000070c800000, 0x000000070c800000, 0x000000070ca00000|  0%| F|  |TAMS 0x000000070c800000, 0x000000070c800000| Untracked 
|  27|0x000000070ca00000, 0x000000070ca00000, 0x000000070cc00000|  0%| F|  |TAMS 0x000000070ca00000, 0x000000070ca00000| Untracked 
|  28|0x000000070cc00000, 0x000000070cc00000, 0x000000070ce00000|  0%| F|  |TAMS 0x000000070cc00000, 0x000000070cc00000| Untracked 
|  29|0x000000070ce00000, 0x000000070ce00000, 0x000000070d000000|  0%| F|  |TAMS 0x000000070ce00000, 0x000000070ce00000| Untracked 
|  30|0x000000070d000000, 0x000000070d000000, 0x000000070d200000|  0%| F|  |TAMS 0x000000070d000000, 0x000000070d000000| Untracked 
|  31|0x000000070d200000, 0x000000070d200000, 0x000000070d400000|  0%| F|  |TAMS 0x000000070d200000, 0x000000070d200000| Untracked 
|  32|0x000000070d400000, 0x000000070d400000, 0x000000070d600000|  0%| F|  |TAMS 0x000000070d400000, 0x000000070d400000| Untracked 
|  33|0x000000070d600000, 0x000000070d600000, 0x000000070d800000|  0%| F|  |TAMS 0x000000070d600000, 0x000000070d600000| Untracked 
|  34|0x000000070d800000, 0x000000070d800000, 0x000000070da00000|  0%| F|  |TAMS 0x000000070d800000, 0x000000070d800000| Untracked 
|  35|0x000000070da00000, 0x000000070da00000, 0x000000070dc00000|  0%| F|  |TAMS 0x000000070da00000, 0x000000070da00000| Untracked 
|  36|0x000000070dc00000, 0x000000070dc00000, 0x000000070de00000|  0%| F|  |TAMS 0x000000070dc00000, 0x000000070dc00000| Untracked 
|  37|0x000000070de00000, 0x000000070de00000, 0x000000070e000000|  0%| F|  |TAMS 0x000000070de00000, 0x000000070de00000| Untracked 
|  38|0x000000070e000000, 0x000000070e000000, 0x000000070e200000|  0%| F|  |TAMS 0x000000070e000000, 0x000000070e000000| Untracked 
|  39|0x000000070e200000, 0x000000070e200000, 0x000000070e400000|  0%| F|  |TAMS 0x000000070e200000, 0x000000070e200000| Untracked 
|  40|0x000000070e400000, 0x000000070e400000, 0x000000070e600000|  0%| F|  |TAMS 0x000000070e400000, 0x000000070e400000| Untracked 
|  41|0x000000070e600000, 0x000000070e600000, 0x000000070e800000|  0%| F|  |TAMS 0x000000070e600000, 0x000000070e600000| Untracked 
|  42|0x000000070e800000, 0x000000070e800000, 0x000000070ea00000|  0%| F|  |TAMS 0x000000070e800000, 0x000000070e800000| Untracked 
|  43|0x000000070ea00000, 0x000000070ea00000, 0x000000070ec00000|  0%| F|  |TAMS 0x000000070ea00000, 0x000000070ea00000| Untracked 
|  44|0x000000070ec00000, 0x000000070ec00000, 0x000000070ee00000|  0%| F|  |TAMS 0x000000070ec00000, 0x000000070ec00000| Untracked 
|  45|0x000000070ee00000, 0x000000070ee00000, 0x000000070f000000|  0%| F|  |TAMS 0x000000070ee00000, 0x000000070ee00000| Untracked 
|  46|0x000000070f000000, 0x000000070f000000, 0x000000070f200000|  0%| F|  |TAMS 0x000000070f000000, 0x000000070f000000| Untracked 
|  47|0x000000070f200000, 0x000000070f200000, 0x000000070f400000|  0%| F|  |TAMS 0x000000070f200000, 0x000000070f200000| Untracked 
|  48|0x000000070f400000, 0x000000070f400000, 0x000000070f600000|  0%| F|  |TAMS 0x000000070f400000, 0x000000070f400000| Untracked 
|  49|0x000000070f600000, 0x000000070f600000, 0x000000070f800000|  0%| F|  |TAMS 0x000000070f600000, 0x000000070f600000| Untracked 
|  50|0x000000070f800000, 0x000000070f800000, 0x000000070fa00000|  0%| F|  |TAMS 0x000000070f800000, 0x000000070f800000| Untracked 
|  51|0x000000070fa00000, 0x000000070fa00000, 0x000000070fc00000|  0%| F|  |TAMS 0x000000070fa00000, 0x000000070fa00000| Untracked 
|  52|0x000000070fc00000, 0x000000070fc00000, 0x000000070fe00000|  0%| F|  |TAMS 0x000000070fc00000, 0x000000070fc00000| Untracked 
|  53|0x000000070fe00000, 0x000000070fe00000, 0x0000000710000000|  0%| F|  |TAMS 0x000000070fe00000, 0x000000070fe00000| Untracked 
|  54|0x0000000710000000, 0x0000000710000000, 0x0000000710200000|  0%| F|  |TAMS 0x0000000710000000, 0x0000000710000000| Untracked 
|  55|0x0000000710200000, 0x0000000710200000, 0x0000000710400000|  0%| F|  |TAMS 0x0000000710200000, 0x0000000710200000| Untracked 
|  56|0x0000000710400000, 0x0000000710400000, 0x0000000710600000|  0%| F|  |TAMS 0x0000000710400000, 0x0000000710400000| Untracked 
|  57|0x0000000710600000, 0x0000000710600000, 0x0000000710800000|  0%| F|  |TAMS 0x0000000710600000, 0x0000000710600000| Untracked 
|  58|0x0000000710800000, 0x0000000710800000, 0x0000000710a00000|  0%| F|  |TAMS 0x0000000710800000, 0x0000000710800000| Untracked 
|  59|0x0000000710a00000, 0x0000000710a00000, 0x0000000710c00000|  0%| F|  |TAMS 0x0000000710a00000, 0x0000000710a00000| Untracked 
|  60|0x0000000710c00000, 0x0000000710c00000, 0x0000000710e00000|  0%| F|  |TAMS 0x0000000710c00000, 0x0000000710c00000| Untracked 
|  61|0x0000000710e00000, 0x0000000710e00000, 0x0000000711000000|  0%| F|  |TAMS 0x0000000710e00000, 0x0000000710e00000| Untracked 
|  62|0x0000000711000000, 0x0000000711000000, 0x0000000711200000|  0%| F|  |TAMS 0x0000000711000000, 0x0000000711000000| Untracked 
|  63|0x0000000711200000, 0x0000000711200000, 0x0000000711400000|  0%| F|  |TAMS 0x0000000711200000, 0x0000000711200000| Untracked 
|  64|0x0000000711400000, 0x0000000711400000, 0x0000000711600000|  0%| F|  |TAMS 0x0000000711400000, 0x0000000711400000| Untracked 
|  65|0x0000000711600000, 0x0000000711600000, 0x0000000711800000|  0%| F|  |TAMS 0x0000000711600000, 0x0000000711600000| Untracked 
|  66|0x0000000711800000, 0x0000000711800000, 0x0000000711a00000|  0%| F|  |TAMS 0x0000000711800000, 0x0000000711800000| Untracked 
|  67|0x0000000711a00000, 0x0000000711a00000, 0x0000000711c00000|  0%| F|  |TAMS 0x0000000711a00000, 0x0000000711a00000| Untracked 
|  68|0x0000000711c00000, 0x0000000711c00000, 0x0000000711e00000|  0%| F|  |TAMS 0x0000000711c00000, 0x0000000711c00000| Untracked 
|  69|0x0000000711e00000, 0x0000000711e00000, 0x0000000712000000|  0%| F|  |TAMS 0x0000000711e00000, 0x0000000711e00000| Untracked 
|  70|0x0000000712000000, 0x0000000712000000, 0x0000000712200000|  0%| F|  |TAMS 0x0000000712000000, 0x0000000712000000| Untracked 
|  71|0x0000000712200000, 0x0000000712200000, 0x0000000712400000|  0%| F|  |TAMS 0x0000000712200000, 0x0000000712200000| Untracked 
|  72|0x0000000712400000, 0x0000000712400000, 0x0000000712600000|  0%| F|  |TAMS 0x0000000712400000, 0x0000000712400000| Untracked 
|  73|0x0000000712600000, 0x0000000712600000, 0x0000000712800000|  0%| F|  |TAMS 0x0000000712600000, 0x0000000712600000| Untracked 
|  74|0x0000000712800000, 0x0000000712800000, 0x0000000712a00000|  0%| F|  |TAMS 0x0000000712800000, 0x0000000712800000| Untracked 
|  75|0x0000000712a00000, 0x0000000712a00000, 0x0000000712c00000|  0%| F|  |TAMS 0x0000000712a00000, 0x0000000712a00000| Untracked 
|  76|0x0000000712c00000, 0x0000000712c00000, 0x0000000712e00000|  0%| F|  |TAMS 0x0000000712c00000, 0x0000000712c00000| Untracked 
|  77|0x0000000712e00000, 0x0000000712e00000, 0x0000000713000000|  0%| F|  |TAMS 0x0000000712e00000, 0x0000000712e00000| Untracked 
|  78|0x0000000713000000, 0x0000000713000000, 0x0000000713200000|  0%| F|  |TAMS 0x0000000713000000, 0x0000000713000000| Untracked 
|  79|0x0000000713200000, 0x0000000713200000, 0x0000000713400000|  0%| F|  |TAMS 0x0000000713200000, 0x0000000713200000| Untracked 
|  80|0x0000000713400000, 0x0000000713400000, 0x0000000713600000|  0%| F|  |TAMS 0x0000000713400000, 0x0000000713400000| Untracked 
|  81|0x0000000713600000, 0x0000000713600000, 0x0000000713800000|  0%| F|  |TAMS 0x0000000713600000, 0x0000000713600000| Untracked 
|  82|0x0000000713800000, 0x0000000713800000, 0x0000000713a00000|  0%| F|  |TAMS 0x0000000713800000, 0x0000000713800000| Untracked 
|  83|0x0000000713a00000, 0x0000000713a00000, 0x0000000713c00000|  0%| F|  |TAMS 0x0000000713a00000, 0x0000000713a00000| Untracked 
|  84|0x0000000713c00000, 0x0000000713c00000, 0x0000000713e00000|  0%| F|  |TAMS 0x0000000713c00000, 0x0000000713c00000| Untracked 
|  85|0x0000000713e00000, 0x0000000713e00000, 0x0000000714000000|  0%| F|  |TAMS 0x0000000713e00000, 0x0000000713e00000| Untracked 
|  86|0x0000000714000000, 0x0000000714000000, 0x0000000714200000|  0%| F|  |TAMS 0x0000000714000000, 0x0000000714000000| Untracked 
|  87|0x0000000714200000, 0x0000000714200000, 0x0000000714400000|  0%| F|  |TAMS 0x0000000714200000, 0x0000000714200000| Untracked 
|  88|0x0000000714400000, 0x0000000714400000, 0x0000000714600000|  0%| F|  |TAMS 0x0000000714400000, 0x0000000714400000| Untracked 
|  89|0x0000000714600000, 0x0000000714600000, 0x0000000714800000|  0%| F|  |TAMS 0x0000000714600000, 0x0000000714600000| Untracked 
|  90|0x0000000714800000, 0x0000000714800000, 0x0000000714a00000|  0%| F|  |TAMS 0x0000000714800000, 0x0000000714800000| Untracked 
|  91|0x0000000714a00000, 0x0000000714a00000, 0x0000000714c00000|  0%| F|  |TAMS 0x0000000714a00000, 0x0000000714a00000| Untracked 
|  92|0x0000000714c00000, 0x0000000714c00000, 0x0000000714e00000|  0%| F|  |TAMS 0x0000000714c00000, 0x0000000714c00000| Untracked 
|  93|0x0000000714e00000, 0x0000000714e00000, 0x0000000715000000|  0%| F|  |TAMS 0x0000000714e00000, 0x0000000714e00000| Untracked 
|  94|0x0000000715000000, 0x0000000715000000, 0x0000000715200000|  0%| F|  |TAMS 0x0000000715000000, 0x0000000715000000| Untracked 
|  95|0x0000000715200000, 0x0000000715200000, 0x0000000715400000|  0%| F|  |TAMS 0x0000000715200000, 0x0000000715200000| Untracked 
|  96|0x0000000715400000, 0x0000000715400000, 0x0000000715600000|  0%| F|  |TAMS 0x0000000715400000, 0x0000000715400000| Untracked 
|  97|0x0000000715600000, 0x0000000715600000, 0x0000000715800000|  0%| F|  |TAMS 0x0000000715600000, 0x0000000715600000| Untracked 
|  98|0x0000000715800000, 0x0000000715800000, 0x0000000715a00000|  0%| F|  |TAMS 0x0000000715800000, 0x0000000715800000| Untracked 
|  99|0x0000000715a00000, 0x0000000715a00000, 0x0000000715c00000|  0%| F|  |TAMS 0x0000000715a00000, 0x0000000715a00000| Untracked 
| 100|0x0000000715c00000, 0x0000000715c00000, 0x0000000715e00000|  0%| F|  |TAMS 0x0000000715c00000, 0x0000000715c00000| Untracked 
| 101|0x0000000715e00000, 0x0000000715e00000, 0x0000000716000000|  0%| F|  |TAMS 0x0000000715e00000, 0x0000000715e00000| Untracked 
| 102|0x0000000716000000, 0x0000000716000000, 0x0000000716200000|  0%| F|  |TAMS 0x0000000716000000, 0x0000000716000000| Untracked 
| 103|0x0000000716200000, 0x0000000716200000, 0x0000000716400000|  0%| F|  |TAMS 0x0000000716200000, 0x0000000716200000| Untracked 
| 104|0x0000000716400000, 0x0000000716400000, 0x0000000716600000|  0%| F|  |TAMS 0x0000000716400000, 0x0000000716400000| Untracked 
| 105|0x0000000716600000, 0x0000000716721188, 0x0000000716800000| 56%| E|  |TAMS 0x0000000716600000, 0x0000000716600000| Complete 
| 106|0x0000000716800000, 0x0000000716a00000, 0x0000000716a00000|100%| E|CS|TAMS 0x0000000716800000, 0x0000000716800000| Complete 
| 107|0x0000000716a00000, 0x0000000716c00000, 0x0000000716c00000|100%| E|CS|TAMS 0x0000000716a00000, 0x0000000716a00000| Complete 
| 108|0x0000000716c00000, 0x0000000716e00000, 0x0000000716e00000|100%| E|CS|TAMS 0x0000000716c00000, 0x0000000716c00000| Complete 
| 109|0x0000000716e00000, 0x0000000717000000, 0x0000000717000000|100%| E|CS|TAMS 0x0000000716e00000, 0x0000000716e00000| Complete 
| 110|0x0000000717000000, 0x0000000717200000, 0x0000000717200000|100%| E|CS|TAMS 0x0000000717000000, 0x0000000717000000| Complete 
| 111|0x0000000717200000, 0x0000000717236680, 0x0000000717400000| 10%| S|CS|TAMS 0x0000000717200000, 0x0000000717200000| Complete 
| 112|0x0000000717400000, 0x0000000717600000, 0x0000000717600000|100%| S|CS|TAMS 0x0000000717400000, 0x0000000717400000| Complete 
| 113|0x0000000717600000, 0x0000000717800000, 0x0000000717800000|100%| E|CS|TAMS 0x0000000717600000, 0x0000000717600000| Complete 
| 114|0x0000000717800000, 0x0000000717a00000, 0x0000000717a00000|100%| E|CS|TAMS 0x0000000717800000, 0x0000000717800000| Complete 
| 115|0x0000000717a00000, 0x0000000717c00000, 0x0000000717c00000|100%| E|CS|TAMS 0x0000000717a00000, 0x0000000717a00000| Complete 
| 116|0x0000000717c00000, 0x0000000717e00000, 0x0000000717e00000|100%| E|CS|TAMS 0x0000000717c00000, 0x0000000717c00000| Complete 
| 117|0x0000000717e00000, 0x0000000718000000, 0x0000000718000000|100%| E|CS|TAMS 0x0000000717e00000, 0x0000000717e00000| Complete 
| 118|0x0000000718000000, 0x0000000718200000, 0x0000000718200000|100%| E|CS|TAMS 0x0000000718000000, 0x0000000718000000| Complete 
| 119|0x0000000718200000, 0x0000000718400000, 0x0000000718400000|100%| E|CS|TAMS 0x0000000718200000, 0x0000000718200000| Complete 
| 120|0x0000000718400000, 0x0000000718600000, 0x0000000718600000|100%| E|CS|TAMS 0x0000000718400000, 0x0000000718400000| Complete 
| 121|0x0000000718600000, 0x0000000718800000, 0x0000000718800000|100%| E|CS|TAMS 0x0000000718600000, 0x0000000718600000| Complete 
| 122|0x0000000718800000, 0x0000000718a00000, 0x0000000718a00000|100%| E|CS|TAMS 0x0000000718800000, 0x0000000718800000| Complete 
| 123|0x0000000718a00000, 0x0000000718c00000, 0x0000000718c00000|100%| E|CS|TAMS 0x0000000718a00000, 0x0000000718a00000| Complete 

Card table byte_map: [0x0000016aabcd0000,0x0000016aac490000] _byte_map_base: 0x0000016aa8486000

Marking Bits (Prev, Next): (CMBitMap*) 0x0000016a983d3ea0, (CMBitMap*) 0x0000016a983d3ee0
 Prev Bits: [0x0000016aacc50000, 0x0000016ab0a00000)
 Next Bits: [0x0000016ab0a00000, 0x0000016ab47b0000)

Polling page: 0x0000016a95fe0000

Metaspace:

Usage:
  Non-class:     16.17 MB capacity,    16.04 MB (>99%) used,   103.45 KB ( <1%) free+waste,    21.12 KB ( <1%) overhead. 
      Class:      1.81 MB capacity,     1.74 MB ( 96%) used,    63.63 KB (  3%) free+waste,     6.81 KB ( <1%) overhead. 
       Both:     17.98 MB capacity,    17.79 MB ( 99%) used,   167.09 KB ( <1%) free+waste,    27.94 KB ( <1%) overhead. 

Virtual space:
  Non-class space:       18.00 MB reserved,      16.25 MB ( 90%) committed 
      Class space:        1.00 GB reserved,       1.88 MB ( <1%) committed 
             Both:        1.02 GB reserved,      18.12 MB (  2%) committed 

Chunk freelists:
   Non-Class:  23.00 KB
       Class:  0 bytes
        Both:  23.00 KB

MaxMetaspaceSize: 17179869184.00 GB
CompressedClassSpaceSize: 1.00 GB

CodeHeap 'non-profiled nmethods': size=119168Kb used=859Kb max_used=859Kb free=118308Kb
 bounds [0x0000016aa3940000, 0x0000016aa3bb0000, 0x0000016aaada0000]
CodeHeap 'profiled nmethods': size=119104Kb used=4073Kb max_used=4073Kb free=115030Kb
 bounds [0x0000016a9c4f0000, 0x0000016a9c8f0000, 0x0000016aa3940000]
CodeHeap 'non-nmethods': size=7488Kb used=1313Kb max_used=3012Kb free=6174Kb
 bounds [0x0000016a9bda0000, 0x0000016a9c0a0000, 0x0000016a9c4f0000]
 total_blobs=2919 nmethods=2307 adapters=524
 compilation: enabled
              stopped_count=0, restarted_count=0
 full_count=0

Compilation events (20 events):
Event: 11.048 Thread 0x0000016ab80e7180 nmethod 2298 0x0000016aa3a09690 code [0x0000016aa3a09920, 0x0000016aa3a0a348]
Event: 11.048 Thread 0x0000016ab80e7180 2299       4       sun.java2d.SunGraphics2D::getClipBounds (102 bytes)
Event: 11.054 Thread 0x0000016ab80e7180 nmethod 2299 0x0000016aa3a0ac90 code [0x0000016aa3a0af20, 0x0000016aa3a0b908]
Event: 11.054 Thread 0x0000016ab80e7180 2300       4       sun.java2d.d3d.D3DBlitLoops::createPackedParams (60 bytes)
Event: 11.054 Thread 0x0000016ab80e7180 nmethod 2300 0x0000016aa3a0c210 code [0x0000016aa3a0c380, 0x0000016aa3a0c418]
Event: 11.060 Thread 0x0000016ab80e7180 2301       4       java.awt.Component::getGraphics (124 bytes)
Event: 11.078 Thread 0x0000016ab80e7180 nmethod 2301 0x0000016aa3a0c510 code [0x0000016aa3a0c800, 0x0000016aa3a0e150]
Event: 11.078 Thread 0x0000016ab80e7180 2302       4       sun.java2d.SurfaceData::getSourceSurfaceData (110 bytes)
Event: 11.139 Thread 0x0000016ab80e7180 nmethod 2302 0x0000016aa3a0f110 code [0x0000016aa3a0f460, 0x0000016aa3a132d0]
Event: 11.187 Thread 0x0000016ab80e7180 2303       4       java.awt.geom.AffineTransform::setTransform (65 bytes)
Event: 11.187 Thread 0x0000016ab80e7180 nmethod 2303 0x0000016aa3a14f10 code [0x0000016aa3a15080, 0x0000016aa3a15138]
Event: 11.523 Thread 0x0000016ab80e7180 2304       4       sun.java2d.SunGraphics2D::getFont (19 bytes)
Event: 11.524 Thread 0x0000016ab80e7180 nmethod 2304 0x0000016aa3a15210 code [0x0000016aa3a15380, 0x0000016aa3a153f8]
Event: 11.588 Thread 0x0000016ab80e7180 2305       4       java.awt.Component::isShowing (38 bytes)
Event: 11.589 Thread 0x0000016ab80e7180 nmethod 2305 0x0000016aa3a15510 code [0x0000016aa3a156a0, 0x0000016aa3a15758]
Event: 11.828 Thread 0x0000016ab80e7180 2306       4       sun.java2d.d3d.D3DPaints::isValid (37 bytes)
Event: 11.832 Thread 0x0000016ab80e7180 nmethod 2306 0x0000016aa3a15810 code [0x0000016aa3a159e0, 0x0000016aa3a15e18]
Event: 11.894 Thread 0x0000016ab80e7180 2307       4       sun.awt.image.ByteComponentRaster::verify (428 bytes)
Event: 11.899 Thread 0x0000016ab80e7180 nmethod 2307 0x0000016aa3a16310 code [0x0000016aa3a164c0, 0x0000016aa3a16a98]
Event: 12.135 Thread 0x0000016ab80e7180 2308       4       sun.java2d.SunGraphics2D::checkFontInfo (760 bytes)

GC Heap History (2 events):
Event: 4.458 GC heap before
{Heap before GC invocations=0 (full 0):
 garbage-first heap   total 253952K, used 24576K [0x0000000709400000, 0x0000000800000000)
  region size 2048K, 11 young (22528K), 0 survivors (0K)
 Metaspace       used 17440K, capacity 17595K, committed 17664K, reserved 1064960K
  class space    used 1692K, capacity 1756K, committed 1792K, reserved 1048576K
}
Event: 4.462 GC heap after
{Heap after GC invocations=1 (full 0):
 garbage-first heap   total 253952K, used 4313K [0x0000000709400000, 0x0000000800000000)
  region size 2048K, 2 young (4096K), 2 survivors (4096K)
 Metaspace       used 17440K, capacity 17595K, committed 17664K, reserved 1064960K
  class space    used 1692K, capacity 1756K, committed 1792K, reserved 1048576K
}

Deoptimization events (20 events):
Event: 7.138 Thread 0x0000016ac0542580 Uncommon trap: trap_request=0xffffffc6 fr.pc=0x0000016aa39d777c relative=0x00000000000004bc
Event: 7.138 Thread 0x0000016ac0542580 Uncommon trap: reason=bimorphic_or_optimized_type_check action=maybe_recompile pc=0x0000016aa39d777c method=sun.java2d.SunGraphics2D.transformShape(Ljava/awt/geom/AffineTransform;Ljava/awt/Shape;)Ljava/awt/Shape; @ 35 c2
Event: 7.138 Thread 0x0000016ac0542580 DEOPT PACKING pc=0x0000016aa39d777c sp=0x000000618777cf40
Event: 7.139 Thread 0x0000016ac0542580 DEOPT UNPACKING pc=0x0000016a9bdee42f sp=0x000000618777ce60 mode 2
Event: 7.139 Thread 0x0000016ac0542580 Uncommon trap: trap_request=0xffffff66 fr.pc=0x0000016aa39c6f18 relative=0x00000000000006d8
Event: 7.139 Thread 0x0000016ac0542580 Uncommon trap: reason=speculate_class_check action=maybe_recompile pc=0x0000016aa39c6f18 method=java.awt.geom.RectangularShape.getMinX()D @ 1 c2
Event: 7.139 Thread 0x0000016ac0542580 DEOPT PACKING pc=0x0000016aa39c6f18 sp=0x000000618777cd20
Event: 7.139 Thread 0x0000016ac0542580 DEOPT UNPACKING pc=0x0000016a9bdee42f sp=0x000000618777cc00 mode 2
Event: 7.145 Thread 0x0000016ac0542580 Uncommon trap: trap_request=0xffffff45 fr.pc=0x0000016aa39ce3a0 relative=0x0000000000000300
Event: 7.145 Thread 0x0000016ac0542580 Uncommon trap: reason=unstable_if action=reinterpret pc=0x0000016aa39ce3a0 method=sun.java2d.loops.RenderCache$Entry.matches(Lsun/java2d/loops/SurfaceType;Lsun/java2d/loops/CompositeType;Lsun/java2d/loops/SurfaceType;)Z @ 13 c2
Event: 7.145 Thread 0x0000016ac0542580 DEOPT PACKING pc=0x0000016aa39ce3a0 sp=0x000000618777aef0
Event: 7.145 Thread 0x0000016ac0542580 DEOPT UNPACKING pc=0x0000016a9bdee42f sp=0x000000618777ae28 mode 2
Event: 7.193 Thread 0x0000016ac0542580 Uncommon trap: trap_request=0xffffff45 fr.pc=0x0000016aa39cff44 relative=0x0000000000000124
Event: 7.193 Thread 0x0000016ac0542580 Uncommon trap: reason=unstable_if action=reinterpret pc=0x0000016aa39cff44 method=java.util.IdentityHashMap.get(Ljava/lang/Object;)Ljava/lang/Object; @ 43 c2
Event: 7.193 Thread 0x0000016ac0542580 DEOPT PACKING pc=0x0000016aa39cff44 sp=0x000000618777d0e0
Event: 7.193 Thread 0x0000016ac0542580 DEOPT UNPACKING pc=0x0000016a9bdee42f sp=0x000000618777d058 mode 2
Event: 7.193 Thread 0x0000016ac0542580 Uncommon trap: trap_request=0xffffff45 fr.pc=0x0000016aa39a98a0 relative=0x0000000000000240
Event: 7.193 Thread 0x0000016ac0542580 Uncommon trap: reason=unstable_if action=reinterpret pc=0x0000016aa39a98a0 method=java.awt.geom.AffineTransform.translate(DD)V @ 375 c2
Event: 7.193 Thread 0x0000016ac0542580 DEOPT PACKING pc=0x0000016aa39a98a0 sp=0x000000618777c4d0
Event: 7.193 Thread 0x0000016ac0542580 DEOPT UNPACKING pc=0x0000016a9bdee42f sp=0x000000618777c458 mode 2

Classes unloaded (0 events):
No events

Classes redefined (0 events):
No events

Internal exceptions (20 events):
Event: 0.153 Thread 0x0000016a98382280 Exception <a 'java/io/FileNotFoundException'{0x00000007188548d8}> (0x00000007188548d8) 
thrown [./open/src/hotspot/share/prims/jni.cpp, line 578]
Event: 0.154 Thread 0x0000016a98382280 Exception <a 'java/lang/NoSuchMethodError'{0x0000000718855c10}: 'java.lang.Object java.lang.invoke.DirectMethodHandle$Holder.invokeStatic(java.lang.Object)'> (0x0000000718855c10) 
thrown [./open/src/hotspot/share/interpreter/linkResolver.cpp, line 782]
Event: 0.194 Thread 0x0000016a98382280 Exception <a 'java/lang/NoSuchMethodError'{0x00000007188c56a0}: 'java.lang.Object java.lang.invoke.DirectMethodHandle$Holder.invokeStaticInit(java.lang.Object)'> (0x00000007188c56a0) 
thrown [./open/src/hotspot/share/interpreter/linkResolver.cpp, line 782]
Event: 0.223 Thread 0x0000016a98382280 Exception <a 'java/lang/NoSuchMethodError'{0x0000000718988be0}: 'java.lang.Object java.lang.invoke.DirectMethodHandle$Holder.newInvokeSpecial(java.lang.Object, java.lang.Object, java.lang.Object, java.lang.Object, java.lang.Object)'> (0x0000000718988be0) 
thrown [./open/src/hotspot/share/interpreter/linkResolver.cpp, line 782]
Event: 0.224 Thread 0x0000016a98382280 Exception <a 'java/lang/NoSuchMethodError'{0x0000000718994670}: 'java.lang.Object java.lang.invoke.DirectMethodHandle$Holder.invokeStatic(java.lang.Object, int, java.lang.Object, java.lang.Object, java.lang.Object, java.lang.Object)'> (0x0000000718994670) 
thrown [./open/src/hotspot/share/interpreter/linkResolver.cpp, line 782]
Event: 0.227 Thread 0x0000016a98382280 Exception <a 'java/lang/NoSuchMethodError'{0x00000007189ba918}: 'java.lang.Object java.lang.invoke.DirectMethodHandle$Holder.invokeStatic(java.lang.Object, int, java.lang.Object)'> (0x00000007189ba918) 
thrown [./open/src/hotspot/share/interpreter/linkResolver.cpp, line 782]
Event: 0.244 Thread 0x0000016a98382280 Exception <a 'java/lang/ClassNotFoundException'{0x0000000718676000}: com/sun/swing/internal/plaf/metal/resources/spi/metalProvider> (0x0000000718676000) 
thrown [./open/src/hotspot/share/classfile/systemDictionary.cpp, line 295]
Event: 0.245 Thread 0x0000016a98382280 Exception <a 'java/lang/ClassNotFoundException'{0x000000071867a238}: com/sun/swing/internal/plaf/basic/resources/spi/basicProvider> (0x000000071867a238) 
thrown [./open/src/hotspot/share/classfile/systemDictionary.cpp, line 295]
Event: 0.286 Thread 0x0000016a98382280 Exception <a 'java/lang/NoSuchMethodError'{0x00000007186f6210}: 'void java.lang.invoke.DirectMethodHandle$Holder.invokeStatic(java.lang.Object, java.lang.Object)'> (0x00000007186f6210) 
thrown [./open/src/hotspot/share/interpreter/linkResolver.cpp, line 782]
Event: 0.287 Thread 0x0000016a98382280 Exception <a 'java/lang/NoSuchMethodError'{0x00000007186f9c18}: 'void java.lang.invoke.DirectMethodHandle$Holder.invokeStaticInit(java.lang.Object, java.lang.Object)'> (0x00000007186f9c18) 
thrown [./open/src/hotspot/share/interpreter/linkResolver.cpp, line 782]
Event: 0.291 Thread 0x0000016a98382280 Exception <a 'java/lang/NoSuchMethodError'{0x0000000718726ba0}: 'java.lang.Object java.lang.invoke.DirectMethodHandle$Holder.invokeStaticInit(java.lang.Object, int, int, int, int)'> (0x0000000718726ba0) 
thrown [./open/src/hotspot/share/interpreter/linkResolver.cpp, line 782]
Event: 0.322 Thread 0x0000016a98382280 Exception <a 'java/lang/NoSuchMethodError'{0x00000007187e8768}: 'java.lang.Object java.lang.invoke.DirectMethodHandle$Holder.invokeStaticInit(java.lang.Object, java.lang.Object, int, int, int, int)'> (0x00000007187e8768) 
thrown [./open/src/hotspot/share/interpreter/linkResolver.cpp, line 782]
Event: 0.539 Thread 0x0000016a98382280 Exception <a 'java/lang/NoSuchMethodError'{0x00000007184338a8}: 'void java.lang.invoke.DirectMethodHandle$Holder.invokeStaticInit(java.lang.Object)'> (0x00000007184338a8) 
thrown [./open/src/hotspot/share/interpreter/linkResolver.cpp, line 782]
Event: 7.017 Thread 0x0000016ac0542580 Implicit null exception at 0x0000016aa39b746c to 0x0000016aa39b74a9
Event: 7.017 Thread 0x0000016ac0542580 Implicit null exception at 0x0000016aa39cb86c to 0x0000016aa39cb8a9
Event: 7.026 Thread 0x0000016ac270ea00 Exception <a 'java/lang/NoSuchMethodError'{0x0000000717fc06c0}: 'java.lang.Object java.lang.invoke.DirectMethodHandle$Holder.newInvokeSpecial(java.lang.Object, java.lang.Object, java.lang.Object, int, int, int, int, int)'> (0x0000000717fc06c0) 
thrown [./open/src/hotspot/share/interpreter/linkResolver.cpp, line 782]
Event: 7.029 Thread 0x0000016ac0542580 Implicit null exception at 0x0000016aa39bf75b to 0x0000016aa39c0ffc
Event: 7.029 Thread 0x0000016ac0542580 Implicit null exception at 0x0000016aa39cc6f5 to 0x0000016aa39cc948
Event: 7.035 Thread 0x0000016ac0542580 Implicit null exception at 0x0000016aa39d3453 to 0x0000016aa39d3dc4
Event: 7.067 Thread 0x0000016ac0542580 Exception <a 'java/lang/NoSuchMethodError'{0x0000000717fe26b0}: 'int java.lang.invoke.DirectMethodHandle$Holder.invokeStatic(java.lang.Object)'> (0x0000000717fe26b0) 
thrown [./open/src/hotspot/share/interpreter/linkResolver.cpp, line 782]

Events (20 events):
Event: 7.067 loading class java/awt/WaitDispatchSupport$1 done
Event: 7.067 loading class java/awt/WaitDispatchSupport$2
Event: 7.067 loading class java/awt/WaitDispatchSupport$2 done
Event: 7.067 loading class java/awt/WaitDispatchSupport$4
Event: 7.068 loading class java/awt/WaitDispatchSupport$4 done
Event: 7.192 loading class javax/swing/JMenuBar
Event: 7.192 loading class javax/swing/MenuElement
Event: 7.193 loading class javax/swing/MenuElement done
Event: 7.193 loading class javax/swing/JMenuBar done
Event: 7.193 loading class javax/swing/plaf/basic/BasicRootPaneUI$Actions
Event: 7.193 loading class javax/swing/plaf/basic/BasicRootPaneUI$Actions done
Event: 7.193 Thread 0x0000016ac08aef50 Thread exited: 0x0000016ac08aef50
Event: 7.469 Executing VM operation: HandshakeAllThreads
Event: 7.470 Executing VM operation: HandshakeAllThreads done
Event: 8.227 Thread 0x0000016ab7825fa0 Thread exited: 0x0000016ab7825fa0
Event: 11.503 Executing VM operation: HandshakeAllThreads
Event: 11.503 Executing VM operation: HandshakeAllThreads done
Event: 12.028 Thread 0x0000016ac270ea00 Thread exited: 0x0000016ac270ea00
Event: 12.134 loading class sun/java2d/SurfaceDataProxy$CountdownTracker
Event: 12.134 loading class sun/java2d/SurfaceDataProxy$CountdownTracker done


Dynamic libraries:
0x00007ff7ec450000 - 0x00007ff7ec45d000 	C:\Users\spiro\.p2\pool\plugins\org.eclipse.justj.openjdk.hotspot.jre.full.win32.x86_64_15.0.2.v20210201-0955\jre\bin\javaw.exe
0x00007ffba1370000 - 0x00007ffba1565000 	C:\WINDOWS\SYSTEM32\ntdll.dll
0x00007ffba0d40000 - 0x00007ffba0dfd000 	C:\WINDOWS\System32\KERNEL32.DLL
0x00007ffb9eef0000 - 0x00007ffb9f1b8000 	C:\WINDOWS\System32\KERNELBASE.dll
0x00007ffb9eb10000 - 0x00007ffb9ec10000 	C:\WINDOWS\System32\ucrtbase.dll
0x00007ffb88bb0000 - 0x00007ffb88bc8000 	C:\Users\spiro\.p2\pool\plugins\org.eclipse.justj.openjdk.hotspot.jre.full.win32.x86_64_15.0.2.v20210201-0955\jre\bin\jli.dll
0x00007ffb88b90000 - 0x00007ffb88ba9000 	C:\Users\spiro\.p2\pool\plugins\org.eclipse.justj.openjdk.hotspot.jre.full.win32.x86_64_15.0.2.v20210201-0955\jre\bin\VCRUNTIME140.dll
0x00007ffba0470000 - 0x00007ffba0610000 	C:\WINDOWS\System32\USER32.dll
0x00007ffb9f210000 - 0x00007ffb9f232000 	C:\WINDOWS\System32\win32u.dll
0x00007ffb8e7c0000 - 0x00007ffb8ea5a000 	C:\WINDOWS\WinSxS\amd64_microsoft.windows.common-controls_6595b64144ccf1df_6.0.19041.1052_none_60b8f8fd71f5e8cb\COMCTL32.dll
0x00007ffba0820000 - 0x00007ffba084a000 	C:\WINDOWS\System32\GDI32.dll
0x00007ffb9f240000 - 0x00007ffb9f34b000 	C:\WINDOWS\System32\gdi32full.dll
0x00007ffba00b0000 - 0x00007ffba014e000 	C:\WINDOWS\System32\msvcrt.dll
0x00007ffb9ed70000 - 0x00007ffb9ee0d000 	C:\WINDOWS\System32\msvcp_win.dll
0x00007ffba1300000 - 0x00007ffba1330000 	C:\WINDOWS\System32\IMM32.DLL
0x00007ffb99720000 - 0x00007ffb9972c000 	C:\Users\spiro\.p2\pool\plugins\org.eclipse.justj.openjdk.hotspot.jre.full.win32.x86_64_15.0.2.v20210201-0955\jre\bin\vcruntime140_1.dll
0x00007ffb84ce0000 - 0x00007ffb84d71000 	C:\Users\spiro\.p2\pool\plugins\org.eclipse.justj.openjdk.hotspot.jre.full.win32.x86_64_15.0.2.v20210201-0955\jre\bin\msvcp140.dll
0x00007ffb33f30000 - 0x00007ffb34a8e000 	C:\Users\spiro\.p2\pool\plugins\org.eclipse.justj.openjdk.hotspot.jre.full.win32.x86_64_15.0.2.v20210201-0955\jre\bin\server\jvm.dll
0x00007ffba0230000 - 0x00007ffba02dc000 	C:\WINDOWS\System32\ADVAPI32.dll
0x00007ffba0e00000 - 0x00007ffba0e9b000 	C:\WINDOWS\System32\sechost.dll
0x00007ffba0ff0000 - 0x00007ffba111b000 	C:\WINDOWS\System32\RPCRT4.dll
0x00007ffba0d30000 - 0x00007ffba0d38000 	C:\WINDOWS\System32\PSAPI.DLL
0x00007ffb917c0000 - 0x00007ffb917c9000 	C:\WINDOWS\SYSTEM32\WSOCK32.dll
0x00007ffba0850000 - 0x00007ffba08bb000 	C:\WINDOWS\System32\WS2_32.dll
0x00007ffb93e80000 - 0x00007ffb93ea7000 	C:\WINDOWS\SYSTEM32\WINMM.dll
0x00007ffb979e0000 - 0x00007ffb979ea000 	C:\WINDOWS\SYSTEM32\VERSION.dll
0x00007ffb9ca00000 - 0x00007ffb9ca12000 	C:\WINDOWS\SYSTEM32\kernel.appcore.dll
0x00007ffb98ae0000 - 0x00007ffb98aea000 	C:\Users\spiro\.p2\pool\plugins\org.eclipse.justj.openjdk.hotspot.jre.full.win32.x86_64_15.0.2.v20210201-0955\jre\bin\jimage.dll
0x00007ffb959c0000 - 0x00007ffb95ba4000 	C:\WINDOWS\SYSTEM32\DBGHELP.DLL
0x00007ffb96580000 - 0x00007ffb965ac000 	C:\WINDOWS\SYSTEM32\dbgcore.DLL
0x00007ffb9f350000 - 0x00007ffb9f3d3000 	C:\WINDOWS\System32\bcryptPrimitives.dll
0x00007ffb8d8c0000 - 0x00007ffb8d8e5000 	C:\Users\spiro\.p2\pool\plugins\org.eclipse.justj.openjdk.hotspot.jre.full.win32.x86_64_15.0.2.v20210201-0955\jre\bin\java.dll
0x00007ffb981b0000 - 0x00007ffb981c8000 	C:\Users\spiro\.p2\pool\plugins\org.eclipse.justj.openjdk.hotspot.jre.full.win32.x86_64_15.0.2.v20210201-0955\jre\bin\zip.dll
0x00007ffb9f590000 - 0x00007ffb9fccf000 	C:\WINDOWS\System32\SHELL32.dll
0x00007ffb9cc00000 - 0x00007ffb9d390000 	C:\WINDOWS\SYSTEM32\windows.storage.dll
0x00007ffb9fcd0000 - 0x00007ffba0025000 	C:\WINDOWS\System32\combase.dll
0x00007ffb9e450000 - 0x00007ffb9e47c000 	C:\WINDOWS\SYSTEM32\Wldp.dll
0x00007ffba1250000 - 0x00007ffba12fe000 	C:\WINDOWS\System32\SHCORE.dll
0x00007ffba0410000 - 0x00007ffba0465000 	C:\WINDOWS\System32\shlwapi.dll
0x00007ffb9e9f0000 - 0x00007ffb9ea0f000 	C:\WINDOWS\SYSTEM32\profapi.dll
0x00007ffb944a0000 - 0x00007ffb944b9000 	C:\Users\spiro\.p2\pool\plugins\org.eclipse.justj.openjdk.hotspot.jre.full.win32.x86_64_15.0.2.v20210201-0955\jre\bin\net.dll
0x00007ffb94cb0000 - 0x00007ffb94dbb000 	C:\WINDOWS\SYSTEM32\WINHTTP.dll
0x00007ffb9e1c0000 - 0x00007ffb9e22a000 	C:\WINDOWS\system32\mswsock.dll
0x00007ffb93d70000 - 0x00007ffb93d82000 	C:\Users\spiro\.p2\pool\plugins\org.eclipse.justj.openjdk.hotspot.jre.full.win32.x86_64_15.0.2.v20210201-0955\jre\bin\nio.dll
0x00007ffb571c0000 - 0x00007ffb5733f000 	C:\Users\spiro\.p2\pool\plugins\org.eclipse.justj.openjdk.hotspot.jre.full.win32.x86_64_15.0.2.v20210201-0955\jre\bin\awt.dll
0x00007ffba0340000 - 0x00007ffba040d000 	C:\WINDOWS\System32\OLEAUT32.dll
0x00007ffb9c420000 - 0x00007ffb9c4b0000 	C:\WINDOWS\SYSTEM32\apphelp.dll
0x00007ffb9c540000 - 0x00007ffb9c5de000 	C:\WINDOWS\system32\uxtheme.dll
0x00007ffba1120000 - 0x00007ffba1235000 	C:\WINDOWS\System32\MSCTF.dll
0x00007ffb9f460000 - 0x00007ffb9f58a000 	C:\WINDOWS\System32\ole32.dll
0x00007ffb9c710000 - 0x00007ffb9c73f000 	C:\WINDOWS\system32\DWMAPI.DLL
0x00007ffb9e3a0000 - 0x00007ffb9e3b8000 	C:\WINDOWS\SYSTEM32\CRYPTSP.dll
0x00007ffb9db60000 - 0x00007ffb9db94000 	C:\WINDOWS\system32\rsaenh.dll
0x00007ffb9eec0000 - 0x00007ffb9eee7000 	C:\WINDOWS\System32\bcrypt.dll
0x00007ffb9e970000 - 0x00007ffb9e99e000 	C:\WINDOWS\SYSTEM32\USERENV.dll
0x00007ffb9e390000 - 0x00007ffb9e39c000 	C:\WINDOWS\SYSTEM32\CRYPTBASE.dll
0x00007ffb9deb0000 - 0x00007ffb9deeb000 	C:\WINDOWS\SYSTEM32\IPHLPAPI.DLL
0x00007ffba0f30000 - 0x00007ffba0f38000 	C:\WINDOWS\System32\NSI.dll
0x00007ffb972c0000 - 0x00007ffb972d7000 	C:\WINDOWS\SYSTEM32\dhcpcsvc6.DLL
0x00007ffb97b40000 - 0x00007ffb97b5d000 	C:\WINDOWS\SYSTEM32\dhcpcsvc.DLL
0x00007ffb9def0000 - 0x00007ffb9dfbc000 	C:\WINDOWS\SYSTEM32\DNSAPI.dll
0x00007ffb56580000 - 0x00007ffb566a6000 	C:\WINDOWS\system32\opengl32.dll
0x00007ffb84cb0000 - 0x00007ffb84cdc000 	C:\WINDOWS\SYSTEM32\GLU32.dll
0x00007ffb82c80000 - 0x00007ffb82e4e000 	C:\WINDOWS\system32\d3d9.dll
0x00007ffb9e630000 - 0x00007ffb9e642000 	C:\WINDOWS\SYSTEM32\msasn1.dll
0x00007ffb975b0000 - 0x00007ffb975e1000 	C:\WINDOWS\SYSTEM32\cryptnet.dll
0x00007ffb9ec10000 - 0x00007ffb9ed6f000 	C:\WINDOWS\System32\CRYPT32.dll
0x00007ffb9eab0000 - 0x00007ffb9eb10000 	C:\WINDOWS\System32\WINTRUST.DLL
0x00007ffb9f440000 - 0x00007ffb9f45d000 	C:\WINDOWS\System32\imagehlp.dll
0x00007ffb6c190000 - 0x00007ffb6c295000 	C:\WINDOWS\System32\DriverStore\FileRepository\nvami.inf_amd64_639a3c256c54d65e\nvldumdx.dll
0x00007ffb20970000 - 0x00007ffb225b7000 	C:\WINDOWS\System32\DriverStore\FileRepository\nvami.inf_amd64_639a3c256c54d65e\nvd3dumx.dll
0x00007ffb438f0000 - 0x00007ffb43bae000 	C:\WINDOWS\system32\nvspcap64.dll
0x00007ffb9d7f0000 - 0x00007ffb9d823000 	C:\WINDOWS\SYSTEM32\ntmarta.dll
0x00007ffb9d3a0000 - 0x00007ffb9d3c3000 	C:\WINDOWS\SYSTEM32\gpapi.dll
0x00007ffb7f8f0000 - 0x00007ffb7f92b000 	C:\WINDOWS\SYSTEM32\dxcore.dll
0x00007ffb9f1c0000 - 0x00007ffb9f20e000 	C:\WINDOWS\System32\cfgmgr32.dll
0x00007ffb7dff0000 - 0x00007ffb7e1cb000 	C:\WINDOWS\System32\DriverStore\FileRepository\u0362957.inf_amd64_47170f5efa6cd04e\B362672\aticfx64.dll
0x00007ffb84950000 - 0x00007ffb84983000 	C:\WINDOWS\System32\DriverStore\FileRepository\u0362957.inf_amd64_47170f5efa6cd04e\B362672\atiu9p64.dll
0x00007ffb30d90000 - 0x00007ffb31a26000 	C:\WINDOWS\System32\DriverStore\FileRepository\u0362957.inf_amd64_47170f5efa6cd04e\B362672\atiumd64.dll
0x000000005daa0000 - 0x000000005e91d000 	C:\WINDOWS\System32\DriverStore\FileRepository\u0362957.inf_amd64_47170f5efa6cd04e\B362672\atiumd6a.dll
0x00007ffb9e920000 - 0x00007ffb9e96b000 	C:\WINDOWS\SYSTEM32\POWRPROF.dll
0x00007ffb9e900000 - 0x00007ffb9e912000 	C:\WINDOWS\SYSTEM32\UMPDC.dll
0x00007ffb7c030000 - 0x00007ffb7c05f000 	C:\WINDOWS\SYSTEM32\amdihk64.dll
0x00007ffb847e0000 - 0x00007ffb84865000 	C:\Users\spiro\.p2\pool\plugins\org.eclipse.justj.openjdk.hotspot.jre.full.win32.x86_64_15.0.2.v20210201-0955\jre\bin\freetype.dll
0x00007ffb84620000 - 0x00007ffb846c9000 	C:\Users\spiro\.p2\pool\plugins\org.eclipse.justj.openjdk.hotspot.jre.full.win32.x86_64_15.0.2.v20210201-0955\jre\bin\fontmanager.dll
0x00007ffba0f40000 - 0x00007ffba0fe9000 	C:\WINDOWS\System32\clbcatq.dll
0x00007ffb83870000 - 0x00007ffb83a24000 	C:\WINDOWS\SYSTEM32\WindowsCodecs.dll
0x00007ffb7b690000 - 0x00007ffb7b6ce000 	C:\WINDOWS\system32\dataexchange.dll
0x00007ffb9aa70000 - 0x00007ffb9acd4000 	C:\WINDOWS\system32\d3d11.dll
0x00007ffb9b890000 - 0x00007ffb9ba76000 	C:\WINDOWS\system32\dcomp.dll
0x00007ffb9d3f0000 - 0x00007ffb9d4e4000 	C:\WINDOWS\system32\dxgi.dll
0x00007ffb976d0000 - 0x00007ffb978d1000 	C:\WINDOWS\system32\twinapi.appcore.dll
0x00007ffb86210000 - 0x00007ffb86309000 	C:\WINDOWS\SYSTEM32\textinputframework.dll
0x00007ffb9c1a0000 - 0x00007ffb9c292000 	C:\WINDOWS\System32\CoreMessaging.dll
0x00007ffb9be40000 - 0x00007ffb9c19e000 	C:\WINDOWS\System32\CoreUIComponents.dll
0x00007ffb9b730000 - 0x00007ffb9b884000 	C:\WINDOWS\SYSTEM32\wintypes.dll
0x00007ffb7bf80000 - 0x00007ffb7bfff000 	C:\Users\spiro\.p2\pool\plugins\org.eclipse.justj.openjdk.hotspot.jre.full.win32.x86_64_15.0.2.v20210201-0955\jre\bin\mlib_image.dll

dbghelp: loaded successfully - version: 4.0.5 - missing functions: none
symbol engine: initialized successfully - sym options: 0x614 - pdb path: .;C:\Users\spiro\.p2\pool\plugins\org.eclipse.justj.openjdk.hotspot.jre.full.win32.x86_64_15.0.2.v20210201-0955\jre\bin;C:\WINDOWS\SYSTEM32;C:\WINDOWS\WinSxS\amd64_microsoft.windows.common-controls_6595b64144ccf1df_6.0.19041.1052_none_60b8f8fd71f5e8cb;C:\Users\spiro\.p2\pool\plugins\org.eclipse.justj.openjdk.hotspot.jre.full.win32.x86_64_15.0.2.v20210201-0955\jre\bin\server;C:\WINDOWS\System32\DriverStore\FileRepository\nvami.inf_amd64_639a3c256c54d65e;C:\WINDOWS\System32\DriverStore\FileRepository\u0362957.inf_amd64_47170f5efa6cd04e\B362672

VM Arguments:
jvm_args: -Dfile.encoding=UTF-8 -XX:+ShowCodeDetailsInExceptionMessages 
java_command: test.MainClass
java_class_path (initial): C:\Users\spiro\eclipse-workspace\Assignment\bin;C:\Users\spiro\Downloads\TurtleGraphics.jar
Launcher Type: SUN_STANDARD

[Global flags]
     intx CICompilerCount                          = 12                                        {product} {ergonomic}
     uint ConcGCThreads                            = 3                                         {product} {ergonomic}
     uint G1ConcRefinementThreads                  = 13                                        {product} {ergonomic}
   size_t G1HeapRegionSize                         = 2097152                                   {product} {ergonomic}
    uintx GCDrainStackTargetSize                   = 64                                        {product} {ergonomic}
   size_t InitialHeapSize                          = 260046848                                 {product} {ergonomic}
   size_t MarkStackSize                            = 4194304                                   {product} {ergonomic}
   size_t MaxHeapSize                              = 4139778048                                {product} {ergonomic}
   size_t MaxNewSize                               = 2483027968                                {product} {ergonomic}
   size_t MinHeapDeltaBytes                        = 2097152                                   {product} {ergonomic}
   size_t MinHeapSize                              = 8388608                                   {product} {ergonomic}
    uintx NonNMethodCodeHeapSize                   = 7602480                                {pd product} {ergonomic}
    uintx NonProfiledCodeHeapSize                  = 122027880                              {pd product} {ergonomic}
    uintx ProfiledCodeHeapSize                     = 122027880                              {pd product} {ergonomic}
    uintx ReservedCodeCacheSize                    = 251658240                              {pd product} {ergonomic}
     bool SegmentedCodeCache                       = true                                      {product} {ergonomic}
     bool ShowCodeDetailsInExceptionMessages       = true                                   {manageable} {command line}
   size_t SoftMaxHeapSize                          = 4139778048                             {manageable} {ergonomic}
     bool UseCompressedClassPointers               = true                                 {lp64_product} {ergonomic}
     bool UseCompressedOops                        = true                                 {lp64_product} {ergonomic}
     bool UseG1GC                                  = true                                      {product} {ergonomic}
     bool UseLargePagesIndividualAllocation        = false                                  {pd product} {ergonomic}

Logging:
Log output configuration:
 #0: stdout all=warning uptime,level,tags
 #1: stderr all=off uptime,level,tags

Environment Variables:
PATH=C:/Users/spiro/.p2/pool/plugins/org.eclipse.justj.openjdk.hotspot.jre.full.win32.x86_64_15.0.2.v20210201-0955/jre/bin/server;C:/Users/spiro/.p2/pool/plugins/org.eclipse.justj.openjdk.hotspot.jre.full.win32.x86_64_15.0.2.v20210201-0955/jre/bin;C:\Program Files\Python38\Scripts\;C:\Program Files\Python38\;C:\Python39\Scripts\;C:\Python39\;C:\Windows\system32;C:\Windows;C:\Windows\System32\Wbem;C:\Windows\System32\WindowsPowerShell\v1.0\;C:\Windows\System32\OpenSSH\;C:\Program Files (x86)\NVIDIA Corporation\PhysX\Common;C:\Program Files\NVIDIA Corporation\NVIDIA NvDLISR;C:\Program Files\nodejs\;C:\ProgramData\chocolatey\bin;C:\Program Files\dotnet\;%SystemRoot%\system32;%SystemRoot%;%SystemRoot%\System32\Wbem;%SYSTEMROOT%\System32\WindowsPowerShell\v1.0\;%SYSTEMROOT%\System32\OpenSSH\;C:\Users\spiro\AppData\Local\Microsoft\WindowsApps;;C:\Users\spiro\AppData\Local\Programs\Microsoft VS Code\bin;C:\Users\spiro\AppData\Roaming\npm;C:\Users\spiro\.dotnet\tools;C:\Users\spiro\OneDrive\Desktop;
USERNAME=spiro
OS=Windows_NT
PROCESSOR_IDENTIFIER=AMD64 Family 23 Model 96 Stepping 1, AuthenticAMD



---------------  S Y S T E M  ---------------

OS:
 Windows 10 , 64 bit Build 19041 (10.0.19041.1023)
OS uptime: 0 days 21:02 hours

CPU: total 16 (initial active 16) (16 cores per cpu, 2 threads per core) family 23 model 96 stepping 1 microcode 0x0, cmov, cx8, fxsr, mmx, sse, sse2, sse3, ssse3, sse4.1, sse4.2, popcnt, vzeroupper, avx, avx2, aes, clmul, 3dnowpref, lzcnt, sse4a, ht, tsc, tscinvbit, tscinv, bmi1, bmi2, adx, sha, fma, clflush, clflushopt

Memory: 4k page, system-wide physical 15789M (5706M free)
TotalPageFile size 25789M (AvailPageFile size 3M)
current process WorkingSet (physical memory assigned to process): 181M, peak: 181M
current process commit charge ("private bytes"): 527M, peak: 527M

vm_info: OpenJDK 64-Bit Server VM (15.0.2+7-27) for windows-amd64 JRE (15.0.2+7-27), built on Dec  7 2020 20:02:38 by "mach5one" with unknown MS VC++:1925

END.
